2022-03-13 23:45:52,449 INFO  [main] search.SearchCollection (SearchCollection.java:285) - ============ Initializing Searcher ============
2022-03-13 23:45:52,453 INFO  [main] search.SearchCollection (SearchCollection.java:286) - Index: /home/webis/indexes/lucene-index.c4noclean
2022-03-13 23:45:54,404 INFO  [main] search.SearchCollection (SearchCollection.java:323) - Language: en
2022-03-13 23:45:54,406 INFO  [main] search.SearchCollection (SearchCollection.java:324) - Stemmer: porter
2022-03-13 23:45:54,407 INFO  [main] search.SearchCollection (SearchCollection.java:325) - Keep stopwords? false
2022-03-13 23:45:54,831 INFO  [main] search.SearchCollection (SearchCollection.java:1027) - runtag: Anserini
2022-03-13 23:45:55,218 INFO  [main] search.SearchCollection (SearchCollection.java:1033) - ============ Launching Search Threads ============
2022-03-13 23:45:55,226 INFO  [pool-2-thread-2] search.SearchCollection$SearcherThread (SearchCollection.java:191) - [Start] ranker: bm25(k1=0.9,b=0.4), reranker: sequential-relevance-feedback(Rm3KeyqueryReranker(query_length=5,candidate_terms=9,query_amount=1,originalQueryWeight=0.25);rel=1)-default
2022-03-13 23:45:55,226 INFO  [pool-2-thread-1] search.SearchCollection$SearcherThread (SearchCollection.java:191) - [Start] ranker: bm25(k1=0.9,b=0.4), reranker: sequential-relevance-feedback(Rm3KeyqueryReranker(query_length=5,candidate_terms=8,query_amount=1,originalQueryWeight=0.25);rel=1)-default
2022-03-13 23:45:55,226 INFO  [pool-2-thread-3] search.SearchCollection$SearcherThread (SearchCollection.java:191) - [Start] ranker: bm25(k1=0.9,b=0.4), reranker: sequential-relevance-feedback(Rm3KeyqueryReranker(query_length=5,candidate_terms=10,query_amount=1,originalQueryWeight=0.25);rel=1)-default
2022-03-13 23:45:55,226 INFO  [pool-2-thread-4] search.SearchCollection$SearcherThread (SearchCollection.java:191) - [Start] ranker: bm25(k1=0.9,b=0.4), reranker: sequential-relevance-feedback(Rm3KeyqueryReranker(query_length=5,candidate_terms=11,query_amount=1,originalQueryWeight=0.25);rel=1)-default
2022-03-13 23:45:55,226 INFO  [pool-2-thread-5] search.SearchCollection$SearcherThread (SearchCollection.java:191) - [Start] ranker: bm25(k1=0.9,b=0.4), reranker: sequential-relevance-feedback(Rm3KeyqueryReranker(query_length=6,candidate_terms=8,query_amount=1,originalQueryWeight=0.25);rel=1)-default
2022-03-13 23:45:55,227 INFO  [pool-2-thread-6] search.SearchCollection$SearcherThread (SearchCollection.java:191) - [Start] ranker: bm25(k1=0.9,b=0.4), reranker: sequential-relevance-feedback(Rm3KeyqueryReranker(query_length=6,candidate_terms=9,query_amount=1,originalQueryWeight=0.25);rel=1)-default
2022-03-13 23:45:55,227 INFO  [pool-2-thread-8] search.SearchCollection$SearcherThread (SearchCollection.java:191) - [Start] ranker: bm25(k1=0.9,b=0.4), reranker: sequential-relevance-feedback(Rm3KeyqueryReranker(query_length=6,candidate_terms=11,query_amount=1,originalQueryWeight=0.25);rel=1)-default
2022-03-13 23:45:55,227 INFO  [pool-2-thread-9] search.SearchCollection$SearcherThread (SearchCollection.java:191) - [Start] ranker: bm25(k1=0.9,b=0.4), reranker: sequential-relevance-feedback(Rm3KeyqueryReranker(query_length=7,candidate_terms=8,query_amount=1,originalQueryWeight=0.25);rel=1)-default
2022-03-13 23:45:55,227 INFO  [pool-2-thread-7] search.SearchCollection$SearcherThread (SearchCollection.java:191) - [Start] ranker: bm25(k1=0.9,b=0.4), reranker: sequential-relevance-feedback(Rm3KeyqueryReranker(query_length=6,candidate_terms=10,query_amount=1,originalQueryWeight=0.25);rel=1)-default
2022-03-13 23:45:55,228 INFO  [pool-2-thread-10] search.SearchCollection$SearcherThread (SearchCollection.java:191) - [Start] ranker: bm25(k1=0.9,b=0.4), reranker: sequential-relevance-feedback(Rm3KeyqueryReranker(query_length=7,candidate_terms=9,query_amount=1,originalQueryWeight=0.25);rel=1)-default
2022-03-13 23:45:55,230 INFO  [pool-2-thread-11] search.SearchCollection$SearcherThread (SearchCollection.java:191) - [Start] ranker: bm25(k1=0.9,b=0.4), reranker: sequential-relevance-feedback(Rm3KeyqueryReranker(query_length=7,candidate_terms=10,query_amount=1,originalQueryWeight=0.25);rel=1)-default
2022-03-13 23:45:55,231 INFO  [pool-2-thread-12] search.SearchCollection$SearcherThread (SearchCollection.java:191) - [Start] ranker: bm25(k1=0.9,b=0.4), reranker: sequential-relevance-feedback(Rm3KeyqueryReranker(query_length=7,candidate_terms=11,query_amount=1,originalQueryWeight=0.25);rel=1)-default
2022-03-13 23:45:55,231 INFO  [pool-2-thread-13] search.SearchCollection$SearcherThread (SearchCollection.java:191) - [Start] ranker: bm25(k1=0.9,b=0.4), reranker: sequential-relevance-feedback(Rm3KeyqueryReranker(query_length=8,candidate_terms=8,query_amount=1,originalQueryWeight=0.25);rel=1)-default
2022-03-13 23:45:55,235 INFO  [pool-2-thread-14] search.SearchCollection$SearcherThread (SearchCollection.java:191) - [Start] ranker: bm25(k1=0.9,b=0.4), reranker: sequential-relevance-feedback(Rm3KeyqueryReranker(query_length=8,candidate_terms=9,query_amount=1,originalQueryWeight=0.25);rel=1)-default
2022-03-13 23:45:55,235 INFO  [pool-2-thread-15] search.SearchCollection$SearcherThread (SearchCollection.java:191) - [Start] ranker: bm25(k1=0.9,b=0.4), reranker: sequential-relevance-feedback(Rm3KeyqueryReranker(query_length=8,candidate_terms=10,query_amount=1,originalQueryWeight=0.25);rel=1)-default
2022-03-13 23:45:55,241 INFO  [pool-2-thread-17] search.SearchCollection$SearcherThread (SearchCollection.java:191) - [Start] ranker: bm25(k1=0.9,b=0.4), reranker: sequential-relevance-feedback(Rm3KeyqueryReranker(query_length=9,candidate_terms=9,query_amount=1,originalQueryWeight=0.25);rel=1)-default
2022-03-13 23:45:55,241 INFO  [pool-2-thread-16] search.SearchCollection$SearcherThread (SearchCollection.java:191) - [Start] ranker: bm25(k1=0.9,b=0.4), reranker: sequential-relevance-feedback(Rm3KeyqueryReranker(query_length=8,candidate_terms=11,query_amount=1,originalQueryWeight=0.25);rel=1)-default
2022-03-13 23:45:55,242 INFO  [pool-2-thread-18] search.SearchCollection$SearcherThread (SearchCollection.java:191) - [Start] ranker: bm25(k1=0.9,b=0.4), reranker: sequential-relevance-feedback(Rm3KeyqueryReranker(query_length=9,candidate_terms=10,query_amount=1,originalQueryWeight=0.25);rel=1)-default
2022-03-13 23:45:55,242 INFO  [pool-2-thread-19] search.SearchCollection$SearcherThread (SearchCollection.java:191) - [Start] ranker: bm25(k1=0.9,b=0.4), reranker: sequential-relevance-feedback(Rm3KeyqueryReranker(query_length=9,candidate_terms=11,query_amount=1,originalQueryWeight=0.25);rel=1)-default
2022-03-13 23:45:55,242 INFO  [pool-2-thread-20] search.SearchCollection$SearcherThread (SearchCollection.java:191) - [Start] ranker: bm25(k1=0.9,b=0.4), reranker: sequential-relevance-feedback(Rm3KeyqueryReranker(query_length=10,candidate_terms=10,query_amount=1,originalQueryWeight=0.25);rel=1)-default
2022-03-13 23:45:55,243 INFO  [pool-2-thread-21] search.SearchCollection$SearcherThread (SearchCollection.java:191) - [Start] ranker: bm25(k1=0.9,b=0.4), reranker: sequential-relevance-feedback(Rm3KeyqueryReranker(query_length=10,candidate_terms=11,query_amount=1,originalQueryWeight=0.25);rel=1)-default
2022-03-13 23:45:55,244 INFO  [pool-2-thread-22] search.SearchCollection$SearcherThread (SearchCollection.java:191) - [Start] ranker: bm25(k1=0.9,b=0.4), reranker: sequential-relevance-feedback(Rm3KeyqueryReranker(query_length=5,candidate_terms=8,query_amount=1,originalQueryWeight=0.25);rel=2)-default
2022-03-13 23:45:55,244 INFO  [pool-2-thread-23] search.SearchCollection$SearcherThread (SearchCollection.java:191) - [Start] ranker: bm25(k1=0.9,b=0.4), reranker: sequential-relevance-feedback(Rm3KeyqueryReranker(query_length=5,candidate_terms=9,query_amount=1,originalQueryWeight=0.25);rel=2)-default
2022-03-13 23:45:55,252 INFO  [pool-2-thread-25] search.SearchCollection$SearcherThread (SearchCollection.java:191) - [Start] ranker: bm25(k1=0.9,b=0.4), reranker: sequential-relevance-feedback(Rm3KeyqueryReranker(query_length=5,candidate_terms=11,query_amount=1,originalQueryWeight=0.25);rel=2)-default
2022-03-13 23:45:55,252 INFO  [pool-2-thread-24] search.SearchCollection$SearcherThread (SearchCollection.java:191) - [Start] ranker: bm25(k1=0.9,b=0.4), reranker: sequential-relevance-feedback(Rm3KeyqueryReranker(query_length=5,candidate_terms=10,query_amount=1,originalQueryWeight=0.25);rel=2)-default
2022-03-13 23:45:55,253 INFO  [pool-2-thread-26] search.SearchCollection$SearcherThread (SearchCollection.java:191) - [Start] ranker: bm25(k1=0.9,b=0.4), reranker: sequential-relevance-feedback(Rm3KeyqueryReranker(query_length=6,candidate_terms=8,query_amount=1,originalQueryWeight=0.25);rel=2)-default
2022-03-13 23:45:55,254 INFO  [pool-2-thread-27] search.SearchCollection$SearcherThread (SearchCollection.java:191) - [Start] ranker: bm25(k1=0.9,b=0.4), reranker: sequential-relevance-feedback(Rm3KeyqueryReranker(query_length=6,candidate_terms=9,query_amount=1,originalQueryWeight=0.25);rel=2)-default
2022-03-13 23:45:55,254 INFO  [pool-2-thread-28] search.SearchCollection$SearcherThread (SearchCollection.java:191) - [Start] ranker: bm25(k1=0.9,b=0.4), reranker: sequential-relevance-feedback(Rm3KeyqueryReranker(query_length=6,candidate_terms=10,query_amount=1,originalQueryWeight=0.25);rel=2)-default
2022-03-13 23:45:55,255 INFO  [pool-2-thread-29] search.SearchCollection$SearcherThread (SearchCollection.java:191) - [Start] ranker: bm25(k1=0.9,b=0.4), reranker: sequential-relevance-feedback(Rm3KeyqueryReranker(query_length=6,candidate_terms=11,query_amount=1,originalQueryWeight=0.25);rel=2)-default
2022-03-13 23:45:55,255 INFO  [pool-2-thread-30] search.SearchCollection$SearcherThread (SearchCollection.java:191) - [Start] ranker: bm25(k1=0.9,b=0.4), reranker: sequential-relevance-feedback(Rm3KeyqueryReranker(query_length=7,candidate_terms=8,query_amount=1,originalQueryWeight=0.25);rel=2)-default
2022-03-13 23:45:55,255 INFO  [pool-2-thread-31] search.SearchCollection$SearcherThread (SearchCollection.java:191) - [Start] ranker: bm25(k1=0.9,b=0.4), reranker: sequential-relevance-feedback(Rm3KeyqueryReranker(query_length=7,candidate_terms=9,query_amount=1,originalQueryWeight=0.25);rel=2)-default
2022-03-13 23:45:55,255 INFO  [pool-2-thread-32] search.SearchCollection$SearcherThread (SearchCollection.java:191) - [Start] ranker: bm25(k1=0.9,b=0.4), reranker: sequential-relevance-feedback(Rm3KeyqueryReranker(query_length=7,candidate_terms=10,query_amount=1,originalQueryWeight=0.25);rel=2)-default
2022-03-13 23:45:55,256 INFO  [pool-2-thread-33] search.SearchCollection$SearcherThread (SearchCollection.java:191) - [Start] ranker: bm25(k1=0.9,b=0.4), reranker: sequential-relevance-feedback(Rm3KeyqueryReranker(query_length=7,candidate_terms=11,query_amount=1,originalQueryWeight=0.25);rel=2)-default
2022-03-13 23:45:55,256 INFO  [pool-2-thread-34] search.SearchCollection$SearcherThread (SearchCollection.java:191) - [Start] ranker: bm25(k1=0.9,b=0.4), reranker: sequential-relevance-feedback(Rm3KeyqueryReranker(query_length=8,candidate_terms=8,query_amount=1,originalQueryWeight=0.25);rel=2)-default
2022-03-13 23:45:55,256 INFO  [pool-2-thread-35] search.SearchCollection$SearcherThread (SearchCollection.java:191) - [Start] ranker: bm25(k1=0.9,b=0.4), reranker: sequential-relevance-feedback(Rm3KeyqueryReranker(query_length=8,candidate_terms=9,query_amount=1,originalQueryWeight=0.25);rel=2)-default
2022-03-13 23:45:55,256 INFO  [pool-2-thread-36] search.SearchCollection$SearcherThread (SearchCollection.java:191) - [Start] ranker: bm25(k1=0.9,b=0.4), reranker: sequential-relevance-feedback(Rm3KeyqueryReranker(query_length=8,candidate_terms=10,query_amount=1,originalQueryWeight=0.25);rel=2)-default
2022-03-13 23:45:55,257 INFO  [pool-2-thread-37] search.SearchCollection$SearcherThread (SearchCollection.java:191) - [Start] ranker: bm25(k1=0.9,b=0.4), reranker: sequential-relevance-feedback(Rm3KeyqueryReranker(query_length=8,candidate_terms=11,query_amount=1,originalQueryWeight=0.25);rel=2)-default
2022-03-13 23:45:55,257 INFO  [pool-2-thread-38] search.SearchCollection$SearcherThread (SearchCollection.java:191) - [Start] ranker: bm25(k1=0.9,b=0.4), reranker: sequential-relevance-feedback(Rm3KeyqueryReranker(query_length=9,candidate_terms=9,query_amount=1,originalQueryWeight=0.25);rel=2)-default
2022-03-13 23:45:55,257 INFO  [pool-2-thread-39] search.SearchCollection$SearcherThread (SearchCollection.java:191) - [Start] ranker: bm25(k1=0.9,b=0.4), reranker: sequential-relevance-feedback(Rm3KeyqueryReranker(query_length=9,candidate_terms=10,query_amount=1,originalQueryWeight=0.25);rel=2)-default
2022-03-13 23:45:55,258 INFO  [pool-2-thread-41] search.SearchCollection$SearcherThread (SearchCollection.java:191) - [Start] ranker: bm25(k1=0.9,b=0.4), reranker: sequential-relevance-feedback(Rm3KeyqueryReranker(query_length=10,candidate_terms=10,query_amount=1,originalQueryWeight=0.25);rel=2)-default
2022-03-13 23:45:55,258 INFO  [pool-2-thread-40] search.SearchCollection$SearcherThread (SearchCollection.java:191) - [Start] ranker: bm25(k1=0.9,b=0.4), reranker: sequential-relevance-feedback(Rm3KeyqueryReranker(query_length=9,candidate_terms=11,query_amount=1,originalQueryWeight=0.25);rel=2)-default
2022-03-13 23:45:55,260 INFO  [pool-2-thread-42] search.SearchCollection$SearcherThread (SearchCollection.java:191) - [Start] ranker: bm25(k1=0.9,b=0.4), reranker: sequential-relevance-feedback(Rm3KeyqueryReranker(query_length=10,candidate_terms=11,query_amount=1,originalQueryWeight=0.25);rel=2)-default
2022-03-13 23:45:55,262 INFO  [pool-2-thread-44] search.SearchCollection$SearcherThread (SearchCollection.java:191) - [Start] ranker: bm25(k1=0.9,b=0.4), reranker: sequential-relevance-feedback(Rm3KeyqueryReranker(query_length=5,candidate_terms=9,query_amount=1,originalQueryWeight=0.25);rel=3)-default
2022-03-13 23:45:55,262 INFO  [pool-2-thread-43] search.SearchCollection$SearcherThread (SearchCollection.java:191) - [Start] ranker: bm25(k1=0.9,b=0.4), reranker: sequential-relevance-feedback(Rm3KeyqueryReranker(query_length=5,candidate_terms=8,query_amount=1,originalQueryWeight=0.25);rel=3)-default
2022-03-13 23:46:03,072 ERROR [pool-2-thread-17] search.SearchCollection$SearcherThread (SearchCollection.java:272) - pool-2-thread-17: Unexpected Exception:
java.lang.NullPointerException: null
	at ciir.umass.edu.metric.DCGScorer.gain(DCGScorer.java:126) ~[ranklib-2.10.1.jar:?]
	at ciir.umass.edu.metric.NDCGScorer.getIdealDCG(NDCGScorer.java:171) ~[ranklib-2.10.1.jar:?]
	at ciir.umass.edu.metric.NDCGScorer.score(NDCGScorer.java:120) ~[ranklib-2.10.1.jar:?]
	at de.webis.keyqueries.selection.NdcgSelectionStrategy$NdcgSelectionComparator.ndcg(NdcgSelectionStrategy.java:57) ~[anserini-0.9.5-SNAPSHOT.jar:?]
	at de.webis.keyqueries.selection.CrypsorQuerySelectionStrategy.lambda$Top$0(CrypsorQuerySelectionStrategy.java:31) ~[anserini-0.9.5-SNAPSHOT.jar:?]
	at java.util.stream.ReferencePipeline$3$1.accept(ReferencePipeline.java:195) ~[?:?]
	at java.util.ArrayList$ArrayListSpliterator.forEachRemaining(ArrayList.java:1655) ~[?:?]
	at java.util.stream.AbstractPipeline.copyInto(AbstractPipeline.java:484) ~[?:?]
	at java.util.stream.AbstractPipeline.wrapAndCopyInto(AbstractPipeline.java:474) ~[?:?]
	at java.util.stream.ReduceOps$ReduceOp.evaluateSequential(ReduceOps.java:913) ~[?:?]
	at java.util.stream.AbstractPipeline.evaluate(AbstractPipeline.java:234) ~[?:?]
	at java.util.stream.ReferencePipeline.collect(ReferencePipeline.java:578) ~[?:?]
	at de.webis.keyqueries.selection.CrypsorQuerySelectionStrategy.Top(CrypsorQuerySelectionStrategy.java:31) ~[anserini-0.9.5-SNAPSHOT.jar:?]
	at de.webis.keyqueries.util.Util.selectKeyqueries(Util.java:557) ~[anserini-0.9.5-SNAPSHOT.jar:?]
	at de.webis.keyqueries.anserini.RM3KeyqueryReranker.rerank(RM3KeyqueryReranker.java:51) ~[anserini-0.9.5-SNAPSHOT.jar:?]
	at de.webis.keyqueries.anserini.RelevanceFeedbackReranker.rerank(RelevanceFeedbackReranker.java:36) ~[anserini-0.9.5-SNAPSHOT.jar:?]
	at io.anserini.rerank.RerankerCascade.run(RerankerCascade.java:64) ~[anserini-0.9.5-SNAPSHOT.jar:?]
	at io.anserini.search.SearchCollection.search(SearchCollection.java:1109) ~[anserini-0.9.5-SNAPSHOT.jar:?]
	at io.anserini.search.SearchCollection$SearcherThread.run(SearchCollection.java:223) [anserini-0.9.5-SNAPSHOT.jar:?]
	at java.util.concurrent.ThreadPoolExecutor.runWorker(ThreadPoolExecutor.java:1128) [?:?]
	at java.util.concurrent.ThreadPoolExecutor$Worker.run(ThreadPoolExecutor.java:628) [?:?]
	at java.lang.Thread.run(Thread.java:829) [?:?]
2022-03-13 23:46:03,362 INFO  [pool-2-thread-17] search.SearchCollection$SearcherThread (SearchCollection.java:191) - [Start] ranker: bm25(k1=0.9,b=0.4), reranker: sequential-relevance-feedback(Rm3KeyqueryReranker(query_length=5,candidate_terms=10,query_amount=1,originalQueryWeight=0.25);rel=3)-default
2022-03-13 23:48:36,046 INFO  [pool-2-thread-13] search.SearchCollection$SearcherThread (SearchCollection.java:268) - [End  ] ranker: bm25(k1=0.9,b=0.4), reranker: sequential-relevance-feedback(Rm3KeyqueryReranker(query_length=8,candidate_terms=8,query_amount=1,originalQueryWeight=0.25);rel=1)-default
2022-03-13 23:48:36,191 INFO  [pool-2-thread-13] search.SearchCollection$SearcherThread (SearchCollection.java:269) - 50 topics processed in 00:02:40
2022-03-13 23:48:36,192 INFO  [pool-2-thread-13] search.SearchCollection$SearcherThread (SearchCollection.java:191) - [Start] ranker: bm25(k1=0.9,b=0.4), reranker: sequential-relevance-feedback(Rm3KeyqueryReranker(query_length=5,candidate_terms=11,query_amount=1,originalQueryWeight=0.25);rel=3)-default
2022-03-13 23:48:55,142 INFO  [pool-2-thread-20] search.SearchCollection$SearcherThread (SearchCollection.java:268) - [End  ] ranker: bm25(k1=0.9,b=0.4), reranker: sequential-relevance-feedback(Rm3KeyqueryReranker(query_length=10,candidate_terms=10,query_amount=1,originalQueryWeight=0.25);rel=1)-default
2022-03-13 23:48:55,143 INFO  [pool-2-thread-20] search.SearchCollection$SearcherThread (SearchCollection.java:269) - 50 topics processed in 00:02:59
2022-03-13 23:48:55,144 INFO  [pool-2-thread-20] search.SearchCollection$SearcherThread (SearchCollection.java:191) - [Start] ranker: bm25(k1=0.9,b=0.4), reranker: sequential-relevance-feedback(Rm3KeyqueryReranker(query_length=6,candidate_terms=8,query_amount=1,originalQueryWeight=0.25);rel=3)-default
2022-03-13 23:49:50,135 INFO  [pool-2-thread-34] search.SearchCollection$SearcherThread (SearchCollection.java:268) - [End  ] ranker: bm25(k1=0.9,b=0.4), reranker: sequential-relevance-feedback(Rm3KeyqueryReranker(query_length=8,candidate_terms=8,query_amount=1,originalQueryWeight=0.25);rel=2)-default
2022-03-13 23:49:50,153 INFO  [pool-2-thread-34] search.SearchCollection$SearcherThread (SearchCollection.java:269) - 50 topics processed in 00:03:54
2022-03-13 23:49:50,154 INFO  [pool-2-thread-34] search.SearchCollection$SearcherThread (SearchCollection.java:191) - [Start] ranker: bm25(k1=0.9,b=0.4), reranker: sequential-relevance-feedback(Rm3KeyqueryReranker(query_length=6,candidate_terms=9,query_amount=1,originalQueryWeight=0.25);rel=3)-default
2022-03-13 23:50:03,981 INFO  [pool-2-thread-38] search.SearchCollection$SearcherThread (SearchCollection.java:268) - [End  ] ranker: bm25(k1=0.9,b=0.4), reranker: sequential-relevance-feedback(Rm3KeyqueryReranker(query_length=9,candidate_terms=9,query_amount=1,originalQueryWeight=0.25);rel=2)-default
2022-03-13 23:50:03,985 INFO  [pool-2-thread-38] search.SearchCollection$SearcherThread (SearchCollection.java:269) - 50 topics processed in 00:04:08
2022-03-13 23:50:03,997 INFO  [pool-2-thread-38] search.SearchCollection$SearcherThread (SearchCollection.java:191) - [Start] ranker: bm25(k1=0.9,b=0.4), reranker: sequential-relevance-feedback(Rm3KeyqueryReranker(query_length=6,candidate_terms=10,query_amount=1,originalQueryWeight=0.25);rel=3)-default
2022-03-13 23:50:12,676 INFO  [pool-2-thread-41] search.SearchCollection$SearcherThread (SearchCollection.java:268) - [End  ] ranker: bm25(k1=0.9,b=0.4), reranker: sequential-relevance-feedback(Rm3KeyqueryReranker(query_length=10,candidate_terms=10,query_amount=1,originalQueryWeight=0.25);rel=2)-default
2022-03-13 23:50:12,677 INFO  [pool-2-thread-41] search.SearchCollection$SearcherThread (SearchCollection.java:269) - 50 topics processed in 00:04:17
2022-03-13 23:50:12,678 INFO  [pool-2-thread-41] search.SearchCollection$SearcherThread (SearchCollection.java:191) - [Start] ranker: bm25(k1=0.9,b=0.4), reranker: sequential-relevance-feedback(Rm3KeyqueryReranker(query_length=6,candidate_terms=11,query_amount=1,originalQueryWeight=0.25);rel=3)-default
2022-03-13 23:54:27,631 INFO  [pool-2-thread-9] search.SearchCollection$SearcherThread (SearchCollection.java:268) - [End  ] ranker: bm25(k1=0.9,b=0.4), reranker: sequential-relevance-feedback(Rm3KeyqueryReranker(query_length=7,candidate_terms=8,query_amount=1,originalQueryWeight=0.25);rel=1)-default
2022-03-13 23:54:27,664 INFO  [pool-2-thread-9] search.SearchCollection$SearcherThread (SearchCollection.java:269) - 50 topics processed in 00:08:32
2022-03-13 23:54:27,665 INFO  [pool-2-thread-9] search.SearchCollection$SearcherThread (SearchCollection.java:191) - [Start] ranker: bm25(k1=0.9,b=0.4), reranker: sequential-relevance-feedback(Rm3KeyqueryReranker(query_length=7,candidate_terms=8,query_amount=1,originalQueryWeight=0.25);rel=3)-default
2022-03-13 23:55:27,541 INFO  [pool-2-thread-14] search.SearchCollection$SearcherThread (SearchCollection.java:268) - [End  ] ranker: bm25(k1=0.9,b=0.4), reranker: sequential-relevance-feedback(Rm3KeyqueryReranker(query_length=8,candidate_terms=9,query_amount=1,originalQueryWeight=0.25);rel=1)-default
2022-03-13 23:55:27,542 INFO  [pool-2-thread-14] search.SearchCollection$SearcherThread (SearchCollection.java:269) - 50 topics processed in 00:09:32
2022-03-13 23:55:27,542 INFO  [pool-2-thread-14] search.SearchCollection$SearcherThread (SearchCollection.java:191) - [Start] ranker: bm25(k1=0.9,b=0.4), reranker: sequential-relevance-feedback(Rm3KeyqueryReranker(query_length=7,candidate_terms=9,query_amount=1,originalQueryWeight=0.25);rel=3)-default
2022-03-13 23:57:01,420 INFO  [pool-2-thread-18] search.SearchCollection$SearcherThread (SearchCollection.java:268) - [End  ] ranker: bm25(k1=0.9,b=0.4), reranker: sequential-relevance-feedback(Rm3KeyqueryReranker(query_length=9,candidate_terms=10,query_amount=1,originalQueryWeight=0.25);rel=1)-default
2022-03-13 23:57:01,422 INFO  [pool-2-thread-18] search.SearchCollection$SearcherThread (SearchCollection.java:269) - 50 topics processed in 00:11:06
2022-03-13 23:57:01,423 INFO  [pool-2-thread-18] search.SearchCollection$SearcherThread (SearchCollection.java:191) - [Start] ranker: bm25(k1=0.9,b=0.4), reranker: sequential-relevance-feedback(Rm3KeyqueryReranker(query_length=7,candidate_terms=10,query_amount=1,originalQueryWeight=0.25);rel=3)-default
2022-03-13 23:58:17,808 INFO  [pool-2-thread-21] search.SearchCollection$SearcherThread (SearchCollection.java:268) - [End  ] ranker: bm25(k1=0.9,b=0.4), reranker: sequential-relevance-feedback(Rm3KeyqueryReranker(query_length=10,candidate_terms=11,query_amount=1,originalQueryWeight=0.25);rel=1)-default
2022-03-13 23:58:17,809 INFO  [pool-2-thread-21] search.SearchCollection$SearcherThread (SearchCollection.java:269) - 50 topics processed in 00:12:22
2022-03-13 23:58:17,809 INFO  [pool-2-thread-21] search.SearchCollection$SearcherThread (SearchCollection.java:191) - [Start] ranker: bm25(k1=0.9,b=0.4), reranker: sequential-relevance-feedback(Rm3KeyqueryReranker(query_length=7,candidate_terms=11,query_amount=1,originalQueryWeight=0.25);rel=3)-default
2022-03-14 00:00:45,414 INFO  [pool-2-thread-30] search.SearchCollection$SearcherThread (SearchCollection.java:268) - [End  ] ranker: bm25(k1=0.9,b=0.4), reranker: sequential-relevance-feedback(Rm3KeyqueryReranker(query_length=7,candidate_terms=8,query_amount=1,originalQueryWeight=0.25);rel=2)-default
2022-03-14 00:00:45,442 INFO  [pool-2-thread-30] search.SearchCollection$SearcherThread (SearchCollection.java:269) - 50 topics processed in 00:14:50
2022-03-14 00:00:45,443 INFO  [pool-2-thread-30] search.SearchCollection$SearcherThread (SearchCollection.java:191) - [Start] ranker: bm25(k1=0.9,b=0.4), reranker: sequential-relevance-feedback(Rm3KeyqueryReranker(query_length=8,candidate_terms=8,query_amount=1,originalQueryWeight=0.25);rel=3)-default
2022-03-14 00:02:09,186 INFO  [pool-2-thread-35] search.SearchCollection$SearcherThread (SearchCollection.java:268) - [End  ] ranker: bm25(k1=0.9,b=0.4), reranker: sequential-relevance-feedback(Rm3KeyqueryReranker(query_length=8,candidate_terms=9,query_amount=1,originalQueryWeight=0.25);rel=2)-default
2022-03-14 00:02:09,196 INFO  [pool-2-thread-35] search.SearchCollection$SearcherThread (SearchCollection.java:269) - 50 topics processed in 00:16:13
2022-03-14 00:02:09,196 INFO  [pool-2-thread-35] search.SearchCollection$SearcherThread (SearchCollection.java:191) - [Start] ranker: bm25(k1=0.9,b=0.4), reranker: sequential-relevance-feedback(Rm3KeyqueryReranker(query_length=8,candidate_terms=9,query_amount=1,originalQueryWeight=0.25);rel=3)-default
2022-03-14 00:04:11,541 INFO  [pool-2-thread-39] search.SearchCollection$SearcherThread (SearchCollection.java:268) - [End  ] ranker: bm25(k1=0.9,b=0.4), reranker: sequential-relevance-feedback(Rm3KeyqueryReranker(query_length=9,candidate_terms=10,query_amount=1,originalQueryWeight=0.25);rel=2)-default
2022-03-14 00:04:11,544 INFO  [pool-2-thread-39] search.SearchCollection$SearcherThread (SearchCollection.java:269) - 50 topics processed in 00:18:16
2022-03-14 00:04:11,560 INFO  [pool-2-thread-39] search.SearchCollection$SearcherThread (SearchCollection.java:191) - [Start] ranker: bm25(k1=0.9,b=0.4), reranker: sequential-relevance-feedback(Rm3KeyqueryReranker(query_length=8,candidate_terms=10,query_amount=1,originalQueryWeight=0.25);rel=3)-default
2022-03-14 00:05:22,060 INFO  [pool-2-thread-30] search.SearchCollection$SearcherThread (SearchCollection.java:268) - [End  ] ranker: bm25(k1=0.9,b=0.4), reranker: sequential-relevance-feedback(Rm3KeyqueryReranker(query_length=8,candidate_terms=8,query_amount=1,originalQueryWeight=0.25);rel=3)-default
2022-03-14 00:05:22,061 INFO  [pool-2-thread-30] search.SearchCollection$SearcherThread (SearchCollection.java:269) - 50 topics processed in 00:04:36
2022-03-14 00:05:22,062 INFO  [pool-2-thread-30] search.SearchCollection$SearcherThread (SearchCollection.java:191) - [Start] ranker: bm25(k1=0.9,b=0.4), reranker: sequential-relevance-feedback(Rm3KeyqueryReranker(query_length=8,candidate_terms=11,query_amount=1,originalQueryWeight=0.25);rel=3)-default
2022-03-14 00:06:49,021 INFO  [pool-2-thread-42] search.SearchCollection$SearcherThread (SearchCollection.java:268) - [End  ] ranker: bm25(k1=0.9,b=0.4), reranker: sequential-relevance-feedback(Rm3KeyqueryReranker(query_length=10,candidate_terms=11,query_amount=1,originalQueryWeight=0.25);rel=2)-default
2022-03-14 00:06:49,032 INFO  [pool-2-thread-42] search.SearchCollection$SearcherThread (SearchCollection.java:269) - 50 topics processed in 00:20:53
2022-03-14 00:06:49,033 INFO  [pool-2-thread-42] search.SearchCollection$SearcherThread (SearchCollection.java:191) - [Start] ranker: bm25(k1=0.9,b=0.4), reranker: sequential-relevance-feedback(Rm3KeyqueryReranker(query_length=9,candidate_terms=9,query_amount=1,originalQueryWeight=0.25);rel=3)-default
2022-03-14 00:10:06,944 INFO  [pool-2-thread-5] search.SearchCollection$SearcherThread (SearchCollection.java:268) - [End  ] ranker: bm25(k1=0.9,b=0.4), reranker: sequential-relevance-feedback(Rm3KeyqueryReranker(query_length=6,candidate_terms=8,query_amount=1,originalQueryWeight=0.25);rel=1)-default
2022-03-14 00:10:06,946 INFO  [pool-2-thread-5] search.SearchCollection$SearcherThread (SearchCollection.java:269) - 50 topics processed in 00:24:11
2022-03-14 00:10:06,946 INFO  [pool-2-thread-5] search.SearchCollection$SearcherThread (SearchCollection.java:191) - [Start] ranker: bm25(k1=0.9,b=0.4), reranker: sequential-relevance-feedback(Rm3KeyqueryReranker(query_length=9,candidate_terms=10,query_amount=1,originalQueryWeight=0.25);rel=3)-default
2022-03-14 00:11:28,512 INFO  [pool-2-thread-42] search.SearchCollection$SearcherThread (SearchCollection.java:268) - [End  ] ranker: bm25(k1=0.9,b=0.4), reranker: sequential-relevance-feedback(Rm3KeyqueryReranker(query_length=9,candidate_terms=9,query_amount=1,originalQueryWeight=0.25);rel=3)-default
2022-03-14 00:11:28,528 INFO  [pool-2-thread-42] search.SearchCollection$SearcherThread (SearchCollection.java:269) - 50 topics processed in 00:04:39
2022-03-14 00:11:28,532 INFO  [pool-2-thread-42] search.SearchCollection$SearcherThread (SearchCollection.java:191) - [Start] ranker: bm25(k1=0.9,b=0.4), reranker: sequential-relevance-feedback(Rm3KeyqueryReranker(query_length=9,candidate_terms=11,query_amount=1,originalQueryWeight=0.25);rel=3)-default
2022-03-14 00:14:20,138 INFO  [pool-2-thread-9] search.SearchCollection$SearcherThread (SearchCollection.java:268) - [End  ] ranker: bm25(k1=0.9,b=0.4), reranker: sequential-relevance-feedback(Rm3KeyqueryReranker(query_length=7,candidate_terms=8,query_amount=1,originalQueryWeight=0.25);rel=3)-default
2022-03-14 00:14:20,164 INFO  [pool-2-thread-9] search.SearchCollection$SearcherThread (SearchCollection.java:269) - 50 topics processed in 00:19:52
2022-03-14 00:14:20,165 INFO  [pool-2-thread-9] search.SearchCollection$SearcherThread (SearchCollection.java:191) - [Start] ranker: bm25(k1=0.9,b=0.4), reranker: sequential-relevance-feedback(Rm3KeyqueryReranker(query_length=10,candidate_terms=10,query_amount=1,originalQueryWeight=0.25);rel=3)-default
2022-03-14 00:18:40,777 INFO  [pool-2-thread-10] search.SearchCollection$SearcherThread (SearchCollection.java:268) - [End  ] ranker: bm25(k1=0.9,b=0.4), reranker: sequential-relevance-feedback(Rm3KeyqueryReranker(query_length=7,candidate_terms=9,query_amount=1,originalQueryWeight=0.25);rel=1)-default
2022-03-14 00:18:40,784 INFO  [pool-2-thread-10] search.SearchCollection$SearcherThread (SearchCollection.java:269) - 50 topics processed in 00:32:45
2022-03-14 00:18:40,786 INFO  [pool-2-thread-10] search.SearchCollection$SearcherThread (SearchCollection.java:191) - [Start] ranker: bm25(k1=0.9,b=0.4), reranker: sequential-relevance-feedback(Rm3KeyqueryReranker(query_length=10,candidate_terms=11,query_amount=1,originalQueryWeight=0.25);rel=3)-default
2022-03-14 00:19:15,249 INFO  [pool-2-thread-9] search.SearchCollection$SearcherThread (SearchCollection.java:268) - [End  ] ranker: bm25(k1=0.9,b=0.4), reranker: sequential-relevance-feedback(Rm3KeyqueryReranker(query_length=10,candidate_terms=10,query_amount=1,originalQueryWeight=0.25);rel=3)-default
2022-03-14 00:19:15,256 INFO  [pool-2-thread-9] search.SearchCollection$SearcherThread (SearchCollection.java:269) - 50 topics processed in 00:04:55
2022-03-14 00:19:15,257 INFO  [pool-2-thread-9] search.SearchCollection$SearcherThread (SearchCollection.java:191) - [Start] ranker: bm25(k1=0.9,b=0.4), reranker: sequential-relevance-feedback(Rm3KeyqueryReranker(query_length=5,candidate_terms=8,query_amount=1,originalQueryWeight=0.25);rel=4)-default
2022-03-14 00:23:37,100 INFO  [pool-2-thread-35] search.SearchCollection$SearcherThread (SearchCollection.java:268) - [End  ] ranker: bm25(k1=0.9,b=0.4), reranker: sequential-relevance-feedback(Rm3KeyqueryReranker(query_length=8,candidate_terms=9,query_amount=1,originalQueryWeight=0.25);rel=3)-default
2022-03-14 00:23:37,102 INFO  [pool-2-thread-35] search.SearchCollection$SearcherThread (SearchCollection.java:269) - 50 topics processed in 00:21:27
2022-03-14 00:23:37,102 INFO  [pool-2-thread-35] search.SearchCollection$SearcherThread (SearchCollection.java:191) - [Start] ranker: bm25(k1=0.9,b=0.4), reranker: sequential-relevance-feedback(Rm3KeyqueryReranker(query_length=5,candidate_terms=9,query_amount=1,originalQueryWeight=0.25);rel=4)-default
2022-03-14 00:27:21,681 INFO  [pool-2-thread-15] search.SearchCollection$SearcherThread (SearchCollection.java:268) - [End  ] ranker: bm25(k1=0.9,b=0.4), reranker: sequential-relevance-feedback(Rm3KeyqueryReranker(query_length=8,candidate_terms=10,query_amount=1,originalQueryWeight=0.25);rel=1)-default
2022-03-14 00:27:21,683 INFO  [pool-2-thread-15] search.SearchCollection$SearcherThread (SearchCollection.java:269) - 50 topics processed in 00:41:26
2022-03-14 00:27:21,684 INFO  [pool-2-thread-15] search.SearchCollection$SearcherThread (SearchCollection.java:191) - [Start] ranker: bm25(k1=0.9,b=0.4), reranker: sequential-relevance-feedback(Rm3KeyqueryReranker(query_length=5,candidate_terms=10,query_amount=1,originalQueryWeight=0.25);rel=4)-default
2022-03-14 00:30:02,266 INFO  [pool-2-thread-26] search.SearchCollection$SearcherThread (SearchCollection.java:268) - [End  ] ranker: bm25(k1=0.9,b=0.4), reranker: sequential-relevance-feedback(Rm3KeyqueryReranker(query_length=6,candidate_terms=8,query_amount=1,originalQueryWeight=0.25);rel=2)-default
2022-03-14 00:30:02,268 INFO  [pool-2-thread-26] search.SearchCollection$SearcherThread (SearchCollection.java:269) - 50 topics processed in 00:44:07
2022-03-14 00:30:02,269 INFO  [pool-2-thread-26] search.SearchCollection$SearcherThread (SearchCollection.java:191) - [Start] ranker: bm25(k1=0.9,b=0.4), reranker: sequential-relevance-feedback(Rm3KeyqueryReranker(query_length=5,candidate_terms=11,query_amount=1,originalQueryWeight=0.25);rel=4)-default
2022-03-14 00:31:16,497 INFO  [pool-2-thread-1] search.SearchCollection$SearcherThread (SearchCollection.java:268) - [End  ] ranker: bm25(k1=0.9,b=0.4), reranker: sequential-relevance-feedback(Rm3KeyqueryReranker(query_length=5,candidate_terms=8,query_amount=1,originalQueryWeight=0.25);rel=1)-default
2022-03-14 00:31:16,513 INFO  [pool-2-thread-1] search.SearchCollection$SearcherThread (SearchCollection.java:269) - 50 topics processed in 00:45:21
2022-03-14 00:31:16,514 INFO  [pool-2-thread-1] search.SearchCollection$SearcherThread (SearchCollection.java:191) - [Start] ranker: bm25(k1=0.9,b=0.4), reranker: sequential-relevance-feedback(Rm3KeyqueryReranker(query_length=6,candidate_terms=8,query_amount=1,originalQueryWeight=0.25);rel=4)-default
2022-03-14 00:35:23,885 INFO  [pool-2-thread-5] search.SearchCollection$SearcherThread (SearchCollection.java:268) - [End  ] ranker: bm25(k1=0.9,b=0.4), reranker: sequential-relevance-feedback(Rm3KeyqueryReranker(query_length=9,candidate_terms=10,query_amount=1,originalQueryWeight=0.25);rel=3)-default
2022-03-14 00:35:23,887 INFO  [pool-2-thread-5] search.SearchCollection$SearcherThread (SearchCollection.java:269) - 50 topics processed in 00:25:16
2022-03-14 00:35:23,887 INFO  [pool-2-thread-5] search.SearchCollection$SearcherThread (SearchCollection.java:191) - [Start] ranker: bm25(k1=0.9,b=0.4), reranker: sequential-relevance-feedback(Rm3KeyqueryReranker(query_length=6,candidate_terms=9,query_amount=1,originalQueryWeight=0.25);rel=4)-default
2022-03-14 00:39:02,987 INFO  [pool-2-thread-19] search.SearchCollection$SearcherThread (SearchCollection.java:268) - [End  ] ranker: bm25(k1=0.9,b=0.4), reranker: sequential-relevance-feedback(Rm3KeyqueryReranker(query_length=9,candidate_terms=11,query_amount=1,originalQueryWeight=0.25);rel=1)-default
2022-03-14 00:39:02,997 INFO  [pool-2-thread-19] search.SearchCollection$SearcherThread (SearchCollection.java:269) - 50 topics processed in 00:53:07
2022-03-14 00:39:02,998 INFO  [pool-2-thread-19] search.SearchCollection$SearcherThread (SearchCollection.java:191) - [Start] ranker: bm25(k1=0.9,b=0.4), reranker: sequential-relevance-feedback(Rm3KeyqueryReranker(query_length=6,candidate_terms=10,query_amount=1,originalQueryWeight=0.25);rel=4)-default
2022-03-14 00:44:42,074 INFO  [pool-2-thread-31] search.SearchCollection$SearcherThread (SearchCollection.java:268) - [End  ] ranker: bm25(k1=0.9,b=0.4), reranker: sequential-relevance-feedback(Rm3KeyqueryReranker(query_length=7,candidate_terms=9,query_amount=1,originalQueryWeight=0.25);rel=2)-default
2022-03-14 00:44:42,079 INFO  [pool-2-thread-31] search.SearchCollection$SearcherThread (SearchCollection.java:269) - 50 topics processed in 00:58:46
2022-03-14 00:44:42,117 INFO  [pool-2-thread-31] search.SearchCollection$SearcherThread (SearchCollection.java:191) - [Start] ranker: bm25(k1=0.9,b=0.4), reranker: sequential-relevance-feedback(Rm3KeyqueryReranker(query_length=6,candidate_terms=11,query_amount=1,originalQueryWeight=0.25);rel=4)-default
2022-03-14 00:47:00,751 INFO  [pool-2-thread-10] search.SearchCollection$SearcherThread (SearchCollection.java:268) - [End  ] ranker: bm25(k1=0.9,b=0.4), reranker: sequential-relevance-feedback(Rm3KeyqueryReranker(query_length=10,candidate_terms=11,query_amount=1,originalQueryWeight=0.25);rel=3)-default
2022-03-14 00:47:00,753 INFO  [pool-2-thread-10] search.SearchCollection$SearcherThread (SearchCollection.java:269) - 50 topics processed in 00:28:19
2022-03-14 00:47:00,753 INFO  [pool-2-thread-10] search.SearchCollection$SearcherThread (SearchCollection.java:191) - [Start] ranker: bm25(k1=0.9,b=0.4), reranker: sequential-relevance-feedback(Rm3KeyqueryReranker(query_length=7,candidate_terms=8,query_amount=1,originalQueryWeight=0.25);rel=4)-default
2022-03-14 00:52:24,832 INFO  [pool-2-thread-20] search.SearchCollection$SearcherThread (SearchCollection.java:268) - [End  ] ranker: bm25(k1=0.9,b=0.4), reranker: sequential-relevance-feedback(Rm3KeyqueryReranker(query_length=6,candidate_terms=8,query_amount=1,originalQueryWeight=0.25);rel=3)-default
2022-03-14 00:52:24,847 INFO  [pool-2-thread-20] search.SearchCollection$SearcherThread (SearchCollection.java:269) - 50 topics processed in 01:03:29
2022-03-14 00:52:24,848 INFO  [pool-2-thread-20] search.SearchCollection$SearcherThread (SearchCollection.java:191) - [Start] ranker: bm25(k1=0.9,b=0.4), reranker: sequential-relevance-feedback(Rm3KeyqueryReranker(query_length=7,candidate_terms=9,query_amount=1,originalQueryWeight=0.25);rel=4)-default
2022-03-14 00:55:47,838 INFO  [pool-2-thread-6] search.SearchCollection$SearcherThread (SearchCollection.java:268) - [End  ] ranker: bm25(k1=0.9,b=0.4), reranker: sequential-relevance-feedback(Rm3KeyqueryReranker(query_length=6,candidate_terms=9,query_amount=1,originalQueryWeight=0.25);rel=1)-default
2022-03-14 00:55:47,860 INFO  [pool-2-thread-6] search.SearchCollection$SearcherThread (SearchCollection.java:269) - 50 topics processed in 01:09:52
2022-03-14 00:55:47,861 INFO  [pool-2-thread-6] search.SearchCollection$SearcherThread (SearchCollection.java:191) - [Start] ranker: bm25(k1=0.9,b=0.4), reranker: sequential-relevance-feedback(Rm3KeyqueryReranker(query_length=7,candidate_terms=10,query_amount=1,originalQueryWeight=0.25);rel=4)-default
2022-03-14 00:59:15,949 INFO  [pool-2-thread-36] search.SearchCollection$SearcherThread (SearchCollection.java:268) - [End  ] ranker: bm25(k1=0.9,b=0.4), reranker: sequential-relevance-feedback(Rm3KeyqueryReranker(query_length=8,candidate_terms=10,query_amount=1,originalQueryWeight=0.25);rel=2)-default
2022-03-14 00:59:15,951 INFO  [pool-2-thread-36] search.SearchCollection$SearcherThread (SearchCollection.java:269) - 50 topics processed in 01:13:20
2022-03-14 00:59:15,952 INFO  [pool-2-thread-36] search.SearchCollection$SearcherThread (SearchCollection.java:191) - [Start] ranker: bm25(k1=0.9,b=0.4), reranker: sequential-relevance-feedback(Rm3KeyqueryReranker(query_length=7,candidate_terms=11,query_amount=1,originalQueryWeight=0.25);rel=4)-default
2022-03-14 01:12:48,670 INFO  [pool-2-thread-22] search.SearchCollection$SearcherThread (SearchCollection.java:268) - [End  ] ranker: bm25(k1=0.9,b=0.4), reranker: sequential-relevance-feedback(Rm3KeyqueryReranker(query_length=5,candidate_terms=8,query_amount=1,originalQueryWeight=0.25);rel=2)-default
2022-03-14 01:12:48,673 INFO  [pool-2-thread-22] search.SearchCollection$SearcherThread (SearchCollection.java:269) - 50 topics processed in 01:26:53
2022-03-14 01:12:48,674 INFO  [pool-2-thread-22] search.SearchCollection$SearcherThread (SearchCollection.java:191) - [Start] ranker: bm25(k1=0.9,b=0.4), reranker: sequential-relevance-feedback(Rm3KeyqueryReranker(query_length=8,candidate_terms=8,query_amount=1,originalQueryWeight=0.25);rel=4)-default
2022-03-14 01:13:45,746 INFO  [pool-2-thread-10] search.SearchCollection$SearcherThread (SearchCollection.java:268) - [End  ] ranker: bm25(k1=0.9,b=0.4), reranker: sequential-relevance-feedback(Rm3KeyqueryReranker(query_length=7,candidate_terms=8,query_amount=1,originalQueryWeight=0.25);rel=4)-default
2022-03-14 01:13:45,747 INFO  [pool-2-thread-10] search.SearchCollection$SearcherThread (SearchCollection.java:269) - 50 topics processed in 00:26:44
2022-03-14 01:13:45,747 INFO  [pool-2-thread-10] search.SearchCollection$SearcherThread (SearchCollection.java:191) - [Start] ranker: bm25(k1=0.9,b=0.4), reranker: sequential-relevance-feedback(Rm3KeyqueryReranker(query_length=8,candidate_terms=9,query_amount=1,originalQueryWeight=0.25);rel=4)-default
2022-03-14 01:17:13,170 INFO  [pool-2-thread-40] search.SearchCollection$SearcherThread (SearchCollection.java:268) - [End  ] ranker: bm25(k1=0.9,b=0.4), reranker: sequential-relevance-feedback(Rm3KeyqueryReranker(query_length=9,candidate_terms=11,query_amount=1,originalQueryWeight=0.25);rel=2)-default
2022-03-14 01:17:13,172 INFO  [pool-2-thread-40] search.SearchCollection$SearcherThread (SearchCollection.java:269) - 50 topics processed in 01:31:17
2022-03-14 01:17:13,172 INFO  [pool-2-thread-40] search.SearchCollection$SearcherThread (SearchCollection.java:191) - [Start] ranker: bm25(k1=0.9,b=0.4), reranker: sequential-relevance-feedback(Rm3KeyqueryReranker(query_length=8,candidate_terms=10,query_amount=1,originalQueryWeight=0.25);rel=4)-default
2022-03-14 01:18:49,600 INFO  [pool-2-thread-22] search.SearchCollection$SearcherThread (SearchCollection.java:268) - [End  ] ranker: bm25(k1=0.9,b=0.4), reranker: sequential-relevance-feedback(Rm3KeyqueryReranker(query_length=8,candidate_terms=8,query_amount=1,originalQueryWeight=0.25);rel=4)-default
2022-03-14 01:18:49,612 INFO  [pool-2-thread-22] search.SearchCollection$SearcherThread (SearchCollection.java:269) - 50 topics processed in 00:06:00
2022-03-14 01:18:49,625 INFO  [pool-2-thread-22] search.SearchCollection$SearcherThread (SearchCollection.java:191) - [Start] ranker: bm25(k1=0.9,b=0.4), reranker: sequential-relevance-feedback(Rm3KeyqueryReranker(query_length=8,candidate_terms=11,query_amount=1,originalQueryWeight=0.25);rel=4)-default
2022-03-14 01:19:04,341 INFO  [pool-2-thread-14] search.SearchCollection$SearcherThread (SearchCollection.java:268) - [End  ] ranker: bm25(k1=0.9,b=0.4), reranker: sequential-relevance-feedback(Rm3KeyqueryReranker(query_length=7,candidate_terms=9,query_amount=1,originalQueryWeight=0.25);rel=3)-default
2022-03-14 01:19:04,357 INFO  [pool-2-thread-14] search.SearchCollection$SearcherThread (SearchCollection.java:269) - 50 topics processed in 01:23:36
2022-03-14 01:19:04,358 INFO  [pool-2-thread-14] search.SearchCollection$SearcherThread (SearchCollection.java:191) - [Start] ranker: bm25(k1=0.9,b=0.4), reranker: sequential-relevance-feedback(Rm3KeyqueryReranker(query_length=9,candidate_terms=9,query_amount=1,originalQueryWeight=0.25);rel=4)-default
2022-03-14 01:26:15,600 INFO  [pool-2-thread-14] search.SearchCollection$SearcherThread (SearchCollection.java:268) - [End  ] ranker: bm25(k1=0.9,b=0.4), reranker: sequential-relevance-feedback(Rm3KeyqueryReranker(query_length=9,candidate_terms=9,query_amount=1,originalQueryWeight=0.25);rel=4)-default
2022-03-14 01:26:15,616 INFO  [pool-2-thread-14] search.SearchCollection$SearcherThread (SearchCollection.java:269) - 50 topics processed in 00:07:11
2022-03-14 01:26:15,618 INFO  [pool-2-thread-14] search.SearchCollection$SearcherThread (SearchCollection.java:191) - [Start] ranker: bm25(k1=0.9,b=0.4), reranker: sequential-relevance-feedback(Rm3KeyqueryReranker(query_length=9,candidate_terms=10,query_amount=1,originalQueryWeight=0.25);rel=4)-default
2022-03-14 01:30:10,157 INFO  [pool-2-thread-2] search.SearchCollection$SearcherThread (SearchCollection.java:268) - [End  ] ranker: bm25(k1=0.9,b=0.4), reranker: sequential-relevance-feedback(Rm3KeyqueryReranker(query_length=5,candidate_terms=9,query_amount=1,originalQueryWeight=0.25);rel=1)-default
2022-03-14 01:30:10,159 INFO  [pool-2-thread-2] search.SearchCollection$SearcherThread (SearchCollection.java:269) - 50 topics processed in 01:44:14
2022-03-14 01:30:10,159 INFO  [pool-2-thread-2] search.SearchCollection$SearcherThread (SearchCollection.java:191) - [Start] ranker: bm25(k1=0.9,b=0.4), reranker: sequential-relevance-feedback(Rm3KeyqueryReranker(query_length=9,candidate_terms=11,query_amount=1,originalQueryWeight=0.25);rel=4)-default
2022-03-14 01:32:00,930 INFO  [pool-2-thread-11] search.SearchCollection$SearcherThread (SearchCollection.java:268) - [End  ] ranker: bm25(k1=0.9,b=0.4), reranker: sequential-relevance-feedback(Rm3KeyqueryReranker(query_length=7,candidate_terms=10,query_amount=1,originalQueryWeight=0.25);rel=1)-default
2022-03-14 01:32:00,932 INFO  [pool-2-thread-11] search.SearchCollection$SearcherThread (SearchCollection.java:269) - 50 topics processed in 01:46:05
2022-03-14 01:32:00,932 INFO  [pool-2-thread-11] search.SearchCollection$SearcherThread (SearchCollection.java:191) - [Start] ranker: bm25(k1=0.9,b=0.4), reranker: sequential-relevance-feedback(Rm3KeyqueryReranker(query_length=10,candidate_terms=10,query_amount=1,originalQueryWeight=0.25);rel=4)-default
2022-03-14 01:38:35,918 INFO  [pool-2-thread-11] search.SearchCollection$SearcherThread (SearchCollection.java:268) - [End  ] ranker: bm25(k1=0.9,b=0.4), reranker: sequential-relevance-feedback(Rm3KeyqueryReranker(query_length=10,candidate_terms=10,query_amount=1,originalQueryWeight=0.25);rel=4)-default
2022-03-14 01:38:35,929 INFO  [pool-2-thread-11] search.SearchCollection$SearcherThread (SearchCollection.java:269) - 50 topics processed in 00:06:34
2022-03-14 01:38:35,937 INFO  [pool-2-thread-11] search.SearchCollection$SearcherThread (SearchCollection.java:191) - [Start] ranker: bm25(k1=0.9,b=0.4), reranker: sequential-relevance-feedback(Rm3KeyqueryReranker(query_length=10,candidate_terms=11,query_amount=1,originalQueryWeight=0.25);rel=4)-default
2022-03-14 01:43:48,545 INFO  [pool-2-thread-10] search.SearchCollection$SearcherThread (SearchCollection.java:268) - [End  ] ranker: bm25(k1=0.9,b=0.4), reranker: sequential-relevance-feedback(Rm3KeyqueryReranker(query_length=8,candidate_terms=9,query_amount=1,originalQueryWeight=0.25);rel=4)-default
2022-03-14 01:43:48,550 INFO  [pool-2-thread-10] search.SearchCollection$SearcherThread (SearchCollection.java:269) - 50 topics processed in 00:30:02
2022-03-14 01:43:48,551 INFO  [pool-2-thread-10] search.SearchCollection$SearcherThread (SearchCollection.java:191) - [Start] ranker: bm25(k1=0.9,b=0.4), reranker: sequential-relevance-feedback(Rm3KeyqueryReranker(query_length=5,candidate_terms=8,query_amount=1,originalQueryWeight=0.25);rel=5)-default
2022-03-14 01:49:33,034 INFO  [pool-2-thread-39] search.SearchCollection$SearcherThread (SearchCollection.java:268) - [End  ] ranker: bm25(k1=0.9,b=0.4), reranker: sequential-relevance-feedback(Rm3KeyqueryReranker(query_length=8,candidate_terms=10,query_amount=1,originalQueryWeight=0.25);rel=3)-default
2022-03-14 01:49:33,035 INFO  [pool-2-thread-39] search.SearchCollection$SearcherThread (SearchCollection.java:269) - 50 topics processed in 01:45:21
2022-03-14 01:49:33,052 INFO  [pool-2-thread-39] search.SearchCollection$SearcherThread (SearchCollection.java:191) - [Start] ranker: bm25(k1=0.9,b=0.4), reranker: sequential-relevance-feedback(Rm3KeyqueryReranker(query_length=5,candidate_terms=9,query_amount=1,originalQueryWeight=0.25);rel=5)-default
2022-03-14 01:51:52,962 INFO  [pool-2-thread-43] search.SearchCollection$SearcherThread (SearchCollection.java:268) - [End  ] ranker: bm25(k1=0.9,b=0.4), reranker: sequential-relevance-feedback(Rm3KeyqueryReranker(query_length=5,candidate_terms=8,query_amount=1,originalQueryWeight=0.25);rel=3)-default
2022-03-14 01:51:52,964 INFO  [pool-2-thread-43] search.SearchCollection$SearcherThread (SearchCollection.java:269) - 50 topics processed in 02:05:57
2022-03-14 01:51:52,964 INFO  [pool-2-thread-43] search.SearchCollection$SearcherThread (SearchCollection.java:191) - [Start] ranker: bm25(k1=0.9,b=0.4), reranker: sequential-relevance-feedback(Rm3KeyqueryReranker(query_length=5,candidate_terms=10,query_amount=1,originalQueryWeight=0.25);rel=5)-default
2022-03-14 01:57:26,911 INFO  [pool-2-thread-27] search.SearchCollection$SearcherThread (SearchCollection.java:268) - [End  ] ranker: bm25(k1=0.9,b=0.4), reranker: sequential-relevance-feedback(Rm3KeyqueryReranker(query_length=6,candidate_terms=9,query_amount=1,originalQueryWeight=0.25);rel=2)-default
2022-03-14 01:57:26,914 INFO  [pool-2-thread-27] search.SearchCollection$SearcherThread (SearchCollection.java:269) - 50 topics processed in 02:11:31
2022-03-14 01:57:26,914 INFO  [pool-2-thread-27] search.SearchCollection$SearcherThread (SearchCollection.java:191) - [Start] ranker: bm25(k1=0.9,b=0.4), reranker: sequential-relevance-feedback(Rm3KeyqueryReranker(query_length=5,candidate_terms=11,query_amount=1,originalQueryWeight=0.25);rel=5)-default
2022-03-14 01:58:58,789 INFO  [pool-2-thread-1] search.SearchCollection$SearcherThread (SearchCollection.java:268) - [End  ] ranker: bm25(k1=0.9,b=0.4), reranker: sequential-relevance-feedback(Rm3KeyqueryReranker(query_length=6,candidate_terms=8,query_amount=1,originalQueryWeight=0.25);rel=4)-default
2022-03-14 01:58:58,790 INFO  [pool-2-thread-1] search.SearchCollection$SearcherThread (SearchCollection.java:269) - 50 topics processed in 01:27:42
2022-03-14 01:58:58,791 INFO  [pool-2-thread-1] search.SearchCollection$SearcherThread (SearchCollection.java:191) - [Start] ranker: bm25(k1=0.9,b=0.4), reranker: sequential-relevance-feedback(Rm3KeyqueryReranker(query_length=6,candidate_terms=8,query_amount=1,originalQueryWeight=0.25);rel=5)-default
2022-03-14 02:00:09,631 INFO  [pool-2-thread-14] search.SearchCollection$SearcherThread (SearchCollection.java:268) - [End  ] ranker: bm25(k1=0.9,b=0.4), reranker: sequential-relevance-feedback(Rm3KeyqueryReranker(query_length=9,candidate_terms=10,query_amount=1,originalQueryWeight=0.25);rel=4)-default
2022-03-14 02:00:09,640 INFO  [pool-2-thread-14] search.SearchCollection$SearcherThread (SearchCollection.java:269) - 50 topics processed in 00:33:54
2022-03-14 02:00:09,641 INFO  [pool-2-thread-14] search.SearchCollection$SearcherThread (SearchCollection.java:191) - [Start] ranker: bm25(k1=0.9,b=0.4), reranker: sequential-relevance-feedback(Rm3KeyqueryReranker(query_length=6,candidate_terms=9,query_amount=1,originalQueryWeight=0.25);rel=5)-default
2022-03-14 02:16:53,489 INFO  [pool-2-thread-11] search.SearchCollection$SearcherThread (SearchCollection.java:268) - [End  ] ranker: bm25(k1=0.9,b=0.4), reranker: sequential-relevance-feedback(Rm3KeyqueryReranker(query_length=10,candidate_terms=11,query_amount=1,originalQueryWeight=0.25);rel=4)-default
2022-03-14 02:16:53,490 INFO  [pool-2-thread-11] search.SearchCollection$SearcherThread (SearchCollection.java:269) - 50 topics processed in 00:38:17
2022-03-14 02:16:53,490 INFO  [pool-2-thread-11] search.SearchCollection$SearcherThread (SearchCollection.java:191) - [Start] ranker: bm25(k1=0.9,b=0.4), reranker: sequential-relevance-feedback(Rm3KeyqueryReranker(query_length=6,candidate_terms=10,query_amount=1,originalQueryWeight=0.25);rel=5)-default
2022-03-14 02:19:38,058 INFO  [pool-2-thread-16] search.SearchCollection$SearcherThread (SearchCollection.java:268) - [End  ] ranker: bm25(k1=0.9,b=0.4), reranker: sequential-relevance-feedback(Rm3KeyqueryReranker(query_length=8,candidate_terms=11,query_amount=1,originalQueryWeight=0.25);rel=1)-default
2022-03-14 02:19:38,061 INFO  [pool-2-thread-16] search.SearchCollection$SearcherThread (SearchCollection.java:269) - 50 topics processed in 02:33:42
2022-03-14 02:19:38,062 INFO  [pool-2-thread-16] search.SearchCollection$SearcherThread (SearchCollection.java:191) - [Start] ranker: bm25(k1=0.9,b=0.4), reranker: sequential-relevance-feedback(Rm3KeyqueryReranker(query_length=6,candidate_terms=11,query_amount=1,originalQueryWeight=0.25);rel=5)-default
2022-03-14 02:22:59,534 INFO  [pool-2-thread-42] search.SearchCollection$SearcherThread (SearchCollection.java:268) - [End  ] ranker: bm25(k1=0.9,b=0.4), reranker: sequential-relevance-feedback(Rm3KeyqueryReranker(query_length=9,candidate_terms=11,query_amount=1,originalQueryWeight=0.25);rel=3)-default
2022-03-14 02:22:59,536 INFO  [pool-2-thread-42] search.SearchCollection$SearcherThread (SearchCollection.java:269) - 50 topics processed in 02:11:30
2022-03-14 02:22:59,537 INFO  [pool-2-thread-42] search.SearchCollection$SearcherThread (SearchCollection.java:191) - [Start] ranker: bm25(k1=0.9,b=0.4), reranker: sequential-relevance-feedback(Rm3KeyqueryReranker(query_length=7,candidate_terms=8,query_amount=1,originalQueryWeight=0.25);rel=5)-default
2022-03-14 02:45:43,560 INFO  [pool-2-thread-20] search.SearchCollection$SearcherThread (SearchCollection.java:268) - [End  ] ranker: bm25(k1=0.9,b=0.4), reranker: sequential-relevance-feedback(Rm3KeyqueryReranker(query_length=7,candidate_terms=9,query_amount=1,originalQueryWeight=0.25);rel=4)-default
2022-03-14 02:45:43,562 INFO  [pool-2-thread-20] search.SearchCollection$SearcherThread (SearchCollection.java:269) - 50 topics processed in 01:53:18
2022-03-14 02:45:43,562 INFO  [pool-2-thread-20] search.SearchCollection$SearcherThread (SearchCollection.java:191) - [Start] ranker: bm25(k1=0.9,b=0.4), reranker: sequential-relevance-feedback(Rm3KeyqueryReranker(query_length=7,candidate_terms=9,query_amount=1,originalQueryWeight=0.25);rel=5)-default
2022-03-14 02:47:13,718 INFO  [pool-2-thread-7] search.SearchCollection$SearcherThread (SearchCollection.java:268) - [End  ] ranker: bm25(k1=0.9,b=0.4), reranker: sequential-relevance-feedback(Rm3KeyqueryReranker(query_length=6,candidate_terms=10,query_amount=1,originalQueryWeight=0.25);rel=1)-default
2022-03-14 02:47:13,729 INFO  [pool-2-thread-7] search.SearchCollection$SearcherThread (SearchCollection.java:269) - 50 topics processed in 03:01:18
2022-03-14 02:47:13,730 INFO  [pool-2-thread-7] search.SearchCollection$SearcherThread (SearchCollection.java:191) - [Start] ranker: bm25(k1=0.9,b=0.4), reranker: sequential-relevance-feedback(Rm3KeyqueryReranker(query_length=7,candidate_terms=10,query_amount=1,originalQueryWeight=0.25);rel=5)-default
2022-03-14 02:57:22,748 INFO  [pool-2-thread-42] search.SearchCollection$SearcherThread (SearchCollection.java:268) - [End  ] ranker: bm25(k1=0.9,b=0.4), reranker: sequential-relevance-feedback(Rm3KeyqueryReranker(query_length=7,candidate_terms=8,query_amount=1,originalQueryWeight=0.25);rel=5)-default
2022-03-14 02:57:22,750 INFO  [pool-2-thread-42] search.SearchCollection$SearcherThread (SearchCollection.java:269) - 50 topics processed in 00:34:23
2022-03-14 02:57:22,751 INFO  [pool-2-thread-42] search.SearchCollection$SearcherThread (SearchCollection.java:191) - [Start] ranker: bm25(k1=0.9,b=0.4), reranker: sequential-relevance-feedback(Rm3KeyqueryReranker(query_length=7,candidate_terms=11,query_amount=1,originalQueryWeight=0.25);rel=5)-default
2022-03-14 03:00:07,968 INFO  [pool-2-thread-32] search.SearchCollection$SearcherThread (SearchCollection.java:268) - [End  ] ranker: bm25(k1=0.9,b=0.4), reranker: sequential-relevance-feedback(Rm3KeyqueryReranker(query_length=7,candidate_terms=10,query_amount=1,originalQueryWeight=0.25);rel=2)-default
2022-03-14 03:00:07,971 INFO  [pool-2-thread-32] search.SearchCollection$SearcherThread (SearchCollection.java:269) - 50 topics processed in 03:14:12
2022-03-14 03:00:07,971 INFO  [pool-2-thread-32] search.SearchCollection$SearcherThread (SearchCollection.java:191) - [Start] ranker: bm25(k1=0.9,b=0.4), reranker: sequential-relevance-feedback(Rm3KeyqueryReranker(query_length=8,candidate_terms=8,query_amount=1,originalQueryWeight=0.25);rel=5)-default
2022-03-14 03:03:25,268 INFO  [pool-2-thread-23] search.SearchCollection$SearcherThread (SearchCollection.java:268) - [End  ] ranker: bm25(k1=0.9,b=0.4), reranker: sequential-relevance-feedback(Rm3KeyqueryReranker(query_length=5,candidate_terms=9,query_amount=1,originalQueryWeight=0.25);rel=2)-default
2022-03-14 03:03:25,275 INFO  [pool-2-thread-23] search.SearchCollection$SearcherThread (SearchCollection.java:269) - 50 topics processed in 03:17:30
2022-03-14 03:03:25,276 INFO  [pool-2-thread-23] search.SearchCollection$SearcherThread (SearchCollection.java:191) - [Start] ranker: bm25(k1=0.9,b=0.4), reranker: sequential-relevance-feedback(Rm3KeyqueryReranker(query_length=8,candidate_terms=9,query_amount=1,originalQueryWeight=0.25);rel=5)-default
2022-03-14 03:05:05,238 INFO  [pool-2-thread-34] search.SearchCollection$SearcherThread (SearchCollection.java:268) - [End  ] ranker: bm25(k1=0.9,b=0.4), reranker: sequential-relevance-feedback(Rm3KeyqueryReranker(query_length=6,candidate_terms=9,query_amount=1,originalQueryWeight=0.25);rel=3)-default
2022-03-14 03:05:05,267 INFO  [pool-2-thread-34] search.SearchCollection$SearcherThread (SearchCollection.java:269) - 50 topics processed in 03:15:15
2022-03-14 03:05:05,268 INFO  [pool-2-thread-34] search.SearchCollection$SearcherThread (SearchCollection.java:191) - [Start] ranker: bm25(k1=0.9,b=0.4), reranker: sequential-relevance-feedback(Rm3KeyqueryReranker(query_length=8,candidate_terms=10,query_amount=1,originalQueryWeight=0.25);rel=5)-default
2022-03-14 03:08:00,469 INFO  [pool-2-thread-32] search.SearchCollection$SearcherThread (SearchCollection.java:268) - [End  ] ranker: bm25(k1=0.9,b=0.4), reranker: sequential-relevance-feedback(Rm3KeyqueryReranker(query_length=8,candidate_terms=8,query_amount=1,originalQueryWeight=0.25);rel=5)-default
2022-03-14 03:08:00,483 INFO  [pool-2-thread-32] search.SearchCollection$SearcherThread (SearchCollection.java:269) - 50 topics processed in 00:07:52
2022-03-14 03:08:00,484 INFO  [pool-2-thread-32] search.SearchCollection$SearcherThread (SearchCollection.java:191) - [Start] ranker: bm25(k1=0.9,b=0.4), reranker: sequential-relevance-feedback(Rm3KeyqueryReranker(query_length=8,candidate_terms=11,query_amount=1,originalQueryWeight=0.25);rel=5)-default
2022-03-14 03:10:24,135 INFO  [pool-2-thread-9] search.SearchCollection$SearcherThread (SearchCollection.java:268) - [End  ] ranker: bm25(k1=0.9,b=0.4), reranker: sequential-relevance-feedback(Rm3KeyqueryReranker(query_length=5,candidate_terms=8,query_amount=1,originalQueryWeight=0.25);rel=4)-default
2022-03-14 03:10:24,137 INFO  [pool-2-thread-9] search.SearchCollection$SearcherThread (SearchCollection.java:269) - 50 topics processed in 02:51:08
2022-03-14 03:10:24,137 INFO  [pool-2-thread-9] search.SearchCollection$SearcherThread (SearchCollection.java:191) - [Start] ranker: bm25(k1=0.9,b=0.4), reranker: sequential-relevance-feedback(Rm3KeyqueryReranker(query_length=9,candidate_terms=9,query_amount=1,originalQueryWeight=0.25);rel=5)-default
2022-03-14 03:18:56,513 INFO  [pool-2-thread-9] search.SearchCollection$SearcherThread (SearchCollection.java:268) - [End  ] ranker: bm25(k1=0.9,b=0.4), reranker: sequential-relevance-feedback(Rm3KeyqueryReranker(query_length=9,candidate_terms=9,query_amount=1,originalQueryWeight=0.25);rel=5)-default
2022-03-14 03:18:56,528 INFO  [pool-2-thread-9] search.SearchCollection$SearcherThread (SearchCollection.java:269) - 50 topics processed in 00:08:32
2022-03-14 03:18:56,544 INFO  [pool-2-thread-9] search.SearchCollection$SearcherThread (SearchCollection.java:191) - [Start] ranker: bm25(k1=0.9,b=0.4), reranker: sequential-relevance-feedback(Rm3KeyqueryReranker(query_length=9,candidate_terms=10,query_amount=1,originalQueryWeight=0.25);rel=5)-default
2022-03-14 03:20:47,117 INFO  [pool-2-thread-3] search.SearchCollection$SearcherThread (SearchCollection.java:268) - [End  ] ranker: bm25(k1=0.9,b=0.4), reranker: sequential-relevance-feedback(Rm3KeyqueryReranker(query_length=5,candidate_terms=10,query_amount=1,originalQueryWeight=0.25);rel=1)-default
2022-03-14 03:20:47,148 INFO  [pool-2-thread-3] search.SearchCollection$SearcherThread (SearchCollection.java:269) - 50 topics processed in 03:34:51
2022-03-14 03:20:47,149 INFO  [pool-2-thread-3] search.SearchCollection$SearcherThread (SearchCollection.java:191) - [Start] ranker: bm25(k1=0.9,b=0.4), reranker: sequential-relevance-feedback(Rm3KeyqueryReranker(query_length=9,candidate_terms=11,query_amount=1,originalQueryWeight=0.25);rel=5)-default
2022-03-14 03:42:50,960 INFO  [pool-2-thread-23] search.SearchCollection$SearcherThread (SearchCollection.java:268) - [End  ] ranker: bm25(k1=0.9,b=0.4), reranker: sequential-relevance-feedback(Rm3KeyqueryReranker(query_length=8,candidate_terms=9,query_amount=1,originalQueryWeight=0.25);rel=5)-default
2022-03-14 03:42:50,962 INFO  [pool-2-thread-23] search.SearchCollection$SearcherThread (SearchCollection.java:269) - 50 topics processed in 00:39:25
2022-03-14 03:42:50,962 INFO  [pool-2-thread-23] search.SearchCollection$SearcherThread (SearchCollection.java:191) - [Start] ranker: bm25(k1=0.9,b=0.4), reranker: sequential-relevance-feedback(Rm3KeyqueryReranker(query_length=10,candidate_terms=10,query_amount=1,originalQueryWeight=0.25);rel=5)-default
2022-03-14 03:42:53,031 INFO  [pool-2-thread-40] search.SearchCollection$SearcherThread (SearchCollection.java:268) - [End  ] ranker: bm25(k1=0.9,b=0.4), reranker: sequential-relevance-feedback(Rm3KeyqueryReranker(query_length=8,candidate_terms=10,query_amount=1,originalQueryWeight=0.25);rel=4)-default
2022-03-14 03:42:53,032 INFO  [pool-2-thread-40] search.SearchCollection$SearcherThread (SearchCollection.java:269) - 50 topics processed in 02:25:39
2022-03-14 03:42:53,032 INFO  [pool-2-thread-40] search.SearchCollection$SearcherThread (SearchCollection.java:191) - [Start] ranker: bm25(k1=0.9,b=0.4), reranker: sequential-relevance-feedback(Rm3KeyqueryReranker(query_length=10,candidate_terms=11,query_amount=1,originalQueryWeight=0.25);rel=5)-default
2022-03-14 03:50:31,895 INFO  [pool-2-thread-23] search.SearchCollection$SearcherThread (SearchCollection.java:268) - [End  ] ranker: bm25(k1=0.9,b=0.4), reranker: sequential-relevance-feedback(Rm3KeyqueryReranker(query_length=10,candidate_terms=10,query_amount=1,originalQueryWeight=0.25);rel=5)-default
2022-03-14 03:50:31,897 INFO  [pool-2-thread-23] search.SearchCollection$SearcherThread (SearchCollection.java:269) - 50 topics processed in 00:07:40
2022-03-14 03:51:05,894 INFO  [pool-2-thread-1] search.SearchCollection$SearcherThread (SearchCollection.java:268) - [End  ] ranker: bm25(k1=0.9,b=0.4), reranker: sequential-relevance-feedback(Rm3KeyqueryReranker(query_length=6,candidate_terms=8,query_amount=1,originalQueryWeight=0.25);rel=5)-default
2022-03-14 03:51:05,895 INFO  [pool-2-thread-1] search.SearchCollection$SearcherThread (SearchCollection.java:269) - 50 topics processed in 01:52:07
2022-03-14 04:00:23,275 INFO  [pool-2-thread-9] search.SearchCollection$SearcherThread (SearchCollection.java:268) - [End  ] ranker: bm25(k1=0.9,b=0.4), reranker: sequential-relevance-feedback(Rm3KeyqueryReranker(query_length=9,candidate_terms=10,query_amount=1,originalQueryWeight=0.25);rel=5)-default
2022-03-14 04:00:23,284 INFO  [pool-2-thread-9] search.SearchCollection$SearcherThread (SearchCollection.java:269) - 50 topics processed in 00:41:26
2022-03-14 04:18:26,774 INFO  [pool-2-thread-37] search.SearchCollection$SearcherThread (SearchCollection.java:268) - [End  ] ranker: bm25(k1=0.9,b=0.4), reranker: sequential-relevance-feedback(Rm3KeyqueryReranker(query_length=8,candidate_terms=11,query_amount=1,originalQueryWeight=0.25);rel=2)-default
2022-03-14 04:18:26,780 INFO  [pool-2-thread-37] search.SearchCollection$SearcherThread (SearchCollection.java:269) - 50 topics processed in 04:32:31
2022-03-14 04:23:41,965 INFO  [pool-2-thread-2] search.SearchCollection$SearcherThread (SearchCollection.java:268) - [End  ] ranker: bm25(k1=0.9,b=0.4), reranker: sequential-relevance-feedback(Rm3KeyqueryReranker(query_length=9,candidate_terms=11,query_amount=1,originalQueryWeight=0.25);rel=4)-default
2022-03-14 04:23:42,000 INFO  [pool-2-thread-2] search.SearchCollection$SearcherThread (SearchCollection.java:269) - 50 topics processed in 02:53:31
2022-03-14 04:27:10,334 INFO  [pool-2-thread-40] search.SearchCollection$SearcherThread (SearchCollection.java:268) - [End  ] ranker: bm25(k1=0.9,b=0.4), reranker: sequential-relevance-feedback(Rm3KeyqueryReranker(query_length=10,candidate_terms=11,query_amount=1,originalQueryWeight=0.25);rel=5)-default
2022-03-14 04:27:10,348 INFO  [pool-2-thread-40] search.SearchCollection$SearcherThread (SearchCollection.java:269) - 50 topics processed in 00:44:17
2022-03-14 04:31:08,414 INFO  [pool-2-thread-44] search.SearchCollection$SearcherThread (SearchCollection.java:268) - [End  ] ranker: bm25(k1=0.9,b=0.4), reranker: sequential-relevance-feedback(Rm3KeyqueryReranker(query_length=5,candidate_terms=9,query_amount=1,originalQueryWeight=0.25);rel=3)-default
2022-03-14 04:31:08,417 INFO  [pool-2-thread-44] search.SearchCollection$SearcherThread (SearchCollection.java:269) - 50 topics processed in 04:45:13
2022-03-14 04:33:58,597 INFO  [pool-2-thread-18] search.SearchCollection$SearcherThread (SearchCollection.java:268) - [End  ] ranker: bm25(k1=0.9,b=0.4), reranker: sequential-relevance-feedback(Rm3KeyqueryReranker(query_length=7,candidate_terms=10,query_amount=1,originalQueryWeight=0.25);rel=3)-default
2022-03-14 04:33:58,600 INFO  [pool-2-thread-18] search.SearchCollection$SearcherThread (SearchCollection.java:269) - 50 topics processed in 04:36:57
2022-03-14 04:41:05,289 INFO  [pool-2-thread-12] search.SearchCollection$SearcherThread (SearchCollection.java:268) - [End  ] ranker: bm25(k1=0.9,b=0.4), reranker: sequential-relevance-feedback(Rm3KeyqueryReranker(query_length=7,candidate_terms=11,query_amount=1,originalQueryWeight=0.25);rel=1)-default
2022-03-14 04:41:05,293 INFO  [pool-2-thread-12] search.SearchCollection$SearcherThread (SearchCollection.java:269) - 50 topics processed in 04:55:10
2022-03-14 04:47:56,155 INFO  [pool-2-thread-5] search.SearchCollection$SearcherThread (SearchCollection.java:268) - [End  ] ranker: bm25(k1=0.9,b=0.4), reranker: sequential-relevance-feedback(Rm3KeyqueryReranker(query_length=6,candidate_terms=9,query_amount=1,originalQueryWeight=0.25);rel=4)-default
2022-03-14 04:47:56,159 INFO  [pool-2-thread-5] search.SearchCollection$SearcherThread (SearchCollection.java:269) - 50 topics processed in 04:12:32
2022-03-14 04:54:54,627 INFO  [pool-2-thread-20] search.SearchCollection$SearcherThread (SearchCollection.java:268) - [End  ] ranker: bm25(k1=0.9,b=0.4), reranker: sequential-relevance-feedback(Rm3KeyqueryReranker(query_length=7,candidate_terms=9,query_amount=1,originalQueryWeight=0.25);rel=5)-default
2022-03-14 04:54:54,629 INFO  [pool-2-thread-20] search.SearchCollection$SearcherThread (SearchCollection.java:269) - 50 topics processed in 02:09:11
2022-03-14 05:07:00,316 INFO  [pool-2-thread-10] search.SearchCollection$SearcherThread (SearchCollection.java:268) - [End  ] ranker: bm25(k1=0.9,b=0.4), reranker: sequential-relevance-feedback(Rm3KeyqueryReranker(query_length=5,candidate_terms=8,query_amount=1,originalQueryWeight=0.25);rel=5)-default
2022-03-14 05:07:00,318 INFO  [pool-2-thread-10] search.SearchCollection$SearcherThread (SearchCollection.java:269) - 50 topics processed in 03:23:11
2022-03-14 05:10:24,016 INFO  [pool-2-thread-28] search.SearchCollection$SearcherThread (SearchCollection.java:268) - [End  ] ranker: bm25(k1=0.9,b=0.4), reranker: sequential-relevance-feedback(Rm3KeyqueryReranker(query_length=6,candidate_terms=10,query_amount=1,originalQueryWeight=0.25);rel=2)-default
2022-03-14 05:10:24,032 INFO  [pool-2-thread-28] search.SearchCollection$SearcherThread (SearchCollection.java:269) - 50 topics processed in 05:24:28
2022-03-14 05:35:41,181 INFO  [pool-2-thread-34] search.SearchCollection$SearcherThread (SearchCollection.java:268) - [End  ] ranker: bm25(k1=0.9,b=0.4), reranker: sequential-relevance-feedback(Rm3KeyqueryReranker(query_length=8,candidate_terms=10,query_amount=1,originalQueryWeight=0.25);rel=5)-default
2022-03-14 05:35:41,183 INFO  [pool-2-thread-34] search.SearchCollection$SearcherThread (SearchCollection.java:269) - 50 topics processed in 02:30:35
2022-03-14 05:50:18,599 INFO  [pool-2-thread-4] search.SearchCollection$SearcherThread (SearchCollection.java:268) - [End  ] ranker: bm25(k1=0.9,b=0.4), reranker: sequential-relevance-feedback(Rm3KeyqueryReranker(query_length=5,candidate_terms=11,query_amount=1,originalQueryWeight=0.25);rel=1)-default
2022-03-14 05:50:18,601 INFO  [pool-2-thread-4] search.SearchCollection$SearcherThread (SearchCollection.java:269) - 50 topics processed in 06:04:23
2022-03-14 05:56:53,598 INFO  [pool-2-thread-24] search.SearchCollection$SearcherThread (SearchCollection.java:268) - [End  ] ranker: bm25(k1=0.9,b=0.4), reranker: sequential-relevance-feedback(Rm3KeyqueryReranker(query_length=5,candidate_terms=10,query_amount=1,originalQueryWeight=0.25);rel=2)-default
2022-03-14 05:56:53,601 INFO  [pool-2-thread-24] search.SearchCollection$SearcherThread (SearchCollection.java:269) - 50 topics processed in 06:10:58
2022-03-14 05:59:09,272 INFO  [pool-2-thread-8] search.SearchCollection$SearcherThread (SearchCollection.java:268) - [End  ] ranker: bm25(k1=0.9,b=0.4), reranker: sequential-relevance-feedback(Rm3KeyqueryReranker(query_length=6,candidate_terms=11,query_amount=1,originalQueryWeight=0.25);rel=1)-default
2022-03-14 05:59:09,274 INFO  [pool-2-thread-8] search.SearchCollection$SearcherThread (SearchCollection.java:269) - 50 topics processed in 06:13:14
2022-03-14 06:03:29,463 INFO  [pool-2-thread-30] search.SearchCollection$SearcherThread (SearchCollection.java:268) - [End  ] ranker: bm25(k1=0.9,b=0.4), reranker: sequential-relevance-feedback(Rm3KeyqueryReranker(query_length=8,candidate_terms=11,query_amount=1,originalQueryWeight=0.25);rel=3)-default
2022-03-14 06:03:29,464 INFO  [pool-2-thread-30] search.SearchCollection$SearcherThread (SearchCollection.java:269) - 50 topics processed in 05:58:07
2022-03-14 06:06:16,404 INFO  [pool-2-thread-35] search.SearchCollection$SearcherThread (SearchCollection.java:268) - [End  ] ranker: bm25(k1=0.9,b=0.4), reranker: sequential-relevance-feedback(Rm3KeyqueryReranker(query_length=5,candidate_terms=9,query_amount=1,originalQueryWeight=0.25);rel=4)-default
2022-03-14 06:06:16,406 INFO  [pool-2-thread-35] search.SearchCollection$SearcherThread (SearchCollection.java:269) - 50 topics processed in 05:42:39
2022-03-14 06:13:20,898 INFO  [pool-2-thread-3] search.SearchCollection$SearcherThread (SearchCollection.java:268) - [End  ] ranker: bm25(k1=0.9,b=0.4), reranker: sequential-relevance-feedback(Rm3KeyqueryReranker(query_length=9,candidate_terms=11,query_amount=1,originalQueryWeight=0.25);rel=5)-default
2022-03-14 06:13:20,901 INFO  [pool-2-thread-3] search.SearchCollection$SearcherThread (SearchCollection.java:269) - 50 topics processed in 02:52:33
2022-03-14 06:20:44,701 INFO  [pool-2-thread-6] search.SearchCollection$SearcherThread (SearchCollection.java:268) - [End  ] ranker: bm25(k1=0.9,b=0.4), reranker: sequential-relevance-feedback(Rm3KeyqueryReranker(query_length=7,candidate_terms=10,query_amount=1,originalQueryWeight=0.25);rel=4)-default
2022-03-14 06:20:44,702 INFO  [pool-2-thread-6] search.SearchCollection$SearcherThread (SearchCollection.java:269) - 50 topics processed in 05:24:56
2022-03-14 06:26:34,061 INFO  [pool-2-thread-14] search.SearchCollection$SearcherThread (SearchCollection.java:268) - [End  ] ranker: bm25(k1=0.9,b=0.4), reranker: sequential-relevance-feedback(Rm3KeyqueryReranker(query_length=6,candidate_terms=9,query_amount=1,originalQueryWeight=0.25);rel=5)-default
2022-03-14 06:26:34,062 INFO  [pool-2-thread-14] search.SearchCollection$SearcherThread (SearchCollection.java:269) - 50 topics processed in 04:26:24
2022-03-14 06:46:28,196 INFO  [pool-2-thread-38] search.SearchCollection$SearcherThread (SearchCollection.java:268) - [End  ] ranker: bm25(k1=0.9,b=0.4), reranker: sequential-relevance-feedback(Rm3KeyqueryReranker(query_length=6,candidate_terms=10,query_amount=1,originalQueryWeight=0.25);rel=3)-default
2022-03-14 06:46:28,199 INFO  [pool-2-thread-38] search.SearchCollection$SearcherThread (SearchCollection.java:269) - 50 topics processed in 06:56:24
2022-03-14 07:14:22,644 INFO  [pool-2-thread-33] search.SearchCollection$SearcherThread (SearchCollection.java:268) - [End  ] ranker: bm25(k1=0.9,b=0.4), reranker: sequential-relevance-feedback(Rm3KeyqueryReranker(query_length=7,candidate_terms=11,query_amount=1,originalQueryWeight=0.25);rel=2)-default
2022-03-14 07:14:22,648 INFO  [pool-2-thread-33] search.SearchCollection$SearcherThread (SearchCollection.java:269) - 50 topics processed in 07:28:27
2022-03-14 07:27:27,138 INFO  [pool-2-thread-17] search.SearchCollection$SearcherThread (SearchCollection.java:268) - [End  ] ranker: bm25(k1=0.9,b=0.4), reranker: sequential-relevance-feedback(Rm3KeyqueryReranker(query_length=5,candidate_terms=10,query_amount=1,originalQueryWeight=0.25);rel=3)-default
2022-03-14 07:27:27,140 INFO  [pool-2-thread-17] search.SearchCollection$SearcherThread (SearchCollection.java:269) - 50 topics processed in 07:41:23
2022-03-14 07:38:42,407 INFO  [pool-2-thread-39] search.SearchCollection$SearcherThread (SearchCollection.java:268) - [End  ] ranker: bm25(k1=0.9,b=0.4), reranker: sequential-relevance-feedback(Rm3KeyqueryReranker(query_length=5,candidate_terms=9,query_amount=1,originalQueryWeight=0.25);rel=5)-default
2022-03-14 07:38:42,409 INFO  [pool-2-thread-39] search.SearchCollection$SearcherThread (SearchCollection.java:269) - 50 topics processed in 05:49:09
2022-03-14 07:43:11,090 INFO  [pool-2-thread-22] search.SearchCollection$SearcherThread (SearchCollection.java:268) - [End  ] ranker: bm25(k1=0.9,b=0.4), reranker: sequential-relevance-feedback(Rm3KeyqueryReranker(query_length=8,candidate_terms=11,query_amount=1,originalQueryWeight=0.25);rel=4)-default
2022-03-14 07:43:11,092 INFO  [pool-2-thread-22] search.SearchCollection$SearcherThread (SearchCollection.java:269) - 50 topics processed in 06:24:21
2022-03-14 07:51:39,773 INFO  [pool-2-thread-7] search.SearchCollection$SearcherThread (SearchCollection.java:268) - [End  ] ranker: bm25(k1=0.9,b=0.4), reranker: sequential-relevance-feedback(Rm3KeyqueryReranker(query_length=7,candidate_terms=10,query_amount=1,originalQueryWeight=0.25);rel=5)-default
2022-03-14 07:51:39,775 INFO  [pool-2-thread-7] search.SearchCollection$SearcherThread (SearchCollection.java:269) - 50 topics processed in 05:04:26
2022-03-14 07:51:39,775 INFO  [pool-2-thread-7] search.SearchCollection$SearcherThread (SearchCollection.java:269) - 50 topics processed in 09:12:26
