2022-03-13 23:46:10,721 INFO  [main] search.SearchCollection (SearchCollection.java:285) - ============ Initializing Searcher ============
2022-03-13 23:46:10,725 INFO  [main] search.SearchCollection (SearchCollection.java:286) - Index: /home/webis/lucene-index.cc-news-20
2022-03-13 23:46:12,423 INFO  [main] search.SearchCollection (SearchCollection.java:323) - Language: en
2022-03-13 23:46:12,424 INFO  [main] search.SearchCollection (SearchCollection.java:324) - Stemmer: porter
2022-03-13 23:46:12,425 INFO  [main] search.SearchCollection (SearchCollection.java:325) - Keep stopwords? false
2022-03-13 23:46:12,807 INFO  [main] search.SearchCollection (SearchCollection.java:1027) - runtag: Anserini
2022-03-13 23:46:13,263 INFO  [main] search.SearchCollection (SearchCollection.java:1033) - ============ Launching Search Threads ============
2022-03-13 23:46:13,272 INFO  [pool-2-thread-2] search.SearchCollection$SearcherThread (SearchCollection.java:191) - [Start] ranker: bm25(k1=0.9,b=0.4), reranker: sequential-relevance-feedback(Rm3KeyqueryReranker(query_length=5,candidate_terms=9,query_amount=1,originalQueryWeight=0.25);rel=1)-default
2022-03-13 23:46:13,272 INFO  [pool-2-thread-4] search.SearchCollection$SearcherThread (SearchCollection.java:191) - [Start] ranker: bm25(k1=0.9,b=0.4), reranker: sequential-relevance-feedback(Rm3KeyqueryReranker(query_length=5,candidate_terms=11,query_amount=1,originalQueryWeight=0.25);rel=1)-default
2022-03-13 23:46:13,272 INFO  [pool-2-thread-1] search.SearchCollection$SearcherThread (SearchCollection.java:191) - [Start] ranker: bm25(k1=0.9,b=0.4), reranker: sequential-relevance-feedback(Rm3KeyqueryReranker(query_length=5,candidate_terms=8,query_amount=1,originalQueryWeight=0.25);rel=1)-default
2022-03-13 23:46:13,272 INFO  [pool-2-thread-3] search.SearchCollection$SearcherThread (SearchCollection.java:191) - [Start] ranker: bm25(k1=0.9,b=0.4), reranker: sequential-relevance-feedback(Rm3KeyqueryReranker(query_length=5,candidate_terms=10,query_amount=1,originalQueryWeight=0.25);rel=1)-default
2022-03-13 23:46:13,275 INFO  [pool-2-thread-6] search.SearchCollection$SearcherThread (SearchCollection.java:191) - [Start] ranker: bm25(k1=0.9,b=0.4), reranker: sequential-relevance-feedback(Rm3KeyqueryReranker(query_length=6,candidate_terms=9,query_amount=1,originalQueryWeight=0.25);rel=1)-default
2022-03-13 23:46:13,275 INFO  [pool-2-thread-7] search.SearchCollection$SearcherThread (SearchCollection.java:191) - [Start] ranker: bm25(k1=0.9,b=0.4), reranker: sequential-relevance-feedback(Rm3KeyqueryReranker(query_length=6,candidate_terms=10,query_amount=1,originalQueryWeight=0.25);rel=1)-default
2022-03-13 23:46:13,275 INFO  [pool-2-thread-5] search.SearchCollection$SearcherThread (SearchCollection.java:191) - [Start] ranker: bm25(k1=0.9,b=0.4), reranker: sequential-relevance-feedback(Rm3KeyqueryReranker(query_length=6,candidate_terms=8,query_amount=1,originalQueryWeight=0.25);rel=1)-default
2022-03-13 23:46:13,278 INFO  [pool-2-thread-8] search.SearchCollection$SearcherThread (SearchCollection.java:191) - [Start] ranker: bm25(k1=0.9,b=0.4), reranker: sequential-relevance-feedback(Rm3KeyqueryReranker(query_length=6,candidate_terms=11,query_amount=1,originalQueryWeight=0.25);rel=1)-default
2022-03-13 23:46:13,280 INFO  [pool-2-thread-9] search.SearchCollection$SearcherThread (SearchCollection.java:191) - [Start] ranker: bm25(k1=0.9,b=0.4), reranker: sequential-relevance-feedback(Rm3KeyqueryReranker(query_length=7,candidate_terms=8,query_amount=1,originalQueryWeight=0.25);rel=1)-default
2022-03-13 23:46:13,281 INFO  [pool-2-thread-10] search.SearchCollection$SearcherThread (SearchCollection.java:191) - [Start] ranker: bm25(k1=0.9,b=0.4), reranker: sequential-relevance-feedback(Rm3KeyqueryReranker(query_length=7,candidate_terms=9,query_amount=1,originalQueryWeight=0.25);rel=1)-default
2022-03-13 23:46:13,281 INFO  [pool-2-thread-11] search.SearchCollection$SearcherThread (SearchCollection.java:191) - [Start] ranker: bm25(k1=0.9,b=0.4), reranker: sequential-relevance-feedback(Rm3KeyqueryReranker(query_length=7,candidate_terms=10,query_amount=1,originalQueryWeight=0.25);rel=1)-default
2022-03-13 23:46:13,284 INFO  [pool-2-thread-12] search.SearchCollection$SearcherThread (SearchCollection.java:191) - [Start] ranker: bm25(k1=0.9,b=0.4), reranker: sequential-relevance-feedback(Rm3KeyqueryReranker(query_length=7,candidate_terms=11,query_amount=1,originalQueryWeight=0.25);rel=1)-default
2022-03-13 23:46:13,284 INFO  [pool-2-thread-13] search.SearchCollection$SearcherThread (SearchCollection.java:191) - [Start] ranker: bm25(k1=0.9,b=0.4), reranker: sequential-relevance-feedback(Rm3KeyqueryReranker(query_length=8,candidate_terms=8,query_amount=1,originalQueryWeight=0.25);rel=1)-default
2022-03-13 23:46:13,284 INFO  [pool-2-thread-14] search.SearchCollection$SearcherThread (SearchCollection.java:191) - [Start] ranker: bm25(k1=0.9,b=0.4), reranker: sequential-relevance-feedback(Rm3KeyqueryReranker(query_length=8,candidate_terms=9,query_amount=1,originalQueryWeight=0.25);rel=1)-default
2022-03-13 23:46:13,285 INFO  [pool-2-thread-15] search.SearchCollection$SearcherThread (SearchCollection.java:191) - [Start] ranker: bm25(k1=0.9,b=0.4), reranker: sequential-relevance-feedback(Rm3KeyqueryReranker(query_length=8,candidate_terms=10,query_amount=1,originalQueryWeight=0.25);rel=1)-default
2022-03-13 23:46:13,286 INFO  [pool-2-thread-16] search.SearchCollection$SearcherThread (SearchCollection.java:191) - [Start] ranker: bm25(k1=0.9,b=0.4), reranker: sequential-relevance-feedback(Rm3KeyqueryReranker(query_length=8,candidate_terms=11,query_amount=1,originalQueryWeight=0.25);rel=1)-default
2022-03-13 23:46:13,286 INFO  [pool-2-thread-17] search.SearchCollection$SearcherThread (SearchCollection.java:191) - [Start] ranker: bm25(k1=0.9,b=0.4), reranker: sequential-relevance-feedback(Rm3KeyqueryReranker(query_length=9,candidate_terms=9,query_amount=1,originalQueryWeight=0.25);rel=1)-default
2022-03-13 23:46:13,286 INFO  [pool-2-thread-18] search.SearchCollection$SearcherThread (SearchCollection.java:191) - [Start] ranker: bm25(k1=0.9,b=0.4), reranker: sequential-relevance-feedback(Rm3KeyqueryReranker(query_length=9,candidate_terms=10,query_amount=1,originalQueryWeight=0.25);rel=1)-default
2022-03-13 23:46:13,287 INFO  [pool-2-thread-19] search.SearchCollection$SearcherThread (SearchCollection.java:191) - [Start] ranker: bm25(k1=0.9,b=0.4), reranker: sequential-relevance-feedback(Rm3KeyqueryReranker(query_length=9,candidate_terms=11,query_amount=1,originalQueryWeight=0.25);rel=1)-default
2022-03-13 23:46:13,287 INFO  [pool-2-thread-20] search.SearchCollection$SearcherThread (SearchCollection.java:191) - [Start] ranker: bm25(k1=0.9,b=0.4), reranker: sequential-relevance-feedback(Rm3KeyqueryReranker(query_length=10,candidate_terms=10,query_amount=1,originalQueryWeight=0.25);rel=1)-default
2022-03-13 23:46:13,289 INFO  [pool-2-thread-21] search.SearchCollection$SearcherThread (SearchCollection.java:191) - [Start] ranker: bm25(k1=0.9,b=0.4), reranker: sequential-relevance-feedback(Rm3KeyqueryReranker(query_length=10,candidate_terms=11,query_amount=1,originalQueryWeight=0.25);rel=1)-default
2022-03-13 23:46:13,289 INFO  [pool-2-thread-22] search.SearchCollection$SearcherThread (SearchCollection.java:191) - [Start] ranker: bm25(k1=0.9,b=0.4), reranker: sequential-relevance-feedback(Rm3KeyqueryReranker(query_length=5,candidate_terms=8,query_amount=1,originalQueryWeight=0.25);rel=2)-default
2022-03-13 23:46:13,290 INFO  [pool-2-thread-23] search.SearchCollection$SearcherThread (SearchCollection.java:191) - [Start] ranker: bm25(k1=0.9,b=0.4), reranker: sequential-relevance-feedback(Rm3KeyqueryReranker(query_length=5,candidate_terms=9,query_amount=1,originalQueryWeight=0.25);rel=2)-default
2022-03-13 23:46:13,290 INFO  [pool-2-thread-24] search.SearchCollection$SearcherThread (SearchCollection.java:191) - [Start] ranker: bm25(k1=0.9,b=0.4), reranker: sequential-relevance-feedback(Rm3KeyqueryReranker(query_length=5,candidate_terms=10,query_amount=1,originalQueryWeight=0.25);rel=2)-default
2022-03-13 23:46:13,291 INFO  [pool-2-thread-25] search.SearchCollection$SearcherThread (SearchCollection.java:191) - [Start] ranker: bm25(k1=0.9,b=0.4), reranker: sequential-relevance-feedback(Rm3KeyqueryReranker(query_length=5,candidate_terms=11,query_amount=1,originalQueryWeight=0.25);rel=2)-default
2022-03-13 23:46:13,292 INFO  [pool-2-thread-26] search.SearchCollection$SearcherThread (SearchCollection.java:191) - [Start] ranker: bm25(k1=0.9,b=0.4), reranker: sequential-relevance-feedback(Rm3KeyqueryReranker(query_length=6,candidate_terms=8,query_amount=1,originalQueryWeight=0.25);rel=2)-default
2022-03-13 23:46:13,292 INFO  [pool-2-thread-27] search.SearchCollection$SearcherThread (SearchCollection.java:191) - [Start] ranker: bm25(k1=0.9,b=0.4), reranker: sequential-relevance-feedback(Rm3KeyqueryReranker(query_length=6,candidate_terms=9,query_amount=1,originalQueryWeight=0.25);rel=2)-default
2022-03-13 23:46:13,292 INFO  [pool-2-thread-28] search.SearchCollection$SearcherThread (SearchCollection.java:191) - [Start] ranker: bm25(k1=0.9,b=0.4), reranker: sequential-relevance-feedback(Rm3KeyqueryReranker(query_length=6,candidate_terms=10,query_amount=1,originalQueryWeight=0.25);rel=2)-default
2022-03-13 23:46:13,293 INFO  [pool-2-thread-29] search.SearchCollection$SearcherThread (SearchCollection.java:191) - [Start] ranker: bm25(k1=0.9,b=0.4), reranker: sequential-relevance-feedback(Rm3KeyqueryReranker(query_length=6,candidate_terms=11,query_amount=1,originalQueryWeight=0.25);rel=2)-default
2022-03-13 23:46:13,293 INFO  [pool-2-thread-30] search.SearchCollection$SearcherThread (SearchCollection.java:191) - [Start] ranker: bm25(k1=0.9,b=0.4), reranker: sequential-relevance-feedback(Rm3KeyqueryReranker(query_length=7,candidate_terms=8,query_amount=1,originalQueryWeight=0.25);rel=2)-default
2022-03-13 23:46:13,296 INFO  [pool-2-thread-32] search.SearchCollection$SearcherThread (SearchCollection.java:191) - [Start] ranker: bm25(k1=0.9,b=0.4), reranker: sequential-relevance-feedback(Rm3KeyqueryReranker(query_length=7,candidate_terms=10,query_amount=1,originalQueryWeight=0.25);rel=2)-default
2022-03-13 23:46:13,295 INFO  [pool-2-thread-31] search.SearchCollection$SearcherThread (SearchCollection.java:191) - [Start] ranker: bm25(k1=0.9,b=0.4), reranker: sequential-relevance-feedback(Rm3KeyqueryReranker(query_length=7,candidate_terms=9,query_amount=1,originalQueryWeight=0.25);rel=2)-default
2022-03-13 23:46:13,297 INFO  [pool-2-thread-33] search.SearchCollection$SearcherThread (SearchCollection.java:191) - [Start] ranker: bm25(k1=0.9,b=0.4), reranker: sequential-relevance-feedback(Rm3KeyqueryReranker(query_length=7,candidate_terms=11,query_amount=1,originalQueryWeight=0.25);rel=2)-default
2022-03-13 23:46:13,301 INFO  [pool-2-thread-35] search.SearchCollection$SearcherThread (SearchCollection.java:191) - [Start] ranker: bm25(k1=0.9,b=0.4), reranker: sequential-relevance-feedback(Rm3KeyqueryReranker(query_length=8,candidate_terms=9,query_amount=1,originalQueryWeight=0.25);rel=2)-default
2022-03-13 23:46:13,301 INFO  [pool-2-thread-34] search.SearchCollection$SearcherThread (SearchCollection.java:191) - [Start] ranker: bm25(k1=0.9,b=0.4), reranker: sequential-relevance-feedback(Rm3KeyqueryReranker(query_length=8,candidate_terms=8,query_amount=1,originalQueryWeight=0.25);rel=2)-default
2022-03-13 23:46:13,301 INFO  [pool-2-thread-36] search.SearchCollection$SearcherThread (SearchCollection.java:191) - [Start] ranker: bm25(k1=0.9,b=0.4), reranker: sequential-relevance-feedback(Rm3KeyqueryReranker(query_length=8,candidate_terms=10,query_amount=1,originalQueryWeight=0.25);rel=2)-default
2022-03-13 23:46:13,301 INFO  [pool-2-thread-37] search.SearchCollection$SearcherThread (SearchCollection.java:191) - [Start] ranker: bm25(k1=0.9,b=0.4), reranker: sequential-relevance-feedback(Rm3KeyqueryReranker(query_length=8,candidate_terms=11,query_amount=1,originalQueryWeight=0.25);rel=2)-default
2022-03-13 23:46:13,302 INFO  [pool-2-thread-38] search.SearchCollection$SearcherThread (SearchCollection.java:191) - [Start] ranker: bm25(k1=0.9,b=0.4), reranker: sequential-relevance-feedback(Rm3KeyqueryReranker(query_length=9,candidate_terms=9,query_amount=1,originalQueryWeight=0.25);rel=2)-default
2022-03-13 23:46:13,302 INFO  [pool-2-thread-39] search.SearchCollection$SearcherThread (SearchCollection.java:191) - [Start] ranker: bm25(k1=0.9,b=0.4), reranker: sequential-relevance-feedback(Rm3KeyqueryReranker(query_length=9,candidate_terms=10,query_amount=1,originalQueryWeight=0.25);rel=2)-default
2022-03-13 23:46:13,302 INFO  [pool-2-thread-40] search.SearchCollection$SearcherThread (SearchCollection.java:191) - [Start] ranker: bm25(k1=0.9,b=0.4), reranker: sequential-relevance-feedback(Rm3KeyqueryReranker(query_length=9,candidate_terms=11,query_amount=1,originalQueryWeight=0.25);rel=2)-default
2022-03-13 23:46:13,303 INFO  [pool-2-thread-41] search.SearchCollection$SearcherThread (SearchCollection.java:191) - [Start] ranker: bm25(k1=0.9,b=0.4), reranker: sequential-relevance-feedback(Rm3KeyqueryReranker(query_length=10,candidate_terms=10,query_amount=1,originalQueryWeight=0.25);rel=2)-default
2022-03-13 23:46:13,303 INFO  [pool-2-thread-42] search.SearchCollection$SearcherThread (SearchCollection.java:191) - [Start] ranker: bm25(k1=0.9,b=0.4), reranker: sequential-relevance-feedback(Rm3KeyqueryReranker(query_length=10,candidate_terms=11,query_amount=1,originalQueryWeight=0.25);rel=2)-default
2022-03-13 23:46:13,304 INFO  [pool-2-thread-43] search.SearchCollection$SearcherThread (SearchCollection.java:191) - [Start] ranker: bm25(k1=0.9,b=0.4), reranker: sequential-relevance-feedback(Rm3KeyqueryReranker(query_length=5,candidate_terms=8,query_amount=1,originalQueryWeight=0.25);rel=3)-default
2022-03-13 23:46:13,306 INFO  [pool-2-thread-44] search.SearchCollection$SearcherThread (SearchCollection.java:191) - [Start] ranker: bm25(k1=0.9,b=0.4), reranker: sequential-relevance-feedback(Rm3KeyqueryReranker(query_length=5,candidate_terms=9,query_amount=1,originalQueryWeight=0.25);rel=3)-default
2022-03-13 23:46:17,987 ERROR [pool-2-thread-17] search.SearchCollection$SearcherThread (SearchCollection.java:272) - pool-2-thread-17: Unexpected Exception:
java.lang.NullPointerException: null
	at ciir.umass.edu.metric.DCGScorer.gain(DCGScorer.java:126) ~[ranklib-2.10.1.jar:?]
	at ciir.umass.edu.metric.NDCGScorer.getIdealDCG(NDCGScorer.java:171) ~[ranklib-2.10.1.jar:?]
	at ciir.umass.edu.metric.NDCGScorer.score(NDCGScorer.java:120) ~[ranklib-2.10.1.jar:?]
	at de.webis.keyqueries.selection.NdcgSelectionStrategy$NdcgSelectionComparator.ndcg(NdcgSelectionStrategy.java:57) ~[anserini-0.9.5-SNAPSHOT.jar:?]
	at de.webis.keyqueries.selection.CrypsorQuerySelectionStrategy.lambda$Top$0(CrypsorQuerySelectionStrategy.java:31) ~[anserini-0.9.5-SNAPSHOT.jar:?]
	at java.util.stream.ReferencePipeline$3$1.accept(ReferencePipeline.java:195) ~[?:?]
	at java.util.ArrayList$ArrayListSpliterator.forEachRemaining(ArrayList.java:1655) ~[?:?]
	at java.util.stream.AbstractPipeline.copyInto(AbstractPipeline.java:484) ~[?:?]
	at java.util.stream.AbstractPipeline.wrapAndCopyInto(AbstractPipeline.java:474) ~[?:?]
	at java.util.stream.ReduceOps$ReduceOp.evaluateSequential(ReduceOps.java:913) ~[?:?]
	at java.util.stream.AbstractPipeline.evaluate(AbstractPipeline.java:234) ~[?:?]
	at java.util.stream.ReferencePipeline.collect(ReferencePipeline.java:578) ~[?:?]
	at de.webis.keyqueries.selection.CrypsorQuerySelectionStrategy.Top(CrypsorQuerySelectionStrategy.java:31) ~[anserini-0.9.5-SNAPSHOT.jar:?]
	at de.webis.keyqueries.util.Util.selectKeyqueries(Util.java:557) ~[anserini-0.9.5-SNAPSHOT.jar:?]
	at de.webis.keyqueries.anserini.RM3KeyqueryReranker.rerank(RM3KeyqueryReranker.java:51) ~[anserini-0.9.5-SNAPSHOT.jar:?]
	at de.webis.keyqueries.anserini.RelevanceFeedbackReranker.rerank(RelevanceFeedbackReranker.java:36) ~[anserini-0.9.5-SNAPSHOT.jar:?]
	at io.anserini.rerank.RerankerCascade.run(RerankerCascade.java:64) ~[anserini-0.9.5-SNAPSHOT.jar:?]
	at io.anserini.search.SearchCollection.search(SearchCollection.java:1109) ~[anserini-0.9.5-SNAPSHOT.jar:?]
	at io.anserini.search.SearchCollection$SearcherThread.run(SearchCollection.java:223) [anserini-0.9.5-SNAPSHOT.jar:?]
	at java.util.concurrent.ThreadPoolExecutor.runWorker(ThreadPoolExecutor.java:1128) [?:?]
	at java.util.concurrent.ThreadPoolExecutor$Worker.run(ThreadPoolExecutor.java:628) [?:?]
	at java.lang.Thread.run(Thread.java:829) [?:?]
2022-03-13 23:46:18,159 INFO  [pool-2-thread-17] search.SearchCollection$SearcherThread (SearchCollection.java:191) - [Start] ranker: bm25(k1=0.9,b=0.4), reranker: sequential-relevance-feedback(Rm3KeyqueryReranker(query_length=5,candidate_terms=10,query_amount=1,originalQueryWeight=0.25);rel=3)-default
2022-03-13 23:48:03,498 INFO  [pool-2-thread-13] search.SearchCollection$SearcherThread (SearchCollection.java:268) - [End  ] ranker: bm25(k1=0.9,b=0.4), reranker: sequential-relevance-feedback(Rm3KeyqueryReranker(query_length=8,candidate_terms=8,query_amount=1,originalQueryWeight=0.25);rel=1)-default
2022-03-13 23:48:03,641 INFO  [pool-2-thread-13] search.SearchCollection$SearcherThread (SearchCollection.java:269) - 50 topics processed in 00:01:50
2022-03-13 23:48:03,656 INFO  [pool-2-thread-13] search.SearchCollection$SearcherThread (SearchCollection.java:191) - [Start] ranker: bm25(k1=0.9,b=0.4), reranker: sequential-relevance-feedback(Rm3KeyqueryReranker(query_length=5,candidate_terms=11,query_amount=1,originalQueryWeight=0.25);rel=3)-default
2022-03-13 23:48:14,998 INFO  [pool-2-thread-20] search.SearchCollection$SearcherThread (SearchCollection.java:268) - [End  ] ranker: bm25(k1=0.9,b=0.4), reranker: sequential-relevance-feedback(Rm3KeyqueryReranker(query_length=10,candidate_terms=10,query_amount=1,originalQueryWeight=0.25);rel=1)-default
2022-03-13 23:48:14,999 INFO  [pool-2-thread-20] search.SearchCollection$SearcherThread (SearchCollection.java:269) - 50 topics processed in 00:02:01
2022-03-13 23:48:14,999 INFO  [pool-2-thread-20] search.SearchCollection$SearcherThread (SearchCollection.java:191) - [Start] ranker: bm25(k1=0.9,b=0.4), reranker: sequential-relevance-feedback(Rm3KeyqueryReranker(query_length=6,candidate_terms=8,query_amount=1,originalQueryWeight=0.25);rel=3)-default
2022-03-13 23:48:39,814 INFO  [pool-2-thread-34] search.SearchCollection$SearcherThread (SearchCollection.java:268) - [End  ] ranker: bm25(k1=0.9,b=0.4), reranker: sequential-relevance-feedback(Rm3KeyqueryReranker(query_length=8,candidate_terms=8,query_amount=1,originalQueryWeight=0.25);rel=2)-default
2022-03-13 23:48:39,815 INFO  [pool-2-thread-34] search.SearchCollection$SearcherThread (SearchCollection.java:269) - 50 topics processed in 00:02:26
2022-03-13 23:48:39,815 INFO  [pool-2-thread-34] search.SearchCollection$SearcherThread (SearchCollection.java:191) - [Start] ranker: bm25(k1=0.9,b=0.4), reranker: sequential-relevance-feedback(Rm3KeyqueryReranker(query_length=6,candidate_terms=9,query_amount=1,originalQueryWeight=0.25);rel=3)-default
2022-03-13 23:48:46,917 INFO  [pool-2-thread-38] search.SearchCollection$SearcherThread (SearchCollection.java:268) - [End  ] ranker: bm25(k1=0.9,b=0.4), reranker: sequential-relevance-feedback(Rm3KeyqueryReranker(query_length=9,candidate_terms=9,query_amount=1,originalQueryWeight=0.25);rel=2)-default
2022-03-13 23:48:46,934 INFO  [pool-2-thread-38] search.SearchCollection$SearcherThread (SearchCollection.java:269) - 50 topics processed in 00:02:33
2022-03-13 23:48:46,935 INFO  [pool-2-thread-38] search.SearchCollection$SearcherThread (SearchCollection.java:191) - [Start] ranker: bm25(k1=0.9,b=0.4), reranker: sequential-relevance-feedback(Rm3KeyqueryReranker(query_length=6,candidate_terms=10,query_amount=1,originalQueryWeight=0.25);rel=3)-default
2022-03-13 23:48:47,911 INFO  [pool-2-thread-41] search.SearchCollection$SearcherThread (SearchCollection.java:268) - [End  ] ranker: bm25(k1=0.9,b=0.4), reranker: sequential-relevance-feedback(Rm3KeyqueryReranker(query_length=10,candidate_terms=10,query_amount=1,originalQueryWeight=0.25);rel=2)-default
2022-03-13 23:48:47,911 INFO  [pool-2-thread-41] search.SearchCollection$SearcherThread (SearchCollection.java:269) - 50 topics processed in 00:02:34
2022-03-13 23:48:47,912 INFO  [pool-2-thread-41] search.SearchCollection$SearcherThread (SearchCollection.java:191) - [Start] ranker: bm25(k1=0.9,b=0.4), reranker: sequential-relevance-feedback(Rm3KeyqueryReranker(query_length=6,candidate_terms=11,query_amount=1,originalQueryWeight=0.25);rel=3)-default
2022-03-13 23:51:14,317 INFO  [pool-2-thread-9] search.SearchCollection$SearcherThread (SearchCollection.java:268) - [End  ] ranker: bm25(k1=0.9,b=0.4), reranker: sequential-relevance-feedback(Rm3KeyqueryReranker(query_length=7,candidate_terms=8,query_amount=1,originalQueryWeight=0.25);rel=1)-default
2022-03-13 23:51:14,318 INFO  [pool-2-thread-9] search.SearchCollection$SearcherThread (SearchCollection.java:269) - 50 topics processed in 00:05:01
2022-03-13 23:51:14,318 INFO  [pool-2-thread-9] search.SearchCollection$SearcherThread (SearchCollection.java:191) - [Start] ranker: bm25(k1=0.9,b=0.4), reranker: sequential-relevance-feedback(Rm3KeyqueryReranker(query_length=7,candidate_terms=8,query_amount=1,originalQueryWeight=0.25);rel=3)-default
2022-03-13 23:51:53,265 INFO  [pool-2-thread-14] search.SearchCollection$SearcherThread (SearchCollection.java:268) - [End  ] ranker: bm25(k1=0.9,b=0.4), reranker: sequential-relevance-feedback(Rm3KeyqueryReranker(query_length=8,candidate_terms=9,query_amount=1,originalQueryWeight=0.25);rel=1)-default
2022-03-13 23:51:53,265 INFO  [pool-2-thread-14] search.SearchCollection$SearcherThread (SearchCollection.java:269) - 50 topics processed in 00:05:39
2022-03-13 23:51:53,265 INFO  [pool-2-thread-14] search.SearchCollection$SearcherThread (SearchCollection.java:191) - [Start] ranker: bm25(k1=0.9,b=0.4), reranker: sequential-relevance-feedback(Rm3KeyqueryReranker(query_length=7,candidate_terms=9,query_amount=1,originalQueryWeight=0.25);rel=3)-default
2022-03-13 23:52:53,511 INFO  [pool-2-thread-18] search.SearchCollection$SearcherThread (SearchCollection.java:268) - [End  ] ranker: bm25(k1=0.9,b=0.4), reranker: sequential-relevance-feedback(Rm3KeyqueryReranker(query_length=9,candidate_terms=10,query_amount=1,originalQueryWeight=0.25);rel=1)-default
2022-03-13 23:52:53,512 INFO  [pool-2-thread-18] search.SearchCollection$SearcherThread (SearchCollection.java:269) - 50 topics processed in 00:06:40
2022-03-13 23:52:53,512 INFO  [pool-2-thread-18] search.SearchCollection$SearcherThread (SearchCollection.java:191) - [Start] ranker: bm25(k1=0.9,b=0.4), reranker: sequential-relevance-feedback(Rm3KeyqueryReranker(query_length=7,candidate_terms=10,query_amount=1,originalQueryWeight=0.25);rel=3)-default
2022-03-13 23:53:35,162 INFO  [pool-2-thread-21] search.SearchCollection$SearcherThread (SearchCollection.java:268) - [End  ] ranker: bm25(k1=0.9,b=0.4), reranker: sequential-relevance-feedback(Rm3KeyqueryReranker(query_length=10,candidate_terms=11,query_amount=1,originalQueryWeight=0.25);rel=1)-default
2022-03-13 23:53:35,163 INFO  [pool-2-thread-21] search.SearchCollection$SearcherThread (SearchCollection.java:269) - 50 topics processed in 00:07:21
2022-03-13 23:53:35,163 INFO  [pool-2-thread-21] search.SearchCollection$SearcherThread (SearchCollection.java:191) - [Start] ranker: bm25(k1=0.9,b=0.4), reranker: sequential-relevance-feedback(Rm3KeyqueryReranker(query_length=7,candidate_terms=11,query_amount=1,originalQueryWeight=0.25);rel=3)-default
2022-03-13 23:54:05,649 INFO  [pool-2-thread-30] search.SearchCollection$SearcherThread (SearchCollection.java:268) - [End  ] ranker: bm25(k1=0.9,b=0.4), reranker: sequential-relevance-feedback(Rm3KeyqueryReranker(query_length=7,candidate_terms=8,query_amount=1,originalQueryWeight=0.25);rel=2)-default
2022-03-13 23:54:05,650 INFO  [pool-2-thread-30] search.SearchCollection$SearcherThread (SearchCollection.java:269) - 50 topics processed in 00:07:52
2022-03-13 23:54:05,650 INFO  [pool-2-thread-30] search.SearchCollection$SearcherThread (SearchCollection.java:191) - [Start] ranker: bm25(k1=0.9,b=0.4), reranker: sequential-relevance-feedback(Rm3KeyqueryReranker(query_length=8,candidate_terms=8,query_amount=1,originalQueryWeight=0.25);rel=3)-default
2022-03-13 23:55:15,283 INFO  [pool-2-thread-35] search.SearchCollection$SearcherThread (SearchCollection.java:268) - [End  ] ranker: bm25(k1=0.9,b=0.4), reranker: sequential-relevance-feedback(Rm3KeyqueryReranker(query_length=8,candidate_terms=9,query_amount=1,originalQueryWeight=0.25);rel=2)-default
2022-03-13 23:55:15,299 INFO  [pool-2-thread-35] search.SearchCollection$SearcherThread (SearchCollection.java:269) - 50 topics processed in 00:09:01
2022-03-13 23:55:15,300 INFO  [pool-2-thread-35] search.SearchCollection$SearcherThread (SearchCollection.java:191) - [Start] ranker: bm25(k1=0.9,b=0.4), reranker: sequential-relevance-feedback(Rm3KeyqueryReranker(query_length=8,candidate_terms=9,query_amount=1,originalQueryWeight=0.25);rel=3)-default
2022-03-13 23:56:25,028 INFO  [pool-2-thread-39] search.SearchCollection$SearcherThread (SearchCollection.java:268) - [End  ] ranker: bm25(k1=0.9,b=0.4), reranker: sequential-relevance-feedback(Rm3KeyqueryReranker(query_length=9,candidate_terms=10,query_amount=1,originalQueryWeight=0.25);rel=2)-default
2022-03-13 23:56:25,044 INFO  [pool-2-thread-39] search.SearchCollection$SearcherThread (SearchCollection.java:269) - 50 topics processed in 00:10:11
2022-03-13 23:56:25,046 INFO  [pool-2-thread-39] search.SearchCollection$SearcherThread (SearchCollection.java:191) - [Start] ranker: bm25(k1=0.9,b=0.4), reranker: sequential-relevance-feedback(Rm3KeyqueryReranker(query_length=8,candidate_terms=10,query_amount=1,originalQueryWeight=0.25);rel=3)-default
2022-03-13 23:56:57,724 INFO  [pool-2-thread-30] search.SearchCollection$SearcherThread (SearchCollection.java:268) - [End  ] ranker: bm25(k1=0.9,b=0.4), reranker: sequential-relevance-feedback(Rm3KeyqueryReranker(query_length=8,candidate_terms=8,query_amount=1,originalQueryWeight=0.25);rel=3)-default
2022-03-13 23:56:57,739 INFO  [pool-2-thread-30] search.SearchCollection$SearcherThread (SearchCollection.java:269) - 50 topics processed in 00:02:52
2022-03-13 23:56:57,740 INFO  [pool-2-thread-30] search.SearchCollection$SearcherThread (SearchCollection.java:191) - [Start] ranker: bm25(k1=0.9,b=0.4), reranker: sequential-relevance-feedback(Rm3KeyqueryReranker(query_length=8,candidate_terms=11,query_amount=1,originalQueryWeight=0.25);rel=3)-default
2022-03-13 23:57:28,894 INFO  [pool-2-thread-42] search.SearchCollection$SearcherThread (SearchCollection.java:268) - [End  ] ranker: bm25(k1=0.9,b=0.4), reranker: sequential-relevance-feedback(Rm3KeyqueryReranker(query_length=10,candidate_terms=11,query_amount=1,originalQueryWeight=0.25);rel=2)-default
2022-03-13 23:57:28,895 INFO  [pool-2-thread-42] search.SearchCollection$SearcherThread (SearchCollection.java:269) - 50 topics processed in 00:11:15
2022-03-13 23:57:28,895 INFO  [pool-2-thread-42] search.SearchCollection$SearcherThread (SearchCollection.java:191) - [Start] ranker: bm25(k1=0.9,b=0.4), reranker: sequential-relevance-feedback(Rm3KeyqueryReranker(query_length=9,candidate_terms=9,query_amount=1,originalQueryWeight=0.25);rel=3)-default
2022-03-13 23:59:29,085 INFO  [pool-2-thread-5] search.SearchCollection$SearcherThread (SearchCollection.java:268) - [End  ] ranker: bm25(k1=0.9,b=0.4), reranker: sequential-relevance-feedback(Rm3KeyqueryReranker(query_length=6,candidate_terms=8,query_amount=1,originalQueryWeight=0.25);rel=1)-default
2022-03-13 23:59:29,123 INFO  [pool-2-thread-5] search.SearchCollection$SearcherThread (SearchCollection.java:269) - 50 topics processed in 00:13:15
2022-03-13 23:59:29,124 INFO  [pool-2-thread-5] search.SearchCollection$SearcherThread (SearchCollection.java:191) - [Start] ranker: bm25(k1=0.9,b=0.4), reranker: sequential-relevance-feedback(Rm3KeyqueryReranker(query_length=9,candidate_terms=10,query_amount=1,originalQueryWeight=0.25);rel=3)-default
2022-03-14 00:00:22,449 INFO  [pool-2-thread-42] search.SearchCollection$SearcherThread (SearchCollection.java:268) - [End  ] ranker: bm25(k1=0.9,b=0.4), reranker: sequential-relevance-feedback(Rm3KeyqueryReranker(query_length=9,candidate_terms=9,query_amount=1,originalQueryWeight=0.25);rel=3)-default
2022-03-14 00:00:22,463 INFO  [pool-2-thread-42] search.SearchCollection$SearcherThread (SearchCollection.java:269) - 50 topics processed in 00:02:53
2022-03-14 00:00:22,465 INFO  [pool-2-thread-42] search.SearchCollection$SearcherThread (SearchCollection.java:191) - [Start] ranker: bm25(k1=0.9,b=0.4), reranker: sequential-relevance-feedback(Rm3KeyqueryReranker(query_length=9,candidate_terms=11,query_amount=1,originalQueryWeight=0.25);rel=3)-default
2022-03-14 00:01:33,302 INFO  [pool-2-thread-9] search.SearchCollection$SearcherThread (SearchCollection.java:268) - [End  ] ranker: bm25(k1=0.9,b=0.4), reranker: sequential-relevance-feedback(Rm3KeyqueryReranker(query_length=7,candidate_terms=8,query_amount=1,originalQueryWeight=0.25);rel=3)-default
2022-03-14 00:01:33,305 INFO  [pool-2-thread-9] search.SearchCollection$SearcherThread (SearchCollection.java:269) - 50 topics processed in 00:10:18
2022-03-14 00:01:33,305 INFO  [pool-2-thread-9] search.SearchCollection$SearcherThread (SearchCollection.java:191) - [Start] ranker: bm25(k1=0.9,b=0.4), reranker: sequential-relevance-feedback(Rm3KeyqueryReranker(query_length=10,candidate_terms=10,query_amount=1,originalQueryWeight=0.25);rel=3)-default
2022-03-14 00:03:44,022 INFO  [pool-2-thread-10] search.SearchCollection$SearcherThread (SearchCollection.java:268) - [End  ] ranker: bm25(k1=0.9,b=0.4), reranker: sequential-relevance-feedback(Rm3KeyqueryReranker(query_length=7,candidate_terms=9,query_amount=1,originalQueryWeight=0.25);rel=1)-default
2022-03-14 00:03:44,024 INFO  [pool-2-thread-10] search.SearchCollection$SearcherThread (SearchCollection.java:269) - 50 topics processed in 00:17:30
2022-03-14 00:03:44,040 INFO  [pool-2-thread-10] search.SearchCollection$SearcherThread (SearchCollection.java:191) - [Start] ranker: bm25(k1=0.9,b=0.4), reranker: sequential-relevance-feedback(Rm3KeyqueryReranker(query_length=10,candidate_terms=11,query_amount=1,originalQueryWeight=0.25);rel=3)-default
2022-03-14 00:04:34,558 INFO  [pool-2-thread-9] search.SearchCollection$SearcherThread (SearchCollection.java:268) - [End  ] ranker: bm25(k1=0.9,b=0.4), reranker: sequential-relevance-feedback(Rm3KeyqueryReranker(query_length=10,candidate_terms=10,query_amount=1,originalQueryWeight=0.25);rel=3)-default
2022-03-14 00:04:34,579 INFO  [pool-2-thread-9] search.SearchCollection$SearcherThread (SearchCollection.java:269) - 50 topics processed in 00:03:01
2022-03-14 00:04:34,591 INFO  [pool-2-thread-9] search.SearchCollection$SearcherThread (SearchCollection.java:191) - [Start] ranker: bm25(k1=0.9,b=0.4), reranker: sequential-relevance-feedback(Rm3KeyqueryReranker(query_length=5,candidate_terms=8,query_amount=1,originalQueryWeight=0.25);rel=4)-default
2022-03-14 00:07:04,215 INFO  [pool-2-thread-35] search.SearchCollection$SearcherThread (SearchCollection.java:268) - [End  ] ranker: bm25(k1=0.9,b=0.4), reranker: sequential-relevance-feedback(Rm3KeyqueryReranker(query_length=8,candidate_terms=9,query_amount=1,originalQueryWeight=0.25);rel=3)-default
2022-03-14 00:07:04,216 INFO  [pool-2-thread-35] search.SearchCollection$SearcherThread (SearchCollection.java:269) - 50 topics processed in 00:11:48
2022-03-14 00:07:04,216 INFO  [pool-2-thread-35] search.SearchCollection$SearcherThread (SearchCollection.java:191) - [Start] ranker: bm25(k1=0.9,b=0.4), reranker: sequential-relevance-feedback(Rm3KeyqueryReranker(query_length=5,candidate_terms=9,query_amount=1,originalQueryWeight=0.25);rel=4)-default
2022-03-14 00:09:13,774 INFO  [pool-2-thread-26] search.SearchCollection$SearcherThread (SearchCollection.java:268) - [End  ] ranker: bm25(k1=0.9,b=0.4), reranker: sequential-relevance-feedback(Rm3KeyqueryReranker(query_length=6,candidate_terms=8,query_amount=1,originalQueryWeight=0.25);rel=2)-default
2022-03-14 00:09:13,774 INFO  [pool-2-thread-26] search.SearchCollection$SearcherThread (SearchCollection.java:269) - 50 topics processed in 00:23:00
2022-03-14 00:09:13,775 INFO  [pool-2-thread-26] search.SearchCollection$SearcherThread (SearchCollection.java:191) - [Start] ranker: bm25(k1=0.9,b=0.4), reranker: sequential-relevance-feedback(Rm3KeyqueryReranker(query_length=5,candidate_terms=10,query_amount=1,originalQueryWeight=0.25);rel=4)-default
2022-03-14 00:09:35,698 INFO  [pool-2-thread-15] search.SearchCollection$SearcherThread (SearchCollection.java:268) - [End  ] ranker: bm25(k1=0.9,b=0.4), reranker: sequential-relevance-feedback(Rm3KeyqueryReranker(query_length=8,candidate_terms=10,query_amount=1,originalQueryWeight=0.25);rel=1)-default
2022-03-14 00:09:35,699 INFO  [pool-2-thread-15] search.SearchCollection$SearcherThread (SearchCollection.java:269) - 50 topics processed in 00:23:22
2022-03-14 00:09:35,699 INFO  [pool-2-thread-15] search.SearchCollection$SearcherThread (SearchCollection.java:191) - [Start] ranker: bm25(k1=0.9,b=0.4), reranker: sequential-relevance-feedback(Rm3KeyqueryReranker(query_length=5,candidate_terms=11,query_amount=1,originalQueryWeight=0.25);rel=4)-default
2022-03-14 00:11:31,397 INFO  [pool-2-thread-1] search.SearchCollection$SearcherThread (SearchCollection.java:268) - [End  ] ranker: bm25(k1=0.9,b=0.4), reranker: sequential-relevance-feedback(Rm3KeyqueryReranker(query_length=5,candidate_terms=8,query_amount=1,originalQueryWeight=0.25);rel=1)-default
2022-03-14 00:11:31,398 INFO  [pool-2-thread-1] search.SearchCollection$SearcherThread (SearchCollection.java:269) - 50 topics processed in 00:25:18
2022-03-14 00:11:31,398 INFO  [pool-2-thread-1] search.SearchCollection$SearcherThread (SearchCollection.java:191) - [Start] ranker: bm25(k1=0.9,b=0.4), reranker: sequential-relevance-feedback(Rm3KeyqueryReranker(query_length=6,candidate_terms=8,query_amount=1,originalQueryWeight=0.25);rel=4)-default
2022-03-14 00:12:55,142 INFO  [pool-2-thread-5] search.SearchCollection$SearcherThread (SearchCollection.java:268) - [End  ] ranker: bm25(k1=0.9,b=0.4), reranker: sequential-relevance-feedback(Rm3KeyqueryReranker(query_length=9,candidate_terms=10,query_amount=1,originalQueryWeight=0.25);rel=3)-default
2022-03-14 00:12:55,142 INFO  [pool-2-thread-5] search.SearchCollection$SearcherThread (SearchCollection.java:269) - 50 topics processed in 00:13:26
2022-03-14 00:12:55,143 INFO  [pool-2-thread-5] search.SearchCollection$SearcherThread (SearchCollection.java:191) - [Start] ranker: bm25(k1=0.9,b=0.4), reranker: sequential-relevance-feedback(Rm3KeyqueryReranker(query_length=6,candidate_terms=9,query_amount=1,originalQueryWeight=0.25);rel=4)-default
2022-03-14 00:15:33,094 INFO  [pool-2-thread-31] search.SearchCollection$SearcherThread (SearchCollection.java:268) - [End  ] ranker: bm25(k1=0.9,b=0.4), reranker: sequential-relevance-feedback(Rm3KeyqueryReranker(query_length=7,candidate_terms=9,query_amount=1,originalQueryWeight=0.25);rel=2)-default
2022-03-14 00:15:33,104 INFO  [pool-2-thread-31] search.SearchCollection$SearcherThread (SearchCollection.java:269) - 50 topics processed in 00:29:19
2022-03-14 00:15:33,104 INFO  [pool-2-thread-31] search.SearchCollection$SearcherThread (SearchCollection.java:191) - [Start] ranker: bm25(k1=0.9,b=0.4), reranker: sequential-relevance-feedback(Rm3KeyqueryReranker(query_length=6,candidate_terms=10,query_amount=1,originalQueryWeight=0.25);rel=4)-default
2022-03-14 00:15:33,274 INFO  [pool-2-thread-19] search.SearchCollection$SearcherThread (SearchCollection.java:268) - [End  ] ranker: bm25(k1=0.9,b=0.4), reranker: sequential-relevance-feedback(Rm3KeyqueryReranker(query_length=9,candidate_terms=11,query_amount=1,originalQueryWeight=0.25);rel=1)-default
2022-03-14 00:15:33,277 INFO  [pool-2-thread-19] search.SearchCollection$SearcherThread (SearchCollection.java:269) - 50 topics processed in 00:29:19
2022-03-14 00:15:33,278 INFO  [pool-2-thread-19] search.SearchCollection$SearcherThread (SearchCollection.java:191) - [Start] ranker: bm25(k1=0.9,b=0.4), reranker: sequential-relevance-feedback(Rm3KeyqueryReranker(query_length=6,candidate_terms=11,query_amount=1,originalQueryWeight=0.25);rel=4)-default
2022-03-14 00:17:39,851 INFO  [pool-2-thread-10] search.SearchCollection$SearcherThread (SearchCollection.java:268) - [End  ] ranker: bm25(k1=0.9,b=0.4), reranker: sequential-relevance-feedback(Rm3KeyqueryReranker(query_length=10,candidate_terms=11,query_amount=1,originalQueryWeight=0.25);rel=3)-default
2022-03-14 00:17:39,852 INFO  [pool-2-thread-10] search.SearchCollection$SearcherThread (SearchCollection.java:269) - 50 topics processed in 00:13:55
2022-03-14 00:17:39,852 INFO  [pool-2-thread-10] search.SearchCollection$SearcherThread (SearchCollection.java:191) - [Start] ranker: bm25(k1=0.9,b=0.4), reranker: sequential-relevance-feedback(Rm3KeyqueryReranker(query_length=7,candidate_terms=8,query_amount=1,originalQueryWeight=0.25);rel=4)-default
2022-03-14 00:19:21,361 INFO  [pool-2-thread-20] search.SearchCollection$SearcherThread (SearchCollection.java:268) - [End  ] ranker: bm25(k1=0.9,b=0.4), reranker: sequential-relevance-feedback(Rm3KeyqueryReranker(query_length=6,candidate_terms=8,query_amount=1,originalQueryWeight=0.25);rel=3)-default
2022-03-14 00:19:21,362 INFO  [pool-2-thread-20] search.SearchCollection$SearcherThread (SearchCollection.java:269) - 50 topics processed in 00:31:06
2022-03-14 00:19:21,363 INFO  [pool-2-thread-20] search.SearchCollection$SearcherThread (SearchCollection.java:191) - [Start] ranker: bm25(k1=0.9,b=0.4), reranker: sequential-relevance-feedback(Rm3KeyqueryReranker(query_length=7,candidate_terms=9,query_amount=1,originalQueryWeight=0.25);rel=4)-default
2022-03-14 00:23:45,312 INFO  [pool-2-thread-6] search.SearchCollection$SearcherThread (SearchCollection.java:268) - [End  ] ranker: bm25(k1=0.9,b=0.4), reranker: sequential-relevance-feedback(Rm3KeyqueryReranker(query_length=6,candidate_terms=9,query_amount=1,originalQueryWeight=0.25);rel=1)-default
2022-03-14 00:23:45,323 INFO  [pool-2-thread-6] search.SearchCollection$SearcherThread (SearchCollection.java:269) - 50 topics processed in 00:37:32
2022-03-14 00:23:45,324 INFO  [pool-2-thread-6] search.SearchCollection$SearcherThread (SearchCollection.java:191) - [Start] ranker: bm25(k1=0.9,b=0.4), reranker: sequential-relevance-feedback(Rm3KeyqueryReranker(query_length=7,candidate_terms=10,query_amount=1,originalQueryWeight=0.25);rel=4)-default
2022-03-14 00:24:10,490 INFO  [pool-2-thread-36] search.SearchCollection$SearcherThread (SearchCollection.java:268) - [End  ] ranker: bm25(k1=0.9,b=0.4), reranker: sequential-relevance-feedback(Rm3KeyqueryReranker(query_length=8,candidate_terms=10,query_amount=1,originalQueryWeight=0.25);rel=2)-default
2022-03-14 00:24:10,516 INFO  [pool-2-thread-36] search.SearchCollection$SearcherThread (SearchCollection.java:269) - 50 topics processed in 00:37:57
2022-03-14 00:24:10,516 INFO  [pool-2-thread-36] search.SearchCollection$SearcherThread (SearchCollection.java:191) - [Start] ranker: bm25(k1=0.9,b=0.4), reranker: sequential-relevance-feedback(Rm3KeyqueryReranker(query_length=7,candidate_terms=11,query_amount=1,originalQueryWeight=0.25);rel=4)-default
2022-03-14 00:30:44,702 INFO  [pool-2-thread-10] search.SearchCollection$SearcherThread (SearchCollection.java:268) - [End  ] ranker: bm25(k1=0.9,b=0.4), reranker: sequential-relevance-feedback(Rm3KeyqueryReranker(query_length=7,candidate_terms=8,query_amount=1,originalQueryWeight=0.25);rel=4)-default
2022-03-14 00:30:44,703 INFO  [pool-2-thread-10] search.SearchCollection$SearcherThread (SearchCollection.java:269) - 50 topics processed in 00:13:04
2022-03-14 00:30:44,703 INFO  [pool-2-thread-10] search.SearchCollection$SearcherThread (SearchCollection.java:191) - [Start] ranker: bm25(k1=0.9,b=0.4), reranker: sequential-relevance-feedback(Rm3KeyqueryReranker(query_length=8,candidate_terms=8,query_amount=1,originalQueryWeight=0.25);rel=4)-default
2022-03-14 00:31:03,563 INFO  [pool-2-thread-22] search.SearchCollection$SearcherThread (SearchCollection.java:268) - [End  ] ranker: bm25(k1=0.9,b=0.4), reranker: sequential-relevance-feedback(Rm3KeyqueryReranker(query_length=5,candidate_terms=8,query_amount=1,originalQueryWeight=0.25);rel=2)-default
2022-03-14 00:31:03,579 INFO  [pool-2-thread-22] search.SearchCollection$SearcherThread (SearchCollection.java:269) - 50 topics processed in 00:44:50
2022-03-14 00:31:03,580 INFO  [pool-2-thread-22] search.SearchCollection$SearcherThread (SearchCollection.java:191) - [Start] ranker: bm25(k1=0.9,b=0.4), reranker: sequential-relevance-feedback(Rm3KeyqueryReranker(query_length=8,candidate_terms=9,query_amount=1,originalQueryWeight=0.25);rel=4)-default
2022-03-14 00:32:47,811 INFO  [pool-2-thread-14] search.SearchCollection$SearcherThread (SearchCollection.java:268) - [End  ] ranker: bm25(k1=0.9,b=0.4), reranker: sequential-relevance-feedback(Rm3KeyqueryReranker(query_length=7,candidate_terms=9,query_amount=1,originalQueryWeight=0.25);rel=3)-default
2022-03-14 00:32:47,823 INFO  [pool-2-thread-14] search.SearchCollection$SearcherThread (SearchCollection.java:269) - 50 topics processed in 00:40:54
2022-03-14 00:32:47,835 INFO  [pool-2-thread-14] search.SearchCollection$SearcherThread (SearchCollection.java:191) - [Start] ranker: bm25(k1=0.9,b=0.4), reranker: sequential-relevance-feedback(Rm3KeyqueryReranker(query_length=8,candidate_terms=10,query_amount=1,originalQueryWeight=0.25);rel=4)-default
2022-03-14 00:34:06,181 INFO  [pool-2-thread-40] search.SearchCollection$SearcherThread (SearchCollection.java:268) - [End  ] ranker: bm25(k1=0.9,b=0.4), reranker: sequential-relevance-feedback(Rm3KeyqueryReranker(query_length=9,candidate_terms=11,query_amount=1,originalQueryWeight=0.25);rel=2)-default
2022-03-14 00:34:06,182 INFO  [pool-2-thread-40] search.SearchCollection$SearcherThread (SearchCollection.java:269) - 50 topics processed in 00:47:52
2022-03-14 00:34:06,182 INFO  [pool-2-thread-40] search.SearchCollection$SearcherThread (SearchCollection.java:191) - [Start] ranker: bm25(k1=0.9,b=0.4), reranker: sequential-relevance-feedback(Rm3KeyqueryReranker(query_length=8,candidate_terms=11,query_amount=1,originalQueryWeight=0.25);rel=4)-default
2022-03-14 00:34:07,195 INFO  [pool-2-thread-10] search.SearchCollection$SearcherThread (SearchCollection.java:268) - [End  ] ranker: bm25(k1=0.9,b=0.4), reranker: sequential-relevance-feedback(Rm3KeyqueryReranker(query_length=8,candidate_terms=8,query_amount=1,originalQueryWeight=0.25);rel=4)-default
2022-03-14 00:34:07,207 INFO  [pool-2-thread-10] search.SearchCollection$SearcherThread (SearchCollection.java:269) - 50 topics processed in 00:03:22
2022-03-14 00:34:07,208 INFO  [pool-2-thread-10] search.SearchCollection$SearcherThread (SearchCollection.java:191) - [Start] ranker: bm25(k1=0.9,b=0.4), reranker: sequential-relevance-feedback(Rm3KeyqueryReranker(query_length=9,candidate_terms=9,query_amount=1,originalQueryWeight=0.25);rel=4)-default
2022-03-14 00:37:37,450 INFO  [pool-2-thread-10] search.SearchCollection$SearcherThread (SearchCollection.java:268) - [End  ] ranker: bm25(k1=0.9,b=0.4), reranker: sequential-relevance-feedback(Rm3KeyqueryReranker(query_length=9,candidate_terms=9,query_amount=1,originalQueryWeight=0.25);rel=4)-default
2022-03-14 00:37:37,450 INFO  [pool-2-thread-10] search.SearchCollection$SearcherThread (SearchCollection.java:269) - 50 topics processed in 00:03:30
2022-03-14 00:37:37,450 INFO  [pool-2-thread-10] search.SearchCollection$SearcherThread (SearchCollection.java:191) - [Start] ranker: bm25(k1=0.9,b=0.4), reranker: sequential-relevance-feedback(Rm3KeyqueryReranker(query_length=9,candidate_terms=10,query_amount=1,originalQueryWeight=0.25);rel=4)-default
2022-03-14 00:41:35,568 INFO  [pool-2-thread-2] search.SearchCollection$SearcherThread (SearchCollection.java:268) - [End  ] ranker: bm25(k1=0.9,b=0.4), reranker: sequential-relevance-feedback(Rm3KeyqueryReranker(query_length=5,candidate_terms=9,query_amount=1,originalQueryWeight=0.25);rel=1)-default
2022-03-14 00:41:35,570 INFO  [pool-2-thread-2] search.SearchCollection$SearcherThread (SearchCollection.java:269) - 50 topics processed in 00:55:22
2022-03-14 00:41:35,570 INFO  [pool-2-thread-2] search.SearchCollection$SearcherThread (SearchCollection.java:191) - [Start] ranker: bm25(k1=0.9,b=0.4), reranker: sequential-relevance-feedback(Rm3KeyqueryReranker(query_length=9,candidate_terms=11,query_amount=1,originalQueryWeight=0.25);rel=4)-default
2022-03-14 00:42:34,934 INFO  [pool-2-thread-11] search.SearchCollection$SearcherThread (SearchCollection.java:268) - [End  ] ranker: bm25(k1=0.9,b=0.4), reranker: sequential-relevance-feedback(Rm3KeyqueryReranker(query_length=7,candidate_terms=10,query_amount=1,originalQueryWeight=0.25);rel=1)-default
2022-03-14 00:42:34,934 INFO  [pool-2-thread-11] search.SearchCollection$SearcherThread (SearchCollection.java:269) - 50 topics processed in 00:56:21
2022-03-14 00:42:34,935 INFO  [pool-2-thread-11] search.SearchCollection$SearcherThread (SearchCollection.java:191) - [Start] ranker: bm25(k1=0.9,b=0.4), reranker: sequential-relevance-feedback(Rm3KeyqueryReranker(query_length=10,candidate_terms=10,query_amount=1,originalQueryWeight=0.25);rel=4)-default
2022-03-14 00:46:09,904 INFO  [pool-2-thread-11] search.SearchCollection$SearcherThread (SearchCollection.java:268) - [End  ] ranker: bm25(k1=0.9,b=0.4), reranker: sequential-relevance-feedback(Rm3KeyqueryReranker(query_length=10,candidate_terms=10,query_amount=1,originalQueryWeight=0.25);rel=4)-default
2022-03-14 00:46:09,905 INFO  [pool-2-thread-11] search.SearchCollection$SearcherThread (SearchCollection.java:269) - 50 topics processed in 00:03:34
2022-03-14 00:46:09,905 INFO  [pool-2-thread-11] search.SearchCollection$SearcherThread (SearchCollection.java:191) - [Start] ranker: bm25(k1=0.9,b=0.4), reranker: sequential-relevance-feedback(Rm3KeyqueryReranker(query_length=10,candidate_terms=11,query_amount=1,originalQueryWeight=0.25);rel=4)-default
2022-03-14 00:46:36,543 INFO  [pool-2-thread-22] search.SearchCollection$SearcherThread (SearchCollection.java:268) - [End  ] ranker: bm25(k1=0.9,b=0.4), reranker: sequential-relevance-feedback(Rm3KeyqueryReranker(query_length=8,candidate_terms=9,query_amount=1,originalQueryWeight=0.25);rel=4)-default
2022-03-14 00:46:36,544 INFO  [pool-2-thread-22] search.SearchCollection$SearcherThread (SearchCollection.java:269) - 50 topics processed in 00:15:32
2022-03-14 00:46:36,544 INFO  [pool-2-thread-22] search.SearchCollection$SearcherThread (SearchCollection.java:191) - [Start] ranker: bm25(k1=0.9,b=0.4), reranker: sequential-relevance-feedback(Rm3KeyqueryReranker(query_length=5,candidate_terms=8,query_amount=1,originalQueryWeight=0.25);rel=5)-default
2022-03-14 00:48:07,390 INFO  [pool-2-thread-43] search.SearchCollection$SearcherThread (SearchCollection.java:268) - [End  ] ranker: bm25(k1=0.9,b=0.4), reranker: sequential-relevance-feedback(Rm3KeyqueryReranker(query_length=5,candidate_terms=8,query_amount=1,originalQueryWeight=0.25);rel=3)-default
2022-03-14 00:48:07,398 INFO  [pool-2-thread-43] search.SearchCollection$SearcherThread (SearchCollection.java:269) - 50 topics processed in 01:01:54
2022-03-14 00:48:07,398 INFO  [pool-2-thread-43] search.SearchCollection$SearcherThread (SearchCollection.java:191) - [Start] ranker: bm25(k1=0.9,b=0.4), reranker: sequential-relevance-feedback(Rm3KeyqueryReranker(query_length=5,candidate_terms=9,query_amount=1,originalQueryWeight=0.25);rel=5)-default
2022-03-14 00:48:16,296 INFO  [pool-2-thread-39] search.SearchCollection$SearcherThread (SearchCollection.java:268) - [End  ] ranker: bm25(k1=0.9,b=0.4), reranker: sequential-relevance-feedback(Rm3KeyqueryReranker(query_length=8,candidate_terms=10,query_amount=1,originalQueryWeight=0.25);rel=3)-default
2022-03-14 00:48:16,297 INFO  [pool-2-thread-39] search.SearchCollection$SearcherThread (SearchCollection.java:269) - 50 topics processed in 00:51:51
2022-03-14 00:48:16,297 INFO  [pool-2-thread-39] search.SearchCollection$SearcherThread (SearchCollection.java:191) - [Start] ranker: bm25(k1=0.9,b=0.4), reranker: sequential-relevance-feedback(Rm3KeyqueryReranker(query_length=5,candidate_terms=10,query_amount=1,originalQueryWeight=0.25);rel=5)-default
2022-03-14 00:52:12,083 INFO  [pool-2-thread-1] search.SearchCollection$SearcherThread (SearchCollection.java:268) - [End  ] ranker: bm25(k1=0.9,b=0.4), reranker: sequential-relevance-feedback(Rm3KeyqueryReranker(query_length=6,candidate_terms=8,query_amount=1,originalQueryWeight=0.25);rel=4)-default
2022-03-14 00:52:12,093 INFO  [pool-2-thread-1] search.SearchCollection$SearcherThread (SearchCollection.java:269) - 50 topics processed in 00:40:40
2022-03-14 00:52:12,093 INFO  [pool-2-thread-1] search.SearchCollection$SearcherThread (SearchCollection.java:191) - [Start] ranker: bm25(k1=0.9,b=0.4), reranker: sequential-relevance-feedback(Rm3KeyqueryReranker(query_length=5,candidate_terms=11,query_amount=1,originalQueryWeight=0.25);rel=5)-default
2022-03-14 00:52:47,933 INFO  [pool-2-thread-27] search.SearchCollection$SearcherThread (SearchCollection.java:268) - [End  ] ranker: bm25(k1=0.9,b=0.4), reranker: sequential-relevance-feedback(Rm3KeyqueryReranker(query_length=6,candidate_terms=9,query_amount=1,originalQueryWeight=0.25);rel=2)-default
2022-03-14 00:52:47,933 INFO  [pool-2-thread-27] search.SearchCollection$SearcherThread (SearchCollection.java:269) - 50 topics processed in 01:06:34
2022-03-14 00:52:47,934 INFO  [pool-2-thread-27] search.SearchCollection$SearcherThread (SearchCollection.java:191) - [Start] ranker: bm25(k1=0.9,b=0.4), reranker: sequential-relevance-feedback(Rm3KeyqueryReranker(query_length=6,candidate_terms=8,query_amount=1,originalQueryWeight=0.25);rel=5)-default
2022-03-14 00:53:58,602 INFO  [pool-2-thread-10] search.SearchCollection$SearcherThread (SearchCollection.java:268) - [End  ] ranker: bm25(k1=0.9,b=0.4), reranker: sequential-relevance-feedback(Rm3KeyqueryReranker(query_length=9,candidate_terms=10,query_amount=1,originalQueryWeight=0.25);rel=4)-default
2022-03-14 00:53:58,636 INFO  [pool-2-thread-10] search.SearchCollection$SearcherThread (SearchCollection.java:269) - 50 topics processed in 00:16:21
2022-03-14 00:53:58,636 INFO  [pool-2-thread-10] search.SearchCollection$SearcherThread (SearchCollection.java:191) - [Start] ranker: bm25(k1=0.9,b=0.4), reranker: sequential-relevance-feedback(Rm3KeyqueryReranker(query_length=6,candidate_terms=9,query_amount=1,originalQueryWeight=0.25);rel=5)-default
2022-03-14 01:04:38,828 INFO  [pool-2-thread-11] search.SearchCollection$SearcherThread (SearchCollection.java:268) - [End  ] ranker: bm25(k1=0.9,b=0.4), reranker: sequential-relevance-feedback(Rm3KeyqueryReranker(query_length=10,candidate_terms=11,query_amount=1,originalQueryWeight=0.25);rel=4)-default
2022-03-14 01:04:38,829 INFO  [pool-2-thread-11] search.SearchCollection$SearcherThread (SearchCollection.java:269) - 50 topics processed in 00:18:28
2022-03-14 01:04:38,829 INFO  [pool-2-thread-11] search.SearchCollection$SearcherThread (SearchCollection.java:191) - [Start] ranker: bm25(k1=0.9,b=0.4), reranker: sequential-relevance-feedback(Rm3KeyqueryReranker(query_length=6,candidate_terms=10,query_amount=1,originalQueryWeight=0.25);rel=5)-default
2022-03-14 01:06:25,498 INFO  [pool-2-thread-42] search.SearchCollection$SearcherThread (SearchCollection.java:268) - [End  ] ranker: bm25(k1=0.9,b=0.4), reranker: sequential-relevance-feedback(Rm3KeyqueryReranker(query_length=9,candidate_terms=11,query_amount=1,originalQueryWeight=0.25);rel=3)-default
2022-03-14 01:06:25,500 INFO  [pool-2-thread-42] search.SearchCollection$SearcherThread (SearchCollection.java:269) - 50 topics processed in 01:06:03
2022-03-14 01:06:25,500 INFO  [pool-2-thread-42] search.SearchCollection$SearcherThread (SearchCollection.java:191) - [Start] ranker: bm25(k1=0.9,b=0.4), reranker: sequential-relevance-feedback(Rm3KeyqueryReranker(query_length=6,candidate_terms=11,query_amount=1,originalQueryWeight=0.25);rel=5)-default
2022-03-14 01:07:11,497 INFO  [pool-2-thread-16] search.SearchCollection$SearcherThread (SearchCollection.java:268) - [End  ] ranker: bm25(k1=0.9,b=0.4), reranker: sequential-relevance-feedback(Rm3KeyqueryReranker(query_length=8,candidate_terms=11,query_amount=1,originalQueryWeight=0.25);rel=1)-default
2022-03-14 01:07:11,498 INFO  [pool-2-thread-16] search.SearchCollection$SearcherThread (SearchCollection.java:269) - 50 topics processed in 01:20:58
2022-03-14 01:07:11,498 INFO  [pool-2-thread-16] search.SearchCollection$SearcherThread (SearchCollection.java:191) - [Start] ranker: bm25(k1=0.9,b=0.4), reranker: sequential-relevance-feedback(Rm3KeyqueryReranker(query_length=7,candidate_terms=8,query_amount=1,originalQueryWeight=0.25);rel=5)-default
2022-03-14 01:14:43,663 INFO  [pool-2-thread-20] search.SearchCollection$SearcherThread (SearchCollection.java:268) - [End  ] ranker: bm25(k1=0.9,b=0.4), reranker: sequential-relevance-feedback(Rm3KeyqueryReranker(query_length=7,candidate_terms=9,query_amount=1,originalQueryWeight=0.25);rel=4)-default
2022-03-14 01:14:43,679 INFO  [pool-2-thread-20] search.SearchCollection$SearcherThread (SearchCollection.java:269) - 50 topics processed in 00:55:22
2022-03-14 01:14:43,680 INFO  [pool-2-thread-20] search.SearchCollection$SearcherThread (SearchCollection.java:191) - [Start] ranker: bm25(k1=0.9,b=0.4), reranker: sequential-relevance-feedback(Rm3KeyqueryReranker(query_length=7,candidate_terms=9,query_amount=1,originalQueryWeight=0.25);rel=5)-default
2022-03-14 01:19:38,687 INFO  [pool-2-thread-34] search.SearchCollection$SearcherThread (SearchCollection.java:268) - [End  ] ranker: bm25(k1=0.9,b=0.4), reranker: sequential-relevance-feedback(Rm3KeyqueryReranker(query_length=6,candidate_terms=9,query_amount=1,originalQueryWeight=0.25);rel=3)-default
2022-03-14 01:19:38,689 INFO  [pool-2-thread-34] search.SearchCollection$SearcherThread (SearchCollection.java:269) - 50 topics processed in 01:30:58
2022-03-14 01:19:38,689 INFO  [pool-2-thread-34] search.SearchCollection$SearcherThread (SearchCollection.java:191) - [Start] ranker: bm25(k1=0.9,b=0.4), reranker: sequential-relevance-feedback(Rm3KeyqueryReranker(query_length=7,candidate_terms=10,query_amount=1,originalQueryWeight=0.25);rel=5)-default
2022-03-14 01:21:05,486 INFO  [pool-2-thread-23] search.SearchCollection$SearcherThread (SearchCollection.java:268) - [End  ] ranker: bm25(k1=0.9,b=0.4), reranker: sequential-relevance-feedback(Rm3KeyqueryReranker(query_length=5,candidate_terms=9,query_amount=1,originalQueryWeight=0.25);rel=2)-default
2022-03-14 01:21:05,487 INFO  [pool-2-thread-23] search.SearchCollection$SearcherThread (SearchCollection.java:269) - 50 topics processed in 01:34:52
2022-03-14 01:21:05,487 INFO  [pool-2-thread-23] search.SearchCollection$SearcherThread (SearchCollection.java:191) - [Start] ranker: bm25(k1=0.9,b=0.4), reranker: sequential-relevance-feedback(Rm3KeyqueryReranker(query_length=7,candidate_terms=11,query_amount=1,originalQueryWeight=0.25);rel=5)-default
2022-03-14 01:22:09,733 INFO  [pool-2-thread-7] search.SearchCollection$SearcherThread (SearchCollection.java:268) - [End  ] ranker: bm25(k1=0.9,b=0.4), reranker: sequential-relevance-feedback(Rm3KeyqueryReranker(query_length=6,candidate_terms=10,query_amount=1,originalQueryWeight=0.25);rel=1)-default
2022-03-14 01:22:09,736 INFO  [pool-2-thread-7] search.SearchCollection$SearcherThread (SearchCollection.java:269) - 50 topics processed in 01:35:56
2022-03-14 01:22:09,737 INFO  [pool-2-thread-7] search.SearchCollection$SearcherThread (SearchCollection.java:191) - [Start] ranker: bm25(k1=0.9,b=0.4), reranker: sequential-relevance-feedback(Rm3KeyqueryReranker(query_length=8,candidate_terms=8,query_amount=1,originalQueryWeight=0.25);rel=5)-default
2022-03-14 01:23:08,710 INFO  [pool-2-thread-16] search.SearchCollection$SearcherThread (SearchCollection.java:268) - [End  ] ranker: bm25(k1=0.9,b=0.4), reranker: sequential-relevance-feedback(Rm3KeyqueryReranker(query_length=7,candidate_terms=8,query_amount=1,originalQueryWeight=0.25);rel=5)-default
2022-03-14 01:23:08,710 INFO  [pool-2-thread-16] search.SearchCollection$SearcherThread (SearchCollection.java:269) - 50 topics processed in 00:15:57
2022-03-14 01:23:08,710 INFO  [pool-2-thread-16] search.SearchCollection$SearcherThread (SearchCollection.java:191) - [Start] ranker: bm25(k1=0.9,b=0.4), reranker: sequential-relevance-feedback(Rm3KeyqueryReranker(query_length=8,candidate_terms=9,query_amount=1,originalQueryWeight=0.25);rel=5)-default
2022-03-14 01:23:53,439 INFO  [pool-2-thread-32] search.SearchCollection$SearcherThread (SearchCollection.java:268) - [End  ] ranker: bm25(k1=0.9,b=0.4), reranker: sequential-relevance-feedback(Rm3KeyqueryReranker(query_length=7,candidate_terms=10,query_amount=1,originalQueryWeight=0.25);rel=2)-default
2022-03-14 01:23:53,447 INFO  [pool-2-thread-32] search.SearchCollection$SearcherThread (SearchCollection.java:269) - 50 topics processed in 01:37:40
2022-03-14 01:23:53,448 INFO  [pool-2-thread-32] search.SearchCollection$SearcherThread (SearchCollection.java:191) - [Start] ranker: bm25(k1=0.9,b=0.4), reranker: sequential-relevance-feedback(Rm3KeyqueryReranker(query_length=8,candidate_terms=10,query_amount=1,originalQueryWeight=0.25);rel=5)-default
2022-03-14 01:24:20,647 INFO  [pool-2-thread-9] search.SearchCollection$SearcherThread (SearchCollection.java:268) - [End  ] ranker: bm25(k1=0.9,b=0.4), reranker: sequential-relevance-feedback(Rm3KeyqueryReranker(query_length=5,candidate_terms=8,query_amount=1,originalQueryWeight=0.25);rel=4)-default
2022-03-14 01:24:20,648 INFO  [pool-2-thread-9] search.SearchCollection$SearcherThread (SearchCollection.java:269) - 50 topics processed in 01:19:46
2022-03-14 01:24:20,648 INFO  [pool-2-thread-9] search.SearchCollection$SearcherThread (SearchCollection.java:191) - [Start] ranker: bm25(k1=0.9,b=0.4), reranker: sequential-relevance-feedback(Rm3KeyqueryReranker(query_length=8,candidate_terms=11,query_amount=1,originalQueryWeight=0.25);rel=5)-default
2022-03-14 01:26:10,203 INFO  [pool-2-thread-7] search.SearchCollection$SearcherThread (SearchCollection.java:268) - [End  ] ranker: bm25(k1=0.9,b=0.4), reranker: sequential-relevance-feedback(Rm3KeyqueryReranker(query_length=8,candidate_terms=8,query_amount=1,originalQueryWeight=0.25);rel=5)-default
2022-03-14 01:26:10,205 INFO  [pool-2-thread-7] search.SearchCollection$SearcherThread (SearchCollection.java:269) - 50 topics processed in 00:04:00
2022-03-14 01:26:10,205 INFO  [pool-2-thread-7] search.SearchCollection$SearcherThread (SearchCollection.java:191) - [Start] ranker: bm25(k1=0.9,b=0.4), reranker: sequential-relevance-feedback(Rm3KeyqueryReranker(query_length=9,candidate_terms=9,query_amount=1,originalQueryWeight=0.25);rel=5)-default
2022-03-14 01:30:08,724 INFO  [pool-2-thread-7] search.SearchCollection$SearcherThread (SearchCollection.java:268) - [End  ] ranker: bm25(k1=0.9,b=0.4), reranker: sequential-relevance-feedback(Rm3KeyqueryReranker(query_length=9,candidate_terms=9,query_amount=1,originalQueryWeight=0.25);rel=5)-default
2022-03-14 01:30:08,725 INFO  [pool-2-thread-7] search.SearchCollection$SearcherThread (SearchCollection.java:269) - 50 topics processed in 00:03:58
2022-03-14 01:30:08,726 INFO  [pool-2-thread-7] search.SearchCollection$SearcherThread (SearchCollection.java:191) - [Start] ranker: bm25(k1=0.9,b=0.4), reranker: sequential-relevance-feedback(Rm3KeyqueryReranker(query_length=9,candidate_terms=10,query_amount=1,originalQueryWeight=0.25);rel=5)-default
2022-03-14 01:37:02,823 INFO  [pool-2-thread-3] search.SearchCollection$SearcherThread (SearchCollection.java:268) - [End  ] ranker: bm25(k1=0.9,b=0.4), reranker: sequential-relevance-feedback(Rm3KeyqueryReranker(query_length=5,candidate_terms=10,query_amount=1,originalQueryWeight=0.25);rel=1)-default
2022-03-14 01:37:02,824 INFO  [pool-2-thread-3] search.SearchCollection$SearcherThread (SearchCollection.java:269) - 50 topics processed in 01:50:49
2022-03-14 01:37:02,827 INFO  [pool-2-thread-3] search.SearchCollection$SearcherThread (SearchCollection.java:191) - [Start] ranker: bm25(k1=0.9,b=0.4), reranker: sequential-relevance-feedback(Rm3KeyqueryReranker(query_length=9,candidate_terms=11,query_amount=1,originalQueryWeight=0.25);rel=5)-default
2022-03-14 01:40:01,611 INFO  [pool-2-thread-14] search.SearchCollection$SearcherThread (SearchCollection.java:268) - [End  ] ranker: bm25(k1=0.9,b=0.4), reranker: sequential-relevance-feedback(Rm3KeyqueryReranker(query_length=8,candidate_terms=10,query_amount=1,originalQueryWeight=0.25);rel=4)-default
2022-03-14 01:40:01,628 INFO  [pool-2-thread-14] search.SearchCollection$SearcherThread (SearchCollection.java:269) - 50 topics processed in 01:07:13
2022-03-14 01:40:01,628 INFO  [pool-2-thread-14] search.SearchCollection$SearcherThread (SearchCollection.java:191) - [Start] ranker: bm25(k1=0.9,b=0.4), reranker: sequential-relevance-feedback(Rm3KeyqueryReranker(query_length=10,candidate_terms=10,query_amount=1,originalQueryWeight=0.25);rel=5)-default
2022-03-14 01:41:13,208 INFO  [pool-2-thread-16] search.SearchCollection$SearcherThread (SearchCollection.java:268) - [End  ] ranker: bm25(k1=0.9,b=0.4), reranker: sequential-relevance-feedback(Rm3KeyqueryReranker(query_length=8,candidate_terms=9,query_amount=1,originalQueryWeight=0.25);rel=5)-default
2022-03-14 01:41:13,223 INFO  [pool-2-thread-16] search.SearchCollection$SearcherThread (SearchCollection.java:269) - 50 topics processed in 00:18:04
2022-03-14 01:41:13,224 INFO  [pool-2-thread-16] search.SearchCollection$SearcherThread (SearchCollection.java:191) - [Start] ranker: bm25(k1=0.9,b=0.4), reranker: sequential-relevance-feedback(Rm3KeyqueryReranker(query_length=10,candidate_terms=11,query_amount=1,originalQueryWeight=0.25);rel=5)-default
2022-03-14 01:43:56,906 INFO  [pool-2-thread-27] search.SearchCollection$SearcherThread (SearchCollection.java:268) - [End  ] ranker: bm25(k1=0.9,b=0.4), reranker: sequential-relevance-feedback(Rm3KeyqueryReranker(query_length=6,candidate_terms=8,query_amount=1,originalQueryWeight=0.25);rel=5)-default
2022-03-14 01:43:56,908 INFO  [pool-2-thread-27] search.SearchCollection$SearcherThread (SearchCollection.java:269) - 50 topics processed in 00:51:08
2022-03-14 01:44:05,007 INFO  [pool-2-thread-14] search.SearchCollection$SearcherThread (SearchCollection.java:268) - [End  ] ranker: bm25(k1=0.9,b=0.4), reranker: sequential-relevance-feedback(Rm3KeyqueryReranker(query_length=10,candidate_terms=10,query_amount=1,originalQueryWeight=0.25);rel=5)-default
2022-03-14 01:44:05,008 INFO  [pool-2-thread-14] search.SearchCollection$SearcherThread (SearchCollection.java:269) - 50 topics processed in 00:04:03
2022-03-14 01:50:03,603 INFO  [pool-2-thread-7] search.SearchCollection$SearcherThread (SearchCollection.java:268) - [End  ] ranker: bm25(k1=0.9,b=0.4), reranker: sequential-relevance-feedback(Rm3KeyqueryReranker(query_length=9,candidate_terms=10,query_amount=1,originalQueryWeight=0.25);rel=5)-default
2022-03-14 01:50:03,603 INFO  [pool-2-thread-7] search.SearchCollection$SearcherThread (SearchCollection.java:269) - 50 topics processed in 00:19:54
2022-03-14 02:00:20,518 INFO  [pool-2-thread-37] search.SearchCollection$SearcherThread (SearchCollection.java:268) - [End  ] ranker: bm25(k1=0.9,b=0.4), reranker: sequential-relevance-feedback(Rm3KeyqueryReranker(query_length=8,candidate_terms=11,query_amount=1,originalQueryWeight=0.25);rel=2)-default
2022-03-14 02:00:20,519 INFO  [pool-2-thread-37] search.SearchCollection$SearcherThread (SearchCollection.java:269) - 50 topics processed in 02:14:07
2022-03-14 02:00:41,897 INFO  [pool-2-thread-44] search.SearchCollection$SearcherThread (SearchCollection.java:268) - [End  ] ranker: bm25(k1=0.9,b=0.4), reranker: sequential-relevance-feedback(Rm3KeyqueryReranker(query_length=5,candidate_terms=9,query_amount=1,originalQueryWeight=0.25);rel=3)-default
2022-03-14 02:00:41,920 INFO  [pool-2-thread-44] search.SearchCollection$SearcherThread (SearchCollection.java:269) - 50 topics processed in 02:14:28
2022-03-14 02:01:07,389 INFO  [pool-2-thread-2] search.SearchCollection$SearcherThread (SearchCollection.java:268) - [End  ] ranker: bm25(k1=0.9,b=0.4), reranker: sequential-relevance-feedback(Rm3KeyqueryReranker(query_length=9,candidate_terms=11,query_amount=1,originalQueryWeight=0.25);rel=4)-default
2022-03-14 02:01:07,389 INFO  [pool-2-thread-2] search.SearchCollection$SearcherThread (SearchCollection.java:269) - 50 topics processed in 01:19:31
2022-03-14 02:03:27,372 INFO  [pool-2-thread-16] search.SearchCollection$SearcherThread (SearchCollection.java:268) - [End  ] ranker: bm25(k1=0.9,b=0.4), reranker: sequential-relevance-feedback(Rm3KeyqueryReranker(query_length=10,candidate_terms=11,query_amount=1,originalQueryWeight=0.25);rel=5)-default
2022-03-14 02:03:27,408 INFO  [pool-2-thread-16] search.SearchCollection$SearcherThread (SearchCollection.java:269) - 50 topics processed in 00:22:14
2022-03-14 02:04:35,736 INFO  [pool-2-thread-18] search.SearchCollection$SearcherThread (SearchCollection.java:268) - [End  ] ranker: bm25(k1=0.9,b=0.4), reranker: sequential-relevance-feedback(Rm3KeyqueryReranker(query_length=7,candidate_terms=10,query_amount=1,originalQueryWeight=0.25);rel=3)-default
2022-03-14 02:04:35,737 INFO  [pool-2-thread-18] search.SearchCollection$SearcherThread (SearchCollection.java:269) - 50 topics processed in 02:11:42
2022-03-14 02:12:14,367 INFO  [pool-2-thread-5] search.SearchCollection$SearcherThread (SearchCollection.java:268) - [End  ] ranker: bm25(k1=0.9,b=0.4), reranker: sequential-relevance-feedback(Rm3KeyqueryReranker(query_length=6,candidate_terms=9,query_amount=1,originalQueryWeight=0.25);rel=4)-default
2022-03-14 02:12:14,379 INFO  [pool-2-thread-5] search.SearchCollection$SearcherThread (SearchCollection.java:269) - 50 topics processed in 01:59:19
2022-03-14 02:14:16,572 INFO  [pool-2-thread-12] search.SearchCollection$SearcherThread (SearchCollection.java:268) - [End  ] ranker: bm25(k1=0.9,b=0.4), reranker: sequential-relevance-feedback(Rm3KeyqueryReranker(query_length=7,candidate_terms=11,query_amount=1,originalQueryWeight=0.25);rel=1)-default
2022-03-14 02:14:16,573 INFO  [pool-2-thread-12] search.SearchCollection$SearcherThread (SearchCollection.java:269) - 50 topics processed in 02:28:03
2022-03-14 02:15:34,464 INFO  [pool-2-thread-20] search.SearchCollection$SearcherThread (SearchCollection.java:268) - [End  ] ranker: bm25(k1=0.9,b=0.4), reranker: sequential-relevance-feedback(Rm3KeyqueryReranker(query_length=7,candidate_terms=9,query_amount=1,originalQueryWeight=0.25);rel=5)-default
2022-03-14 02:15:34,483 INFO  [pool-2-thread-20] search.SearchCollection$SearcherThread (SearchCollection.java:269) - 50 topics processed in 01:00:50
2022-03-14 02:19:31,732 INFO  [pool-2-thread-22] search.SearchCollection$SearcherThread (SearchCollection.java:268) - [End  ] ranker: bm25(k1=0.9,b=0.4), reranker: sequential-relevance-feedback(Rm3KeyqueryReranker(query_length=5,candidate_terms=8,query_amount=1,originalQueryWeight=0.25);rel=5)-default
2022-03-14 02:19:31,733 INFO  [pool-2-thread-22] search.SearchCollection$SearcherThread (SearchCollection.java:269) - 50 topics processed in 01:32:55
2022-03-14 02:25:59,098 INFO  [pool-2-thread-28] search.SearchCollection$SearcherThread (SearchCollection.java:268) - [End  ] ranker: bm25(k1=0.9,b=0.4), reranker: sequential-relevance-feedback(Rm3KeyqueryReranker(query_length=6,candidate_terms=10,query_amount=1,originalQueryWeight=0.25);rel=2)-default
2022-03-14 02:25:59,099 INFO  [pool-2-thread-28] search.SearchCollection$SearcherThread (SearchCollection.java:269) - 50 topics processed in 02:39:45
2022-03-14 02:34:10,461 INFO  [pool-2-thread-32] search.SearchCollection$SearcherThread (SearchCollection.java:268) - [End  ] ranker: bm25(k1=0.9,b=0.4), reranker: sequential-relevance-feedback(Rm3KeyqueryReranker(query_length=8,candidate_terms=10,query_amount=1,originalQueryWeight=0.25);rel=5)-default
2022-03-14 02:34:10,461 INFO  [pool-2-thread-32] search.SearchCollection$SearcherThread (SearchCollection.java:269) - 50 topics processed in 01:10:17
2022-03-14 02:46:41,307 INFO  [pool-2-thread-35] search.SearchCollection$SearcherThread (SearchCollection.java:268) - [End  ] ranker: bm25(k1=0.9,b=0.4), reranker: sequential-relevance-feedback(Rm3KeyqueryReranker(query_length=5,candidate_terms=9,query_amount=1,originalQueryWeight=0.25);rel=4)-default
2022-03-14 02:46:41,316 INFO  [pool-2-thread-35] search.SearchCollection$SearcherThread (SearchCollection.java:269) - 50 topics processed in 02:39:37
2022-03-14 02:46:49,371 INFO  [pool-2-thread-24] search.SearchCollection$SearcherThread (SearchCollection.java:268) - [End  ] ranker: bm25(k1=0.9,b=0.4), reranker: sequential-relevance-feedback(Rm3KeyqueryReranker(query_length=5,candidate_terms=10,query_amount=1,originalQueryWeight=0.25);rel=2)-default
2022-03-14 02:46:49,372 INFO  [pool-2-thread-24] search.SearchCollection$SearcherThread (SearchCollection.java:269) - 50 topics processed in 03:00:36
2022-03-14 02:47:01,975 INFO  [pool-2-thread-30] search.SearchCollection$SearcherThread (SearchCollection.java:268) - [End  ] ranker: bm25(k1=0.9,b=0.4), reranker: sequential-relevance-feedback(Rm3KeyqueryReranker(query_length=8,candidate_terms=11,query_amount=1,originalQueryWeight=0.25);rel=3)-default
2022-03-14 02:47:01,987 INFO  [pool-2-thread-30] search.SearchCollection$SearcherThread (SearchCollection.java:269) - 50 topics processed in 02:50:04
2022-03-14 02:52:46,974 INFO  [pool-2-thread-4] search.SearchCollection$SearcherThread (SearchCollection.java:268) - [End  ] ranker: bm25(k1=0.9,b=0.4), reranker: sequential-relevance-feedback(Rm3KeyqueryReranker(query_length=5,candidate_terms=11,query_amount=1,originalQueryWeight=0.25);rel=1)-default
2022-03-14 02:52:46,976 INFO  [pool-2-thread-4] search.SearchCollection$SearcherThread (SearchCollection.java:269) - 50 topics processed in 03:06:33
2022-03-14 02:54:09,572 INFO  [pool-2-thread-8] search.SearchCollection$SearcherThread (SearchCollection.java:268) - [End  ] ranker: bm25(k1=0.9,b=0.4), reranker: sequential-relevance-feedback(Rm3KeyqueryReranker(query_length=6,candidate_terms=11,query_amount=1,originalQueryWeight=0.25);rel=1)-default
2022-03-14 02:54:09,572 INFO  [pool-2-thread-8] search.SearchCollection$SearcherThread (SearchCollection.java:269) - 50 topics processed in 03:07:56
2022-03-14 02:54:12,185 INFO  [pool-2-thread-6] search.SearchCollection$SearcherThread (SearchCollection.java:268) - [End  ] ranker: bm25(k1=0.9,b=0.4), reranker: sequential-relevance-feedback(Rm3KeyqueryReranker(query_length=7,candidate_terms=10,query_amount=1,originalQueryWeight=0.25);rel=4)-default
2022-03-14 02:54:12,185 INFO  [pool-2-thread-6] search.SearchCollection$SearcherThread (SearchCollection.java:269) - 50 topics processed in 02:30:26
2022-03-14 02:55:33,017 INFO  [pool-2-thread-3] search.SearchCollection$SearcherThread (SearchCollection.java:268) - [End  ] ranker: bm25(k1=0.9,b=0.4), reranker: sequential-relevance-feedback(Rm3KeyqueryReranker(query_length=9,candidate_terms=11,query_amount=1,originalQueryWeight=0.25);rel=5)-default
2022-03-14 02:55:33,017 INFO  [pool-2-thread-3] search.SearchCollection$SearcherThread (SearchCollection.java:269) - 50 topics processed in 01:18:30
2022-03-14 02:56:57,106 INFO  [pool-2-thread-10] search.SearchCollection$SearcherThread (SearchCollection.java:268) - [End  ] ranker: bm25(k1=0.9,b=0.4), reranker: sequential-relevance-feedback(Rm3KeyqueryReranker(query_length=6,candidate_terms=9,query_amount=1,originalQueryWeight=0.25);rel=5)-default
2022-03-14 02:56:57,107 INFO  [pool-2-thread-10] search.SearchCollection$SearcherThread (SearchCollection.java:269) - 50 topics processed in 02:02:58
2022-03-14 03:05:21,915 INFO  [pool-2-thread-38] search.SearchCollection$SearcherThread (SearchCollection.java:268) - [End  ] ranker: bm25(k1=0.9,b=0.4), reranker: sequential-relevance-feedback(Rm3KeyqueryReranker(query_length=6,candidate_terms=10,query_amount=1,originalQueryWeight=0.25);rel=3)-default
2022-03-14 03:05:21,918 INFO  [pool-2-thread-38] search.SearchCollection$SearcherThread (SearchCollection.java:269) - 50 topics processed in 03:16:34
2022-03-14 03:23:10,635 INFO  [pool-2-thread-33] search.SearchCollection$SearcherThread (SearchCollection.java:268) - [End  ] ranker: bm25(k1=0.9,b=0.4), reranker: sequential-relevance-feedback(Rm3KeyqueryReranker(query_length=7,candidate_terms=11,query_amount=1,originalQueryWeight=0.25);rel=2)-default
2022-03-14 03:23:10,641 INFO  [pool-2-thread-33] search.SearchCollection$SearcherThread (SearchCollection.java:269) - 50 topics processed in 03:36:57
2022-03-14 03:23:19,825 INFO  [pool-2-thread-17] search.SearchCollection$SearcherThread (SearchCollection.java:268) - [End  ] ranker: bm25(k1=0.9,b=0.4), reranker: sequential-relevance-feedback(Rm3KeyqueryReranker(query_length=5,candidate_terms=10,query_amount=1,originalQueryWeight=0.25);rel=3)-default
2022-03-14 03:23:19,826 INFO  [pool-2-thread-17] search.SearchCollection$SearcherThread (SearchCollection.java:269) - 50 topics processed in 03:37:01
2022-03-14 03:27:06,431 INFO  [pool-2-thread-43] search.SearchCollection$SearcherThread (SearchCollection.java:268) - [End  ] ranker: bm25(k1=0.9,b=0.4), reranker: sequential-relevance-feedback(Rm3KeyqueryReranker(query_length=5,candidate_terms=9,query_amount=1,originalQueryWeight=0.25);rel=5)-default
2022-03-14 03:27:06,432 INFO  [pool-2-thread-43] search.SearchCollection$SearcherThread (SearchCollection.java:269) - 50 topics processed in 02:38:59
2022-03-14 03:32:30,668 INFO  [pool-2-thread-40] search.SearchCollection$SearcherThread (SearchCollection.java:268) - [End  ] ranker: bm25(k1=0.9,b=0.4), reranker: sequential-relevance-feedback(Rm3KeyqueryReranker(query_length=8,candidate_terms=11,query_amount=1,originalQueryWeight=0.25);rel=4)-default
2022-03-14 03:32:30,669 INFO  [pool-2-thread-40] search.SearchCollection$SearcherThread (SearchCollection.java:269) - 50 topics processed in 02:58:24
2022-03-14 03:38:28,451 INFO  [pool-2-thread-34] search.SearchCollection$SearcherThread (SearchCollection.java:268) - [End  ] ranker: bm25(k1=0.9,b=0.4), reranker: sequential-relevance-feedback(Rm3KeyqueryReranker(query_length=7,candidate_terms=10,query_amount=1,originalQueryWeight=0.25);rel=5)-default
2022-03-14 03:38:28,451 INFO  [pool-2-thread-34] search.SearchCollection$SearcherThread (SearchCollection.java:269) - 50 topics processed in 02:18:49
2022-03-14 03:46:51,742 INFO  [pool-2-thread-31] search.SearchCollection$SearcherThread (SearchCollection.java:268) - [End  ] ranker: bm25(k1=0.9,b=0.4), reranker: sequential-relevance-feedback(Rm3KeyqueryReranker(query_length=6,candidate_terms=10,query_amount=1,originalQueryWeight=0.25);rel=4)-default
2022-03-14 03:46:51,743 INFO  [pool-2-thread-31] search.SearchCollection$SearcherThread (SearchCollection.java:269) - 50 topics processed in 03:31:18
2022-03-14 04:00:26,574 INFO  [pool-2-thread-25] search.SearchCollection$SearcherThread (SearchCollection.java:268) - [End  ] ranker: bm25(k1=0.9,b=0.4), reranker: sequential-relevance-feedback(Rm3KeyqueryReranker(query_length=5,candidate_terms=11,query_amount=1,originalQueryWeight=0.25);rel=2)-default
2022-03-14 04:00:26,575 INFO  [pool-2-thread-25] search.SearchCollection$SearcherThread (SearchCollection.java:269) - 50 topics processed in 04:14:13
2022-03-14 04:03:11,498 INFO  [pool-2-thread-29] search.SearchCollection$SearcherThread (SearchCollection.java:268) - [End  ] ranker: bm25(k1=0.9,b=0.4), reranker: sequential-relevance-feedback(Rm3KeyqueryReranker(query_length=6,candidate_terms=11,query_amount=1,originalQueryWeight=0.25);rel=2)-default
2022-03-14 04:03:11,499 INFO  [pool-2-thread-29] search.SearchCollection$SearcherThread (SearchCollection.java:269) - 50 topics processed in 04:16:58
2022-03-14 04:06:21,350 INFO  [pool-2-thread-21] search.SearchCollection$SearcherThread (SearchCollection.java:268) - [End  ] ranker: bm25(k1=0.9,b=0.4), reranker: sequential-relevance-feedback(Rm3KeyqueryReranker(query_length=7,candidate_terms=11,query_amount=1,originalQueryWeight=0.25);rel=3)-default
2022-03-14 04:06:21,351 INFO  [pool-2-thread-21] search.SearchCollection$SearcherThread (SearchCollection.java:269) - 50 topics processed in 04:12:46
2022-03-14 04:06:35,946 INFO  [pool-2-thread-26] search.SearchCollection$SearcherThread (SearchCollection.java:268) - [End  ] ranker: bm25(k1=0.9,b=0.4), reranker: sequential-relevance-feedback(Rm3KeyqueryReranker(query_length=5,candidate_terms=10,query_amount=1,originalQueryWeight=0.25);rel=4)-default
2022-03-14 04:06:35,946 INFO  [pool-2-thread-26] search.SearchCollection$SearcherThread (SearchCollection.java:269) - 50 topics processed in 03:57:22
2022-03-14 04:10:31,885 INFO  [pool-2-thread-9] search.SearchCollection$SearcherThread (SearchCollection.java:268) - [End  ] ranker: bm25(k1=0.9,b=0.4), reranker: sequential-relevance-feedback(Rm3KeyqueryReranker(query_length=8,candidate_terms=11,query_amount=1,originalQueryWeight=0.25);rel=5)-default
2022-03-14 04:10:31,886 INFO  [pool-2-thread-9] search.SearchCollection$SearcherThread (SearchCollection.java:269) - 50 topics processed in 02:46:11
2022-03-14 04:27:55,378 INFO  [pool-2-thread-11] search.SearchCollection$SearcherThread (SearchCollection.java:268) - [End  ] ranker: bm25(k1=0.9,b=0.4), reranker: sequential-relevance-feedback(Rm3KeyqueryReranker(query_length=6,candidate_terms=10,query_amount=1,originalQueryWeight=0.25);rel=5)-default
2022-03-14 04:27:55,379 INFO  [pool-2-thread-11] search.SearchCollection$SearcherThread (SearchCollection.java:269) - 50 topics processed in 03:23:16
2022-03-14 04:45:10,531 INFO  [pool-2-thread-39] search.SearchCollection$SearcherThread (SearchCollection.java:268) - [End  ] ranker: bm25(k1=0.9,b=0.4), reranker: sequential-relevance-feedback(Rm3KeyqueryReranker(query_length=5,candidate_terms=10,query_amount=1,originalQueryWeight=0.25);rel=5)-default
2022-03-14 04:45:10,532 INFO  [pool-2-thread-39] search.SearchCollection$SearcherThread (SearchCollection.java:269) - 50 topics processed in 03:56:54
2022-03-14 04:48:43,913 INFO  [pool-2-thread-13] search.SearchCollection$SearcherThread (SearchCollection.java:268) - [End  ] ranker: bm25(k1=0.9,b=0.4), reranker: sequential-relevance-feedback(Rm3KeyqueryReranker(query_length=5,candidate_terms=11,query_amount=1,originalQueryWeight=0.25);rel=3)-default
2022-03-14 04:48:43,914 INFO  [pool-2-thread-13] search.SearchCollection$SearcherThread (SearchCollection.java:269) - 50 topics processed in 05:00:40
2022-03-14 04:50:30,000 INFO  [pool-2-thread-41] search.SearchCollection$SearcherThread (SearchCollection.java:268) - [End  ] ranker: bm25(k1=0.9,b=0.4), reranker: sequential-relevance-feedback(Rm3KeyqueryReranker(query_length=6,candidate_terms=11,query_amount=1,originalQueryWeight=0.25);rel=3)-default
2022-03-14 04:50:30,000 INFO  [pool-2-thread-41] search.SearchCollection$SearcherThread (SearchCollection.java:269) - 50 topics processed in 05:01:42
2022-03-14 04:50:54,783 INFO  [pool-2-thread-36] search.SearchCollection$SearcherThread (SearchCollection.java:268) - [End  ] ranker: bm25(k1=0.9,b=0.4), reranker: sequential-relevance-feedback(Rm3KeyqueryReranker(query_length=7,candidate_terms=11,query_amount=1,originalQueryWeight=0.25);rel=4)-default
2022-03-14 04:50:54,784 INFO  [pool-2-thread-36] search.SearchCollection$SearcherThread (SearchCollection.java:269) - 50 topics processed in 04:26:44
2022-03-14 05:42:23,122 INFO  [pool-2-thread-15] search.SearchCollection$SearcherThread (SearchCollection.java:268) - [End  ] ranker: bm25(k1=0.9,b=0.4), reranker: sequential-relevance-feedback(Rm3KeyqueryReranker(query_length=5,candidate_terms=11,query_amount=1,originalQueryWeight=0.25);rel=4)-default
2022-03-14 05:42:23,122 INFO  [pool-2-thread-15] search.SearchCollection$SearcherThread (SearchCollection.java:269) - 50 topics processed in 05:32:47
2022-03-14 05:42:29,121 INFO  [pool-2-thread-23] search.SearchCollection$SearcherThread (SearchCollection.java:268) - [End  ] ranker: bm25(k1=0.9,b=0.4), reranker: sequential-relevance-feedback(Rm3KeyqueryReranker(query_length=7,candidate_terms=11,query_amount=1,originalQueryWeight=0.25);rel=5)-default
2022-03-14 05:42:29,121 INFO  [pool-2-thread-23] search.SearchCollection$SearcherThread (SearchCollection.java:269) - 50 topics processed in 04:21:23
2022-03-14 05:44:33,398 INFO  [pool-2-thread-19] search.SearchCollection$SearcherThread (SearchCollection.java:268) - [End  ] ranker: bm25(k1=0.9,b=0.4), reranker: sequential-relevance-feedback(Rm3KeyqueryReranker(query_length=6,candidate_terms=11,query_amount=1,originalQueryWeight=0.25);rel=4)-default
2022-03-14 05:44:33,398 INFO  [pool-2-thread-19] search.SearchCollection$SearcherThread (SearchCollection.java:269) - 50 topics processed in 05:29:00
2022-03-14 06:36:17,686 INFO  [pool-2-thread-1] search.SearchCollection$SearcherThread (SearchCollection.java:268) - [End  ] ranker: bm25(k1=0.9,b=0.4), reranker: sequential-relevance-feedback(Rm3KeyqueryReranker(query_length=5,candidate_terms=11,query_amount=1,originalQueryWeight=0.25);rel=5)-default
2022-03-14 06:36:17,686 INFO  [pool-2-thread-1] search.SearchCollection$SearcherThread (SearchCollection.java:269) - 50 topics processed in 05:44:05
2022-03-14 06:43:25,339 INFO  [pool-2-thread-42] search.SearchCollection$SearcherThread (SearchCollection.java:268) - [End  ] ranker: bm25(k1=0.9,b=0.4), reranker: sequential-relevance-feedback(Rm3KeyqueryReranker(query_length=6,candidate_terms=11,query_amount=1,originalQueryWeight=0.25);rel=5)-default
2022-03-14 06:43:25,339 INFO  [pool-2-thread-42] search.SearchCollection$SearcherThread (SearchCollection.java:269) - 50 topics processed in 05:36:59
2022-03-14 06:43:25,486 INFO  [main] search.SearchCollection (SearchCollection.java:1235) - Total run time: 06:57:14
