2022-03-13 23:45:06,254 INFO  [main] search.SearchCollection (SearchCollection.java:285) - ============ Initializing Searcher ============
2022-03-13 23:45:06,258 INFO  [main] search.SearchCollection (SearchCollection.java:286) - Index: /home/webis/lucene-index.cw12b13.docvectors
2022-03-13 23:45:08,027 INFO  [main] search.SearchCollection (SearchCollection.java:323) - Language: en
2022-03-13 23:45:08,030 INFO  [main] search.SearchCollection (SearchCollection.java:324) - Stemmer: porter
2022-03-13 23:45:08,031 INFO  [main] search.SearchCollection (SearchCollection.java:325) - Keep stopwords? false
2022-03-13 23:45:08,478 INFO  [main] search.SearchCollection (SearchCollection.java:1027) - runtag: Anserini
2022-03-13 23:45:08,795 INFO  [main] search.SearchCollection (SearchCollection.java:1033) - ============ Launching Search Threads ============
2022-03-13 23:45:08,804 INFO  [pool-2-thread-1] search.SearchCollection$SearcherThread (SearchCollection.java:191) - [Start] ranker: bm25(k1=0.9,b=0.4), reranker: sequential-relevance-feedback(Rm3KeyqueryReranker(query_length=5,candidate_terms=8,query_amount=1,originalQueryWeight=0.25);rel=1)-default
2022-03-13 23:45:08,804 INFO  [pool-2-thread-3] search.SearchCollection$SearcherThread (SearchCollection.java:191) - [Start] ranker: bm25(k1=0.9,b=0.4), reranker: sequential-relevance-feedback(Rm3KeyqueryReranker(query_length=5,candidate_terms=10,query_amount=1,originalQueryWeight=0.25);rel=1)-default
2022-03-13 23:45:08,804 INFO  [pool-2-thread-5] search.SearchCollection$SearcherThread (SearchCollection.java:191) - [Start] ranker: bm25(k1=0.9,b=0.4), reranker: sequential-relevance-feedback(Rm3KeyqueryReranker(query_length=6,candidate_terms=8,query_amount=1,originalQueryWeight=0.25);rel=1)-default
2022-03-13 23:45:08,805 INFO  [pool-2-thread-6] search.SearchCollection$SearcherThread (SearchCollection.java:191) - [Start] ranker: bm25(k1=0.9,b=0.4), reranker: sequential-relevance-feedback(Rm3KeyqueryReranker(query_length=6,candidate_terms=9,query_amount=1,originalQueryWeight=0.25);rel=1)-default
2022-03-13 23:45:08,804 INFO  [pool-2-thread-4] search.SearchCollection$SearcherThread (SearchCollection.java:191) - [Start] ranker: bm25(k1=0.9,b=0.4), reranker: sequential-relevance-feedback(Rm3KeyqueryReranker(query_length=5,candidate_terms=11,query_amount=1,originalQueryWeight=0.25);rel=1)-default
2022-03-13 23:45:08,805 INFO  [pool-2-thread-2] search.SearchCollection$SearcherThread (SearchCollection.java:191) - [Start] ranker: bm25(k1=0.9,b=0.4), reranker: sequential-relevance-feedback(Rm3KeyqueryReranker(query_length=5,candidate_terms=9,query_amount=1,originalQueryWeight=0.25);rel=1)-default
2022-03-13 23:45:08,805 INFO  [pool-2-thread-7] search.SearchCollection$SearcherThread (SearchCollection.java:191) - [Start] ranker: bm25(k1=0.9,b=0.4), reranker: sequential-relevance-feedback(Rm3KeyqueryReranker(query_length=6,candidate_terms=10,query_amount=1,originalQueryWeight=0.25);rel=1)-default
2022-03-13 23:45:08,805 INFO  [pool-2-thread-8] search.SearchCollection$SearcherThread (SearchCollection.java:191) - [Start] ranker: bm25(k1=0.9,b=0.4), reranker: sequential-relevance-feedback(Rm3KeyqueryReranker(query_length=6,candidate_terms=11,query_amount=1,originalQueryWeight=0.25);rel=1)-default
2022-03-13 23:45:08,806 INFO  [pool-2-thread-9] search.SearchCollection$SearcherThread (SearchCollection.java:191) - [Start] ranker: bm25(k1=0.9,b=0.4), reranker: sequential-relevance-feedback(Rm3KeyqueryReranker(query_length=7,candidate_terms=8,query_amount=1,originalQueryWeight=0.25);rel=1)-default
2022-03-13 23:45:08,806 INFO  [pool-2-thread-10] search.SearchCollection$SearcherThread (SearchCollection.java:191) - [Start] ranker: bm25(k1=0.9,b=0.4), reranker: sequential-relevance-feedback(Rm3KeyqueryReranker(query_length=7,candidate_terms=9,query_amount=1,originalQueryWeight=0.25);rel=1)-default
2022-03-13 23:45:08,806 INFO  [pool-2-thread-12] search.SearchCollection$SearcherThread (SearchCollection.java:191) - [Start] ranker: bm25(k1=0.9,b=0.4), reranker: sequential-relevance-feedback(Rm3KeyqueryReranker(query_length=7,candidate_terms=11,query_amount=1,originalQueryWeight=0.25);rel=1)-default
2022-03-13 23:45:08,806 INFO  [pool-2-thread-11] search.SearchCollection$SearcherThread (SearchCollection.java:191) - [Start] ranker: bm25(k1=0.9,b=0.4), reranker: sequential-relevance-feedback(Rm3KeyqueryReranker(query_length=7,candidate_terms=10,query_amount=1,originalQueryWeight=0.25);rel=1)-default
2022-03-13 23:45:08,809 INFO  [pool-2-thread-13] search.SearchCollection$SearcherThread (SearchCollection.java:191) - [Start] ranker: bm25(k1=0.9,b=0.4), reranker: sequential-relevance-feedback(Rm3KeyqueryReranker(query_length=8,candidate_terms=8,query_amount=1,originalQueryWeight=0.25);rel=1)-default
2022-03-13 23:45:08,809 INFO  [pool-2-thread-14] search.SearchCollection$SearcherThread (SearchCollection.java:191) - [Start] ranker: bm25(k1=0.9,b=0.4), reranker: sequential-relevance-feedback(Rm3KeyqueryReranker(query_length=8,candidate_terms=9,query_amount=1,originalQueryWeight=0.25);rel=1)-default
2022-03-13 23:45:08,811 INFO  [pool-2-thread-15] search.SearchCollection$SearcherThread (SearchCollection.java:191) - [Start] ranker: bm25(k1=0.9,b=0.4), reranker: sequential-relevance-feedback(Rm3KeyqueryReranker(query_length=8,candidate_terms=10,query_amount=1,originalQueryWeight=0.25);rel=1)-default
2022-03-13 23:45:08,812 INFO  [pool-2-thread-16] search.SearchCollection$SearcherThread (SearchCollection.java:191) - [Start] ranker: bm25(k1=0.9,b=0.4), reranker: sequential-relevance-feedback(Rm3KeyqueryReranker(query_length=8,candidate_terms=11,query_amount=1,originalQueryWeight=0.25);rel=1)-default
2022-03-13 23:45:08,813 INFO  [pool-2-thread-17] search.SearchCollection$SearcherThread (SearchCollection.java:191) - [Start] ranker: bm25(k1=0.9,b=0.4), reranker: sequential-relevance-feedback(Rm3KeyqueryReranker(query_length=9,candidate_terms=9,query_amount=1,originalQueryWeight=0.25);rel=1)-default
2022-03-13 23:45:08,813 INFO  [pool-2-thread-18] search.SearchCollection$SearcherThread (SearchCollection.java:191) - [Start] ranker: bm25(k1=0.9,b=0.4), reranker: sequential-relevance-feedback(Rm3KeyqueryReranker(query_length=9,candidate_terms=10,query_amount=1,originalQueryWeight=0.25);rel=1)-default
2022-03-13 23:45:08,813 INFO  [pool-2-thread-19] search.SearchCollection$SearcherThread (SearchCollection.java:191) - [Start] ranker: bm25(k1=0.9,b=0.4), reranker: sequential-relevance-feedback(Rm3KeyqueryReranker(query_length=9,candidate_terms=11,query_amount=1,originalQueryWeight=0.25);rel=1)-default
2022-03-13 23:45:08,814 INFO  [pool-2-thread-20] search.SearchCollection$SearcherThread (SearchCollection.java:191) - [Start] ranker: bm25(k1=0.9,b=0.4), reranker: sequential-relevance-feedback(Rm3KeyqueryReranker(query_length=10,candidate_terms=10,query_amount=1,originalQueryWeight=0.25);rel=1)-default
2022-03-13 23:45:08,814 INFO  [pool-2-thread-21] search.SearchCollection$SearcherThread (SearchCollection.java:191) - [Start] ranker: bm25(k1=0.9,b=0.4), reranker: sequential-relevance-feedback(Rm3KeyqueryReranker(query_length=10,candidate_terms=11,query_amount=1,originalQueryWeight=0.25);rel=1)-default
2022-03-13 23:45:08,815 INFO  [pool-2-thread-22] search.SearchCollection$SearcherThread (SearchCollection.java:191) - [Start] ranker: bm25(k1=0.9,b=0.4), reranker: sequential-relevance-feedback(Rm3KeyqueryReranker(query_length=5,candidate_terms=8,query_amount=1,originalQueryWeight=0.25);rel=2)-default
2022-03-13 23:45:08,816 INFO  [pool-2-thread-23] search.SearchCollection$SearcherThread (SearchCollection.java:191) - [Start] ranker: bm25(k1=0.9,b=0.4), reranker: sequential-relevance-feedback(Rm3KeyqueryReranker(query_length=5,candidate_terms=9,query_amount=1,originalQueryWeight=0.25);rel=2)-default
2022-03-13 23:45:08,816 INFO  [pool-2-thread-24] search.SearchCollection$SearcherThread (SearchCollection.java:191) - [Start] ranker: bm25(k1=0.9,b=0.4), reranker: sequential-relevance-feedback(Rm3KeyqueryReranker(query_length=5,candidate_terms=10,query_amount=1,originalQueryWeight=0.25);rel=2)-default
2022-03-13 23:45:08,819 INFO  [pool-2-thread-25] search.SearchCollection$SearcherThread (SearchCollection.java:191) - [Start] ranker: bm25(k1=0.9,b=0.4), reranker: sequential-relevance-feedback(Rm3KeyqueryReranker(query_length=5,candidate_terms=11,query_amount=1,originalQueryWeight=0.25);rel=2)-default
2022-03-13 23:45:08,819 INFO  [pool-2-thread-26] search.SearchCollection$SearcherThread (SearchCollection.java:191) - [Start] ranker: bm25(k1=0.9,b=0.4), reranker: sequential-relevance-feedback(Rm3KeyqueryReranker(query_length=6,candidate_terms=8,query_amount=1,originalQueryWeight=0.25);rel=2)-default
2022-03-13 23:45:08,820 INFO  [pool-2-thread-27] search.SearchCollection$SearcherThread (SearchCollection.java:191) - [Start] ranker: bm25(k1=0.9,b=0.4), reranker: sequential-relevance-feedback(Rm3KeyqueryReranker(query_length=6,candidate_terms=9,query_amount=1,originalQueryWeight=0.25);rel=2)-default
2022-03-13 23:45:08,820 INFO  [pool-2-thread-28] search.SearchCollection$SearcherThread (SearchCollection.java:191) - [Start] ranker: bm25(k1=0.9,b=0.4), reranker: sequential-relevance-feedback(Rm3KeyqueryReranker(query_length=6,candidate_terms=10,query_amount=1,originalQueryWeight=0.25);rel=2)-default
2022-03-13 23:45:08,825 INFO  [pool-2-thread-30] search.SearchCollection$SearcherThread (SearchCollection.java:191) - [Start] ranker: bm25(k1=0.9,b=0.4), reranker: sequential-relevance-feedback(Rm3KeyqueryReranker(query_length=7,candidate_terms=8,query_amount=1,originalQueryWeight=0.25);rel=2)-default
2022-03-13 23:45:08,825 INFO  [pool-2-thread-29] search.SearchCollection$SearcherThread (SearchCollection.java:191) - [Start] ranker: bm25(k1=0.9,b=0.4), reranker: sequential-relevance-feedback(Rm3KeyqueryReranker(query_length=6,candidate_terms=11,query_amount=1,originalQueryWeight=0.25);rel=2)-default
2022-03-13 23:45:08,825 INFO  [pool-2-thread-31] search.SearchCollection$SearcherThread (SearchCollection.java:191) - [Start] ranker: bm25(k1=0.9,b=0.4), reranker: sequential-relevance-feedback(Rm3KeyqueryReranker(query_length=7,candidate_terms=9,query_amount=1,originalQueryWeight=0.25);rel=2)-default
2022-03-13 23:45:08,826 INFO  [pool-2-thread-32] search.SearchCollection$SearcherThread (SearchCollection.java:191) - [Start] ranker: bm25(k1=0.9,b=0.4), reranker: sequential-relevance-feedback(Rm3KeyqueryReranker(query_length=7,candidate_terms=10,query_amount=1,originalQueryWeight=0.25);rel=2)-default
2022-03-13 23:45:08,826 INFO  [pool-2-thread-33] search.SearchCollection$SearcherThread (SearchCollection.java:191) - [Start] ranker: bm25(k1=0.9,b=0.4), reranker: sequential-relevance-feedback(Rm3KeyqueryReranker(query_length=7,candidate_terms=11,query_amount=1,originalQueryWeight=0.25);rel=2)-default
2022-03-13 23:45:08,827 INFO  [pool-2-thread-34] search.SearchCollection$SearcherThread (SearchCollection.java:191) - [Start] ranker: bm25(k1=0.9,b=0.4), reranker: sequential-relevance-feedback(Rm3KeyqueryReranker(query_length=8,candidate_terms=8,query_amount=1,originalQueryWeight=0.25);rel=2)-default
2022-03-13 23:45:08,828 INFO  [pool-2-thread-35] search.SearchCollection$SearcherThread (SearchCollection.java:191) - [Start] ranker: bm25(k1=0.9,b=0.4), reranker: sequential-relevance-feedback(Rm3KeyqueryReranker(query_length=8,candidate_terms=9,query_amount=1,originalQueryWeight=0.25);rel=2)-default
2022-03-13 23:45:08,828 INFO  [pool-2-thread-36] search.SearchCollection$SearcherThread (SearchCollection.java:191) - [Start] ranker: bm25(k1=0.9,b=0.4), reranker: sequential-relevance-feedback(Rm3KeyqueryReranker(query_length=8,candidate_terms=10,query_amount=1,originalQueryWeight=0.25);rel=2)-default
2022-03-13 23:45:08,828 INFO  [pool-2-thread-37] search.SearchCollection$SearcherThread (SearchCollection.java:191) - [Start] ranker: bm25(k1=0.9,b=0.4), reranker: sequential-relevance-feedback(Rm3KeyqueryReranker(query_length=8,candidate_terms=11,query_amount=1,originalQueryWeight=0.25);rel=2)-default
2022-03-13 23:45:08,829 INFO  [pool-2-thread-39] search.SearchCollection$SearcherThread (SearchCollection.java:191) - [Start] ranker: bm25(k1=0.9,b=0.4), reranker: sequential-relevance-feedback(Rm3KeyqueryReranker(query_length=9,candidate_terms=10,query_amount=1,originalQueryWeight=0.25);rel=2)-default
2022-03-13 23:45:08,829 INFO  [pool-2-thread-40] search.SearchCollection$SearcherThread (SearchCollection.java:191) - [Start] ranker: bm25(k1=0.9,b=0.4), reranker: sequential-relevance-feedback(Rm3KeyqueryReranker(query_length=9,candidate_terms=11,query_amount=1,originalQueryWeight=0.25);rel=2)-default
2022-03-13 23:45:08,830 INFO  [pool-2-thread-38] search.SearchCollection$SearcherThread (SearchCollection.java:191) - [Start] ranker: bm25(k1=0.9,b=0.4), reranker: sequential-relevance-feedback(Rm3KeyqueryReranker(query_length=9,candidate_terms=9,query_amount=1,originalQueryWeight=0.25);rel=2)-default
2022-03-13 23:45:08,830 INFO  [pool-2-thread-42] search.SearchCollection$SearcherThread (SearchCollection.java:191) - [Start] ranker: bm25(k1=0.9,b=0.4), reranker: sequential-relevance-feedback(Rm3KeyqueryReranker(query_length=10,candidate_terms=11,query_amount=1,originalQueryWeight=0.25);rel=2)-default
2022-03-13 23:45:08,831 INFO  [pool-2-thread-43] search.SearchCollection$SearcherThread (SearchCollection.java:191) - [Start] ranker: bm25(k1=0.9,b=0.4), reranker: sequential-relevance-feedback(Rm3KeyqueryReranker(query_length=5,candidate_terms=8,query_amount=1,originalQueryWeight=0.25);rel=3)-default
2022-03-13 23:45:08,831 INFO  [pool-2-thread-41] search.SearchCollection$SearcherThread (SearchCollection.java:191) - [Start] ranker: bm25(k1=0.9,b=0.4), reranker: sequential-relevance-feedback(Rm3KeyqueryReranker(query_length=10,candidate_terms=10,query_amount=1,originalQueryWeight=0.25);rel=2)-default
2022-03-13 23:45:08,832 INFO  [pool-2-thread-44] search.SearchCollection$SearcherThread (SearchCollection.java:191) - [Start] ranker: bm25(k1=0.9,b=0.4), reranker: sequential-relevance-feedback(Rm3KeyqueryReranker(query_length=5,candidate_terms=9,query_amount=1,originalQueryWeight=0.25);rel=3)-default
2022-03-13 23:46:16,044 INFO  [pool-2-thread-17] search.SearchCollection$SearcherThread (SearchCollection.java:268) - [End  ] ranker: bm25(k1=0.9,b=0.4), reranker: sequential-relevance-feedback(Rm3KeyqueryReranker(query_length=9,candidate_terms=9,query_amount=1,originalQueryWeight=0.25);rel=1)-default
2022-03-13 23:46:16,189 INFO  [pool-2-thread-17] search.SearchCollection$SearcherThread (SearchCollection.java:269) - 51 topics processed in 00:01:07
2022-03-13 23:46:16,190 INFO  [pool-2-thread-17] search.SearchCollection$SearcherThread (SearchCollection.java:191) - [Start] ranker: bm25(k1=0.9,b=0.4), reranker: sequential-relevance-feedback(Rm3KeyqueryReranker(query_length=5,candidate_terms=10,query_amount=1,originalQueryWeight=0.25);rel=3)-default
2022-03-13 23:46:16,190 INFO  [pool-2-thread-13] search.SearchCollection$SearcherThread (SearchCollection.java:268) - [End  ] ranker: bm25(k1=0.9,b=0.4), reranker: sequential-relevance-feedback(Rm3KeyqueryReranker(query_length=8,candidate_terms=8,query_amount=1,originalQueryWeight=0.25);rel=1)-default
2022-03-13 23:46:16,191 INFO  [pool-2-thread-13] search.SearchCollection$SearcherThread (SearchCollection.java:269) - 51 topics processed in 00:01:07
2022-03-13 23:46:16,191 INFO  [pool-2-thread-13] search.SearchCollection$SearcherThread (SearchCollection.java:191) - [Start] ranker: bm25(k1=0.9,b=0.4), reranker: sequential-relevance-feedback(Rm3KeyqueryReranker(query_length=5,candidate_terms=11,query_amount=1,originalQueryWeight=0.25);rel=3)-default
2022-03-13 23:46:17,334 INFO  [pool-2-thread-20] search.SearchCollection$SearcherThread (SearchCollection.java:268) - [End  ] ranker: bm25(k1=0.9,b=0.4), reranker: sequential-relevance-feedback(Rm3KeyqueryReranker(query_length=10,candidate_terms=10,query_amount=1,originalQueryWeight=0.25);rel=1)-default
2022-03-13 23:46:17,334 INFO  [pool-2-thread-20] search.SearchCollection$SearcherThread (SearchCollection.java:269) - 51 topics processed in 00:01:08
2022-03-13 23:46:17,334 INFO  [pool-2-thread-20] search.SearchCollection$SearcherThread (SearchCollection.java:191) - [Start] ranker: bm25(k1=0.9,b=0.4), reranker: sequential-relevance-feedback(Rm3KeyqueryReranker(query_length=6,candidate_terms=8,query_amount=1,originalQueryWeight=0.25);rel=3)-default
2022-03-13 23:46:19,707 INFO  [pool-2-thread-34] search.SearchCollection$SearcherThread (SearchCollection.java:268) - [End  ] ranker: bm25(k1=0.9,b=0.4), reranker: sequential-relevance-feedback(Rm3KeyqueryReranker(query_length=8,candidate_terms=8,query_amount=1,originalQueryWeight=0.25);rel=2)-default
2022-03-13 23:46:19,708 INFO  [pool-2-thread-34] search.SearchCollection$SearcherThread (SearchCollection.java:269) - 51 topics processed in 00:01:10
2022-03-13 23:46:19,708 INFO  [pool-2-thread-34] search.SearchCollection$SearcherThread (SearchCollection.java:191) - [Start] ranker: bm25(k1=0.9,b=0.4), reranker: sequential-relevance-feedback(Rm3KeyqueryReranker(query_length=6,candidate_terms=9,query_amount=1,originalQueryWeight=0.25);rel=3)-default
2022-03-13 23:46:23,573 INFO  [pool-2-thread-38] search.SearchCollection$SearcherThread (SearchCollection.java:268) - [End  ] ranker: bm25(k1=0.9,b=0.4), reranker: sequential-relevance-feedback(Rm3KeyqueryReranker(query_length=9,candidate_terms=9,query_amount=1,originalQueryWeight=0.25);rel=2)-default
2022-03-13 23:46:23,575 INFO  [pool-2-thread-38] search.SearchCollection$SearcherThread (SearchCollection.java:269) - 51 topics processed in 00:01:14
2022-03-13 23:46:23,576 INFO  [pool-2-thread-38] search.SearchCollection$SearcherThread (SearchCollection.java:191) - [Start] ranker: bm25(k1=0.9,b=0.4), reranker: sequential-relevance-feedback(Rm3KeyqueryReranker(query_length=6,candidate_terms=10,query_amount=1,originalQueryWeight=0.25);rel=3)-default
2022-03-13 23:46:28,465 INFO  [pool-2-thread-41] search.SearchCollection$SearcherThread (SearchCollection.java:268) - [End  ] ranker: bm25(k1=0.9,b=0.4), reranker: sequential-relevance-feedback(Rm3KeyqueryReranker(query_length=10,candidate_terms=10,query_amount=1,originalQueryWeight=0.25);rel=2)-default
2022-03-13 23:46:28,466 INFO  [pool-2-thread-41] search.SearchCollection$SearcherThread (SearchCollection.java:269) - 51 topics processed in 00:01:19
2022-03-13 23:46:28,468 INFO  [pool-2-thread-41] search.SearchCollection$SearcherThread (SearchCollection.java:191) - [Start] ranker: bm25(k1=0.9,b=0.4), reranker: sequential-relevance-feedback(Rm3KeyqueryReranker(query_length=6,candidate_terms=11,query_amount=1,originalQueryWeight=0.25);rel=3)-default
2022-03-13 23:48:05,981 INFO  [pool-2-thread-9] search.SearchCollection$SearcherThread (SearchCollection.java:268) - [End  ] ranker: bm25(k1=0.9,b=0.4), reranker: sequential-relevance-feedback(Rm3KeyqueryReranker(query_length=7,candidate_terms=8,query_amount=1,originalQueryWeight=0.25);rel=1)-default
2022-03-13 23:48:05,997 INFO  [pool-2-thread-9] search.SearchCollection$SearcherThread (SearchCollection.java:269) - 51 topics processed in 00:02:57
2022-03-13 23:48:05,997 INFO  [pool-2-thread-9] search.SearchCollection$SearcherThread (SearchCollection.java:191) - [Start] ranker: bm25(k1=0.9,b=0.4), reranker: sequential-relevance-feedback(Rm3KeyqueryReranker(query_length=7,candidate_terms=8,query_amount=1,originalQueryWeight=0.25);rel=3)-default
2022-03-13 23:48:34,927 INFO  [pool-2-thread-14] search.SearchCollection$SearcherThread (SearchCollection.java:268) - [End  ] ranker: bm25(k1=0.9,b=0.4), reranker: sequential-relevance-feedback(Rm3KeyqueryReranker(query_length=8,candidate_terms=9,query_amount=1,originalQueryWeight=0.25);rel=1)-default
2022-03-13 23:48:34,927 INFO  [pool-2-thread-14] search.SearchCollection$SearcherThread (SearchCollection.java:269) - 51 topics processed in 00:03:26
2022-03-13 23:48:34,928 INFO  [pool-2-thread-14] search.SearchCollection$SearcherThread (SearchCollection.java:191) - [Start] ranker: bm25(k1=0.9,b=0.4), reranker: sequential-relevance-feedback(Rm3KeyqueryReranker(query_length=7,candidate_terms=9,query_amount=1,originalQueryWeight=0.25);rel=3)-default
2022-03-13 23:49:07,781 INFO  [pool-2-thread-30] search.SearchCollection$SearcherThread (SearchCollection.java:268) - [End  ] ranker: bm25(k1=0.9,b=0.4), reranker: sequential-relevance-feedback(Rm3KeyqueryReranker(query_length=7,candidate_terms=8,query_amount=1,originalQueryWeight=0.25);rel=2)-default
2022-03-13 23:49:07,782 INFO  [pool-2-thread-30] search.SearchCollection$SearcherThread (SearchCollection.java:269) - 51 topics processed in 00:03:58
2022-03-13 23:49:07,782 INFO  [pool-2-thread-30] search.SearchCollection$SearcherThread (SearchCollection.java:191) - [Start] ranker: bm25(k1=0.9,b=0.4), reranker: sequential-relevance-feedback(Rm3KeyqueryReranker(query_length=7,candidate_terms=10,query_amount=1,originalQueryWeight=0.25);rel=3)-default
2022-03-13 23:49:17,975 INFO  [pool-2-thread-18] search.SearchCollection$SearcherThread (SearchCollection.java:268) - [End  ] ranker: bm25(k1=0.9,b=0.4), reranker: sequential-relevance-feedback(Rm3KeyqueryReranker(query_length=9,candidate_terms=10,query_amount=1,originalQueryWeight=0.25);rel=1)-default
2022-03-13 23:49:17,975 INFO  [pool-2-thread-18] search.SearchCollection$SearcherThread (SearchCollection.java:269) - 51 topics processed in 00:04:09
2022-03-13 23:49:17,976 INFO  [pool-2-thread-18] search.SearchCollection$SearcherThread (SearchCollection.java:191) - [Start] ranker: bm25(k1=0.9,b=0.4), reranker: sequential-relevance-feedback(Rm3KeyqueryReranker(query_length=7,candidate_terms=11,query_amount=1,originalQueryWeight=0.25);rel=3)-default
2022-03-13 23:49:39,480 INFO  [pool-2-thread-35] search.SearchCollection$SearcherThread (SearchCollection.java:268) - [End  ] ranker: bm25(k1=0.9,b=0.4), reranker: sequential-relevance-feedback(Rm3KeyqueryReranker(query_length=8,candidate_terms=9,query_amount=1,originalQueryWeight=0.25);rel=2)-default
2022-03-13 23:49:39,480 INFO  [pool-2-thread-35] search.SearchCollection$SearcherThread (SearchCollection.java:269) - 51 topics processed in 00:04:30
2022-03-13 23:49:39,481 INFO  [pool-2-thread-35] search.SearchCollection$SearcherThread (SearchCollection.java:191) - [Start] ranker: bm25(k1=0.9,b=0.4), reranker: sequential-relevance-feedback(Rm3KeyqueryReranker(query_length=8,candidate_terms=8,query_amount=1,originalQueryWeight=0.25);rel=3)-default
2022-03-13 23:49:58,758 INFO  [pool-2-thread-21] search.SearchCollection$SearcherThread (SearchCollection.java:268) - [End  ] ranker: bm25(k1=0.9,b=0.4), reranker: sequential-relevance-feedback(Rm3KeyqueryReranker(query_length=10,candidate_terms=11,query_amount=1,originalQueryWeight=0.25);rel=1)-default
2022-03-13 23:49:58,759 INFO  [pool-2-thread-21] search.SearchCollection$SearcherThread (SearchCollection.java:269) - 51 topics processed in 00:04:49
2022-03-13 23:49:58,760 INFO  [pool-2-thread-21] search.SearchCollection$SearcherThread (SearchCollection.java:191) - [Start] ranker: bm25(k1=0.9,b=0.4), reranker: sequential-relevance-feedback(Rm3KeyqueryReranker(query_length=8,candidate_terms=9,query_amount=1,originalQueryWeight=0.25);rel=3)-default
2022-03-13 23:50:18,057 INFO  [pool-2-thread-39] search.SearchCollection$SearcherThread (SearchCollection.java:268) - [End  ] ranker: bm25(k1=0.9,b=0.4), reranker: sequential-relevance-feedback(Rm3KeyqueryReranker(query_length=9,candidate_terms=10,query_amount=1,originalQueryWeight=0.25);rel=2)-default
2022-03-13 23:50:18,057 INFO  [pool-2-thread-39] search.SearchCollection$SearcherThread (SearchCollection.java:269) - 51 topics processed in 00:05:09
2022-03-13 23:50:18,057 INFO  [pool-2-thread-39] search.SearchCollection$SearcherThread (SearchCollection.java:191) - [Start] ranker: bm25(k1=0.9,b=0.4), reranker: sequential-relevance-feedback(Rm3KeyqueryReranker(query_length=8,candidate_terms=10,query_amount=1,originalQueryWeight=0.25);rel=3)-default
2022-03-13 23:51:03,136 INFO  [pool-2-thread-35] search.SearchCollection$SearcherThread (SearchCollection.java:268) - [End  ] ranker: bm25(k1=0.9,b=0.4), reranker: sequential-relevance-feedback(Rm3KeyqueryReranker(query_length=8,candidate_terms=8,query_amount=1,originalQueryWeight=0.25);rel=3)-default
2022-03-13 23:51:03,153 INFO  [pool-2-thread-35] search.SearchCollection$SearcherThread (SearchCollection.java:269) - 51 topics processed in 00:01:23
2022-03-13 23:51:03,153 INFO  [pool-2-thread-35] search.SearchCollection$SearcherThread (SearchCollection.java:191) - [Start] ranker: bm25(k1=0.9,b=0.4), reranker: sequential-relevance-feedback(Rm3KeyqueryReranker(query_length=8,candidate_terms=11,query_amount=1,originalQueryWeight=0.25);rel=3)-default
2022-03-13 23:51:12,862 INFO  [pool-2-thread-42] search.SearchCollection$SearcherThread (SearchCollection.java:268) - [End  ] ranker: bm25(k1=0.9,b=0.4), reranker: sequential-relevance-feedback(Rm3KeyqueryReranker(query_length=10,candidate_terms=11,query_amount=1,originalQueryWeight=0.25);rel=2)-default
2022-03-13 23:51:12,863 INFO  [pool-2-thread-42] search.SearchCollection$SearcherThread (SearchCollection.java:269) - 51 topics processed in 00:06:04
2022-03-13 23:51:12,863 INFO  [pool-2-thread-42] search.SearchCollection$SearcherThread (SearchCollection.java:191) - [Start] ranker: bm25(k1=0.9,b=0.4), reranker: sequential-relevance-feedback(Rm3KeyqueryReranker(query_length=9,candidate_terms=9,query_amount=1,originalQueryWeight=0.25);rel=3)-default
2022-03-13 23:52:39,201 INFO  [pool-2-thread-42] search.SearchCollection$SearcherThread (SearchCollection.java:268) - [End  ] ranker: bm25(k1=0.9,b=0.4), reranker: sequential-relevance-feedback(Rm3KeyqueryReranker(query_length=9,candidate_terms=9,query_amount=1,originalQueryWeight=0.25);rel=3)-default
2022-03-13 23:52:39,202 INFO  [pool-2-thread-42] search.SearchCollection$SearcherThread (SearchCollection.java:269) - 51 topics processed in 00:01:26
2022-03-13 23:52:39,202 INFO  [pool-2-thread-42] search.SearchCollection$SearcherThread (SearchCollection.java:191) - [Start] ranker: bm25(k1=0.9,b=0.4), reranker: sequential-relevance-feedback(Rm3KeyqueryReranker(query_length=9,candidate_terms=10,query_amount=1,originalQueryWeight=0.25);rel=3)-default
2022-03-13 23:53:13,184 INFO  [pool-2-thread-5] search.SearchCollection$SearcherThread (SearchCollection.java:268) - [End  ] ranker: bm25(k1=0.9,b=0.4), reranker: sequential-relevance-feedback(Rm3KeyqueryReranker(query_length=6,candidate_terms=8,query_amount=1,originalQueryWeight=0.25);rel=1)-default
2022-03-13 23:53:13,186 INFO  [pool-2-thread-5] search.SearchCollection$SearcherThread (SearchCollection.java:269) - 51 topics processed in 00:08:04
2022-03-13 23:53:13,187 INFO  [pool-2-thread-5] search.SearchCollection$SearcherThread (SearchCollection.java:191) - [Start] ranker: bm25(k1=0.9,b=0.4), reranker: sequential-relevance-feedback(Rm3KeyqueryReranker(query_length=9,candidate_terms=11,query_amount=1,originalQueryWeight=0.25);rel=3)-default
2022-03-13 23:53:16,242 INFO  [pool-2-thread-9] search.SearchCollection$SearcherThread (SearchCollection.java:268) - [End  ] ranker: bm25(k1=0.9,b=0.4), reranker: sequential-relevance-feedback(Rm3KeyqueryReranker(query_length=7,candidate_terms=8,query_amount=1,originalQueryWeight=0.25);rel=3)-default
2022-03-13 23:53:16,243 INFO  [pool-2-thread-9] search.SearchCollection$SearcherThread (SearchCollection.java:269) - 51 topics processed in 00:05:10
2022-03-13 23:53:16,243 INFO  [pool-2-thread-9] search.SearchCollection$SearcherThread (SearchCollection.java:191) - [Start] ranker: bm25(k1=0.9,b=0.4), reranker: sequential-relevance-feedback(Rm3KeyqueryReranker(query_length=10,candidate_terms=10,query_amount=1,originalQueryWeight=0.25);rel=3)-default
2022-03-13 23:54:43,579 INFO  [pool-2-thread-9] search.SearchCollection$SearcherThread (SearchCollection.java:268) - [End  ] ranker: bm25(k1=0.9,b=0.4), reranker: sequential-relevance-feedback(Rm3KeyqueryReranker(query_length=10,candidate_terms=10,query_amount=1,originalQueryWeight=0.25);rel=3)-default
2022-03-13 23:54:43,579 INFO  [pool-2-thread-9] search.SearchCollection$SearcherThread (SearchCollection.java:269) - 51 topics processed in 00:01:27
2022-03-13 23:54:43,579 INFO  [pool-2-thread-9] search.SearchCollection$SearcherThread (SearchCollection.java:191) - [Start] ranker: bm25(k1=0.9,b=0.4), reranker: sequential-relevance-feedback(Rm3KeyqueryReranker(query_length=10,candidate_terms=11,query_amount=1,originalQueryWeight=0.25);rel=3)-default
2022-03-13 23:55:50,199 INFO  [pool-2-thread-21] search.SearchCollection$SearcherThread (SearchCollection.java:268) - [End  ] ranker: bm25(k1=0.9,b=0.4), reranker: sequential-relevance-feedback(Rm3KeyqueryReranker(query_length=8,candidate_terms=9,query_amount=1,originalQueryWeight=0.25);rel=3)-default
2022-03-13 23:55:50,209 INFO  [pool-2-thread-21] search.SearchCollection$SearcherThread (SearchCollection.java:269) - 51 topics processed in 00:05:51
2022-03-13 23:55:50,210 INFO  [pool-2-thread-21] search.SearchCollection$SearcherThread (SearchCollection.java:191) - [Start] ranker: bm25(k1=0.9,b=0.4), reranker: sequential-relevance-feedback(Rm3KeyqueryReranker(query_length=5,candidate_terms=8,query_amount=1,originalQueryWeight=0.25);rel=4)-default
2022-03-13 23:56:07,177 INFO  [pool-2-thread-10] search.SearchCollection$SearcherThread (SearchCollection.java:268) - [End  ] ranker: bm25(k1=0.9,b=0.4), reranker: sequential-relevance-feedback(Rm3KeyqueryReranker(query_length=7,candidate_terms=9,query_amount=1,originalQueryWeight=0.25);rel=1)-default
2022-03-13 23:56:07,177 INFO  [pool-2-thread-10] search.SearchCollection$SearcherThread (SearchCollection.java:269) - 51 topics processed in 00:10:58
2022-03-13 23:56:07,177 INFO  [pool-2-thread-10] search.SearchCollection$SearcherThread (SearchCollection.java:191) - [Start] ranker: bm25(k1=0.9,b=0.4), reranker: sequential-relevance-feedback(Rm3KeyqueryReranker(query_length=5,candidate_terms=9,query_amount=1,originalQueryWeight=0.25);rel=4)-default
2022-03-13 23:56:37,718 INFO  [pool-2-thread-26] search.SearchCollection$SearcherThread (SearchCollection.java:268) - [End  ] ranker: bm25(k1=0.9,b=0.4), reranker: sequential-relevance-feedback(Rm3KeyqueryReranker(query_length=6,candidate_terms=8,query_amount=1,originalQueryWeight=0.25);rel=2)-default
2022-03-13 23:56:37,733 INFO  [pool-2-thread-26] search.SearchCollection$SearcherThread (SearchCollection.java:269) - 51 topics processed in 00:11:28
2022-03-13 23:56:37,733 INFO  [pool-2-thread-26] search.SearchCollection$SearcherThread (SearchCollection.java:191) - [Start] ranker: bm25(k1=0.9,b=0.4), reranker: sequential-relevance-feedback(Rm3KeyqueryReranker(query_length=5,candidate_terms=10,query_amount=1,originalQueryWeight=0.25);rel=4)-default
2022-03-13 23:59:42,262 INFO  [pool-2-thread-42] search.SearchCollection$SearcherThread (SearchCollection.java:268) - [End  ] ranker: bm25(k1=0.9,b=0.4), reranker: sequential-relevance-feedback(Rm3KeyqueryReranker(query_length=9,candidate_terms=10,query_amount=1,originalQueryWeight=0.25);rel=3)-default
2022-03-13 23:59:42,263 INFO  [pool-2-thread-42] search.SearchCollection$SearcherThread (SearchCollection.java:269) - 51 topics processed in 00:07:03
2022-03-13 23:59:42,263 INFO  [pool-2-thread-42] search.SearchCollection$SearcherThread (SearchCollection.java:191) - [Start] ranker: bm25(k1=0.9,b=0.4), reranker: sequential-relevance-feedback(Rm3KeyqueryReranker(query_length=5,candidate_terms=11,query_amount=1,originalQueryWeight=0.25);rel=4)-default
2022-03-13 23:59:52,158 INFO  [pool-2-thread-15] search.SearchCollection$SearcherThread (SearchCollection.java:268) - [End  ] ranker: bm25(k1=0.9,b=0.4), reranker: sequential-relevance-feedback(Rm3KeyqueryReranker(query_length=8,candidate_terms=10,query_amount=1,originalQueryWeight=0.25);rel=1)-default
2022-03-13 23:59:52,173 INFO  [pool-2-thread-15] search.SearchCollection$SearcherThread (SearchCollection.java:269) - 51 topics processed in 00:14:43
2022-03-13 23:59:52,173 INFO  [pool-2-thread-15] search.SearchCollection$SearcherThread (SearchCollection.java:191) - [Start] ranker: bm25(k1=0.9,b=0.4), reranker: sequential-relevance-feedback(Rm3KeyqueryReranker(query_length=6,candidate_terms=8,query_amount=1,originalQueryWeight=0.25);rel=4)-default
2022-03-14 00:00:10,802 INFO  [pool-2-thread-1] search.SearchCollection$SearcherThread (SearchCollection.java:268) - [End  ] ranker: bm25(k1=0.9,b=0.4), reranker: sequential-relevance-feedback(Rm3KeyqueryReranker(query_length=5,candidate_terms=8,query_amount=1,originalQueryWeight=0.25);rel=1)-default
2022-03-14 00:00:10,803 INFO  [pool-2-thread-1] search.SearchCollection$SearcherThread (SearchCollection.java:269) - 51 topics processed in 00:15:01
2022-03-14 00:00:10,804 INFO  [pool-2-thread-1] search.SearchCollection$SearcherThread (SearchCollection.java:191) - [Start] ranker: bm25(k1=0.9,b=0.4), reranker: sequential-relevance-feedback(Rm3KeyqueryReranker(query_length=6,candidate_terms=9,query_amount=1,originalQueryWeight=0.25);rel=4)-default
2022-03-14 00:00:27,036 INFO  [pool-2-thread-31] search.SearchCollection$SearcherThread (SearchCollection.java:268) - [End  ] ranker: bm25(k1=0.9,b=0.4), reranker: sequential-relevance-feedback(Rm3KeyqueryReranker(query_length=7,candidate_terms=9,query_amount=1,originalQueryWeight=0.25);rel=2)-default
2022-03-14 00:00:27,054 INFO  [pool-2-thread-31] search.SearchCollection$SearcherThread (SearchCollection.java:269) - 51 topics processed in 00:15:18
2022-03-14 00:00:27,054 INFO  [pool-2-thread-31] search.SearchCollection$SearcherThread (SearchCollection.java:191) - [Start] ranker: bm25(k1=0.9,b=0.4), reranker: sequential-relevance-feedback(Rm3KeyqueryReranker(query_length=6,candidate_terms=10,query_amount=1,originalQueryWeight=0.25);rel=4)-default
2022-03-14 00:01:56,279 INFO  [pool-2-thread-20] search.SearchCollection$SearcherThread (SearchCollection.java:268) - [End  ] ranker: bm25(k1=0.9,b=0.4), reranker: sequential-relevance-feedback(Rm3KeyqueryReranker(query_length=6,candidate_terms=8,query_amount=1,originalQueryWeight=0.25);rel=3)-default
2022-03-14 00:01:56,282 INFO  [pool-2-thread-20] search.SearchCollection$SearcherThread (SearchCollection.java:269) - 51 topics processed in 00:15:38
2022-03-14 00:01:56,282 INFO  [pool-2-thread-20] search.SearchCollection$SearcherThread (SearchCollection.java:191) - [Start] ranker: bm25(k1=0.9,b=0.4), reranker: sequential-relevance-feedback(Rm3KeyqueryReranker(query_length=6,candidate_terms=11,query_amount=1,originalQueryWeight=0.25);rel=4)-default
2022-03-14 00:02:45,034 INFO  [pool-2-thread-9] search.SearchCollection$SearcherThread (SearchCollection.java:268) - [End  ] ranker: bm25(k1=0.9,b=0.4), reranker: sequential-relevance-feedback(Rm3KeyqueryReranker(query_length=10,candidate_terms=11,query_amount=1,originalQueryWeight=0.25);rel=3)-default
2022-03-14 00:02:45,049 INFO  [pool-2-thread-9] search.SearchCollection$SearcherThread (SearchCollection.java:269) - 51 topics processed in 00:08:01
2022-03-14 00:02:45,049 INFO  [pool-2-thread-9] search.SearchCollection$SearcherThread (SearchCollection.java:191) - [Start] ranker: bm25(k1=0.9,b=0.4), reranker: sequential-relevance-feedback(Rm3KeyqueryReranker(query_length=7,candidate_terms=8,query_amount=1,originalQueryWeight=0.25);rel=4)-default
2022-03-14 00:04:55,105 INFO  [pool-2-thread-19] search.SearchCollection$SearcherThread (SearchCollection.java:268) - [End  ] ranker: bm25(k1=0.9,b=0.4), reranker: sequential-relevance-feedback(Rm3KeyqueryReranker(query_length=9,candidate_terms=11,query_amount=1,originalQueryWeight=0.25);rel=1)-default
2022-03-14 00:04:55,120 INFO  [pool-2-thread-19] search.SearchCollection$SearcherThread (SearchCollection.java:269) - 51 topics processed in 00:19:46
2022-03-14 00:04:55,124 INFO  [pool-2-thread-19] search.SearchCollection$SearcherThread (SearchCollection.java:191) - [Start] ranker: bm25(k1=0.9,b=0.4), reranker: sequential-relevance-feedback(Rm3KeyqueryReranker(query_length=7,candidate_terms=9,query_amount=1,originalQueryWeight=0.25);rel=4)-default
2022-03-14 00:05:01,025 INFO  [pool-2-thread-36] search.SearchCollection$SearcherThread (SearchCollection.java:268) - [End  ] ranker: bm25(k1=0.9,b=0.4), reranker: sequential-relevance-feedback(Rm3KeyqueryReranker(query_length=8,candidate_terms=10,query_amount=1,originalQueryWeight=0.25);rel=2)-default
2022-03-14 00:05:01,026 INFO  [pool-2-thread-36] search.SearchCollection$SearcherThread (SearchCollection.java:269) - 51 topics processed in 00:19:52
2022-03-14 00:05:01,026 INFO  [pool-2-thread-36] search.SearchCollection$SearcherThread (SearchCollection.java:191) - [Start] ranker: bm25(k1=0.9,b=0.4), reranker: sequential-relevance-feedback(Rm3KeyqueryReranker(query_length=7,candidate_terms=10,query_amount=1,originalQueryWeight=0.25);rel=4)-default
2022-03-14 00:07:12,842 INFO  [pool-2-thread-22] search.SearchCollection$SearcherThread (SearchCollection.java:268) - [End  ] ranker: bm25(k1=0.9,b=0.4), reranker: sequential-relevance-feedback(Rm3KeyqueryReranker(query_length=5,candidate_terms=8,query_amount=1,originalQueryWeight=0.25);rel=2)-default
2022-03-14 00:07:12,854 INFO  [pool-2-thread-22] search.SearchCollection$SearcherThread (SearchCollection.java:269) - 51 topics processed in 00:22:04
2022-03-14 00:07:12,855 INFO  [pool-2-thread-22] search.SearchCollection$SearcherThread (SearchCollection.java:191) - [Start] ranker: bm25(k1=0.9,b=0.4), reranker: sequential-relevance-feedback(Rm3KeyqueryReranker(query_length=7,candidate_terms=11,query_amount=1,originalQueryWeight=0.25);rel=4)-default
2022-03-14 00:08:55,104 INFO  [pool-2-thread-9] search.SearchCollection$SearcherThread (SearchCollection.java:268) - [End  ] ranker: bm25(k1=0.9,b=0.4), reranker: sequential-relevance-feedback(Rm3KeyqueryReranker(query_length=7,candidate_terms=8,query_amount=1,originalQueryWeight=0.25);rel=4)-default
2022-03-14 00:08:55,113 INFO  [pool-2-thread-9] search.SearchCollection$SearcherThread (SearchCollection.java:269) - 51 topics processed in 00:06:10
2022-03-14 00:08:55,113 INFO  [pool-2-thread-9] search.SearchCollection$SearcherThread (SearchCollection.java:191) - [Start] ranker: bm25(k1=0.9,b=0.4), reranker: sequential-relevance-feedback(Rm3KeyqueryReranker(query_length=8,candidate_terms=8,query_amount=1,originalQueryWeight=0.25);rel=4)-default
2022-03-14 00:09:16,175 INFO  [pool-2-thread-6] search.SearchCollection$SearcherThread (SearchCollection.java:268) - [End  ] ranker: bm25(k1=0.9,b=0.4), reranker: sequential-relevance-feedback(Rm3KeyqueryReranker(query_length=6,candidate_terms=9,query_amount=1,originalQueryWeight=0.25);rel=1)-default
2022-03-14 00:09:16,176 INFO  [pool-2-thread-6] search.SearchCollection$SearcherThread (SearchCollection.java:269) - 51 topics processed in 00:24:07
2022-03-14 00:09:16,177 INFO  [pool-2-thread-6] search.SearchCollection$SearcherThread (SearchCollection.java:191) - [Start] ranker: bm25(k1=0.9,b=0.4), reranker: sequential-relevance-feedback(Rm3KeyqueryReranker(query_length=8,candidate_terms=9,query_amount=1,originalQueryWeight=0.25);rel=4)-default
2022-03-14 00:09:57,285 INFO  [pool-2-thread-14] search.SearchCollection$SearcherThread (SearchCollection.java:268) - [End  ] ranker: bm25(k1=0.9,b=0.4), reranker: sequential-relevance-feedback(Rm3KeyqueryReranker(query_length=7,candidate_terms=9,query_amount=1,originalQueryWeight=0.25);rel=3)-default
2022-03-14 00:09:57,286 INFO  [pool-2-thread-14] search.SearchCollection$SearcherThread (SearchCollection.java:269) - 51 topics processed in 00:21:22
2022-03-14 00:09:57,286 INFO  [pool-2-thread-14] search.SearchCollection$SearcherThread (SearchCollection.java:191) - [Start] ranker: bm25(k1=0.9,b=0.4), reranker: sequential-relevance-feedback(Rm3KeyqueryReranker(query_length=8,candidate_terms=10,query_amount=1,originalQueryWeight=0.25);rel=4)-default
2022-03-14 00:10:30,507 INFO  [pool-2-thread-9] search.SearchCollection$SearcherThread (SearchCollection.java:268) - [End  ] ranker: bm25(k1=0.9,b=0.4), reranker: sequential-relevance-feedback(Rm3KeyqueryReranker(query_length=8,candidate_terms=8,query_amount=1,originalQueryWeight=0.25);rel=4)-default
2022-03-14 00:10:30,508 INFO  [pool-2-thread-9] search.SearchCollection$SearcherThread (SearchCollection.java:269) - 51 topics processed in 00:01:35
2022-03-14 00:10:30,508 INFO  [pool-2-thread-9] search.SearchCollection$SearcherThread (SearchCollection.java:191) - [Start] ranker: bm25(k1=0.9,b=0.4), reranker: sequential-relevance-feedback(Rm3KeyqueryReranker(query_length=8,candidate_terms=11,query_amount=1,originalQueryWeight=0.25);rel=4)-default
2022-03-14 00:10:39,811 INFO  [pool-2-thread-40] search.SearchCollection$SearcherThread (SearchCollection.java:268) - [End  ] ranker: bm25(k1=0.9,b=0.4), reranker: sequential-relevance-feedback(Rm3KeyqueryReranker(query_length=9,candidate_terms=11,query_amount=1,originalQueryWeight=0.25);rel=2)-default
2022-03-14 00:10:39,812 INFO  [pool-2-thread-40] search.SearchCollection$SearcherThread (SearchCollection.java:269) - 51 topics processed in 00:25:30
2022-03-14 00:10:39,813 INFO  [pool-2-thread-40] search.SearchCollection$SearcherThread (SearchCollection.java:191) - [Start] ranker: bm25(k1=0.9,b=0.4), reranker: sequential-relevance-feedback(Rm3KeyqueryReranker(query_length=9,candidate_terms=9,query_amount=1,originalQueryWeight=0.25);rel=4)-default
2022-03-14 00:12:17,991 INFO  [pool-2-thread-40] search.SearchCollection$SearcherThread (SearchCollection.java:268) - [End  ] ranker: bm25(k1=0.9,b=0.4), reranker: sequential-relevance-feedback(Rm3KeyqueryReranker(query_length=9,candidate_terms=9,query_amount=1,originalQueryWeight=0.25);rel=4)-default
2022-03-14 00:12:17,991 INFO  [pool-2-thread-40] search.SearchCollection$SearcherThread (SearchCollection.java:269) - 51 topics processed in 00:01:38
2022-03-14 00:12:17,991 INFO  [pool-2-thread-40] search.SearchCollection$SearcherThread (SearchCollection.java:191) - [Start] ranker: bm25(k1=0.9,b=0.4), reranker: sequential-relevance-feedback(Rm3KeyqueryReranker(query_length=9,candidate_terms=10,query_amount=1,originalQueryWeight=0.25);rel=4)-default
2022-03-14 00:16:10,524 INFO  [pool-2-thread-43] search.SearchCollection$SearcherThread (SearchCollection.java:268) - [End  ] ranker: bm25(k1=0.9,b=0.4), reranker: sequential-relevance-feedback(Rm3KeyqueryReranker(query_length=5,candidate_terms=8,query_amount=1,originalQueryWeight=0.25);rel=3)-default
2022-03-14 00:16:10,545 INFO  [pool-2-thread-43] search.SearchCollection$SearcherThread (SearchCollection.java:269) - 51 topics processed in 00:31:01
2022-03-14 00:16:10,545 INFO  [pool-2-thread-43] search.SearchCollection$SearcherThread (SearchCollection.java:191) - [Start] ranker: bm25(k1=0.9,b=0.4), reranker: sequential-relevance-feedback(Rm3KeyqueryReranker(query_length=9,candidate_terms=11,query_amount=1,originalQueryWeight=0.25);rel=4)-default
2022-03-14 00:16:28,289 INFO  [pool-2-thread-6] search.SearchCollection$SearcherThread (SearchCollection.java:268) - [End  ] ranker: bm25(k1=0.9,b=0.4), reranker: sequential-relevance-feedback(Rm3KeyqueryReranker(query_length=8,candidate_terms=9,query_amount=1,originalQueryWeight=0.25);rel=4)-default
2022-03-14 00:16:28,301 INFO  [pool-2-thread-6] search.SearchCollection$SearcherThread (SearchCollection.java:269) - 51 topics processed in 00:07:12
2022-03-14 00:16:28,302 INFO  [pool-2-thread-6] search.SearchCollection$SearcherThread (SearchCollection.java:191) - [Start] ranker: bm25(k1=0.9,b=0.4), reranker: sequential-relevance-feedback(Rm3KeyqueryReranker(query_length=10,candidate_terms=10,query_amount=1,originalQueryWeight=0.25);rel=4)-default
2022-03-14 00:17:55,171 INFO  [pool-2-thread-39] search.SearchCollection$SearcherThread (SearchCollection.java:268) - [End  ] ranker: bm25(k1=0.9,b=0.4), reranker: sequential-relevance-feedback(Rm3KeyqueryReranker(query_length=8,candidate_terms=10,query_amount=1,originalQueryWeight=0.25);rel=3)-default
2022-03-14 00:17:55,171 INFO  [pool-2-thread-39] search.SearchCollection$SearcherThread (SearchCollection.java:269) - 51 topics processed in 00:27:37
2022-03-14 00:17:55,172 INFO  [pool-2-thread-39] search.SearchCollection$SearcherThread (SearchCollection.java:191) - [Start] ranker: bm25(k1=0.9,b=0.4), reranker: sequential-relevance-feedback(Rm3KeyqueryReranker(query_length=10,candidate_terms=11,query_amount=1,originalQueryWeight=0.25);rel=4)-default
2022-03-14 00:18:23,724 INFO  [pool-2-thread-6] search.SearchCollection$SearcherThread (SearchCollection.java:268) - [End  ] ranker: bm25(k1=0.9,b=0.4), reranker: sequential-relevance-feedback(Rm3KeyqueryReranker(query_length=10,candidate_terms=10,query_amount=1,originalQueryWeight=0.25);rel=4)-default
2022-03-14 00:18:23,725 INFO  [pool-2-thread-6] search.SearchCollection$SearcherThread (SearchCollection.java:269) - 51 topics processed in 00:01:55
2022-03-14 00:18:23,725 INFO  [pool-2-thread-6] search.SearchCollection$SearcherThread (SearchCollection.java:191) - [Start] ranker: bm25(k1=0.9,b=0.4), reranker: sequential-relevance-feedback(Rm3KeyqueryReranker(query_length=5,candidate_terms=8,query_amount=1,originalQueryWeight=0.25);rel=5)-default
2022-03-14 00:18:51,714 INFO  [pool-2-thread-2] search.SearchCollection$SearcherThread (SearchCollection.java:268) - [End  ] ranker: bm25(k1=0.9,b=0.4), reranker: sequential-relevance-feedback(Rm3KeyqueryReranker(query_length=5,candidate_terms=9,query_amount=1,originalQueryWeight=0.25);rel=1)-default
2022-03-14 00:18:51,725 INFO  [pool-2-thread-2] search.SearchCollection$SearcherThread (SearchCollection.java:269) - 51 topics processed in 00:33:42
2022-03-14 00:18:51,725 INFO  [pool-2-thread-2] search.SearchCollection$SearcherThread (SearchCollection.java:191) - [Start] ranker: bm25(k1=0.9,b=0.4), reranker: sequential-relevance-feedback(Rm3KeyqueryReranker(query_length=5,candidate_terms=9,query_amount=1,originalQueryWeight=0.25);rel=5)-default
2022-03-14 00:19:23,490 INFO  [pool-2-thread-15] search.SearchCollection$SearcherThread (SearchCollection.java:268) - [End  ] ranker: bm25(k1=0.9,b=0.4), reranker: sequential-relevance-feedback(Rm3KeyqueryReranker(query_length=6,candidate_terms=8,query_amount=1,originalQueryWeight=0.25);rel=4)-default
2022-03-14 00:19:23,525 INFO  [pool-2-thread-15] search.SearchCollection$SearcherThread (SearchCollection.java:269) - 51 topics processed in 00:19:31
2022-03-14 00:19:23,525 INFO  [pool-2-thread-15] search.SearchCollection$SearcherThread (SearchCollection.java:191) - [Start] ranker: bm25(k1=0.9,b=0.4), reranker: sequential-relevance-feedback(Rm3KeyqueryReranker(query_length=5,candidate_terms=10,query_amount=1,originalQueryWeight=0.25);rel=5)-default
2022-03-14 00:20:19,131 INFO  [pool-2-thread-40] search.SearchCollection$SearcherThread (SearchCollection.java:268) - [End  ] ranker: bm25(k1=0.9,b=0.4), reranker: sequential-relevance-feedback(Rm3KeyqueryReranker(query_length=9,candidate_terms=10,query_amount=1,originalQueryWeight=0.25);rel=4)-default
2022-03-14 00:20:19,131 INFO  [pool-2-thread-40] search.SearchCollection$SearcherThread (SearchCollection.java:269) - 51 topics processed in 00:08:01
2022-03-14 00:20:19,132 INFO  [pool-2-thread-40] search.SearchCollection$SearcherThread (SearchCollection.java:191) - [Start] ranker: bm25(k1=0.9,b=0.4), reranker: sequential-relevance-feedback(Rm3KeyqueryReranker(query_length=5,candidate_terms=11,query_amount=1,originalQueryWeight=0.25);rel=5)-default
2022-03-14 00:20:21,969 INFO  [pool-2-thread-27] search.SearchCollection$SearcherThread (SearchCollection.java:268) - [End  ] ranker: bm25(k1=0.9,b=0.4), reranker: sequential-relevance-feedback(Rm3KeyqueryReranker(query_length=6,candidate_terms=9,query_amount=1,originalQueryWeight=0.25);rel=2)-default
2022-03-14 00:20:21,970 INFO  [pool-2-thread-27] search.SearchCollection$SearcherThread (SearchCollection.java:269) - 51 topics processed in 00:35:13
2022-03-14 00:20:21,970 INFO  [pool-2-thread-27] search.SearchCollection$SearcherThread (SearchCollection.java:191) - [Start] ranker: bm25(k1=0.9,b=0.4), reranker: sequential-relevance-feedback(Rm3KeyqueryReranker(query_length=6,candidate_terms=8,query_amount=1,originalQueryWeight=0.25);rel=5)-default
2022-03-14 00:21:35,936 INFO  [pool-2-thread-11] search.SearchCollection$SearcherThread (SearchCollection.java:268) - [End  ] ranker: bm25(k1=0.9,b=0.4), reranker: sequential-relevance-feedback(Rm3KeyqueryReranker(query_length=7,candidate_terms=10,query_amount=1,originalQueryWeight=0.25);rel=1)-default
2022-03-14 00:21:35,937 INFO  [pool-2-thread-11] search.SearchCollection$SearcherThread (SearchCollection.java:269) - 51 topics processed in 00:36:27
2022-03-14 00:21:35,937 INFO  [pool-2-thread-11] search.SearchCollection$SearcherThread (SearchCollection.java:191) - [Start] ranker: bm25(k1=0.9,b=0.4), reranker: sequential-relevance-feedback(Rm3KeyqueryReranker(query_length=6,candidate_terms=9,query_amount=1,originalQueryWeight=0.25);rel=5)-default
2022-03-14 00:27:28,823 INFO  [pool-2-thread-39] search.SearchCollection$SearcherThread (SearchCollection.java:268) - [End  ] ranker: bm25(k1=0.9,b=0.4), reranker: sequential-relevance-feedback(Rm3KeyqueryReranker(query_length=10,candidate_terms=11,query_amount=1,originalQueryWeight=0.25);rel=4)-default
2022-03-14 00:27:28,833 INFO  [pool-2-thread-39] search.SearchCollection$SearcherThread (SearchCollection.java:269) - 51 topics processed in 00:09:33
2022-03-14 00:27:28,833 INFO  [pool-2-thread-39] search.SearchCollection$SearcherThread (SearchCollection.java:191) - [Start] ranker: bm25(k1=0.9,b=0.4), reranker: sequential-relevance-feedback(Rm3KeyqueryReranker(query_length=6,candidate_terms=10,query_amount=1,originalQueryWeight=0.25);rel=5)-default
2022-03-14 00:27:49,008 INFO  [pool-2-thread-5] search.SearchCollection$SearcherThread (SearchCollection.java:268) - [End  ] ranker: bm25(k1=0.9,b=0.4), reranker: sequential-relevance-feedback(Rm3KeyqueryReranker(query_length=9,candidate_terms=11,query_amount=1,originalQueryWeight=0.25);rel=3)-default
2022-03-14 00:27:49,033 INFO  [pool-2-thread-5] search.SearchCollection$SearcherThread (SearchCollection.java:269) - 51 topics processed in 00:34:35
2022-03-14 00:27:49,034 INFO  [pool-2-thread-5] search.SearchCollection$SearcherThread (SearchCollection.java:191) - [Start] ranker: bm25(k1=0.9,b=0.4), reranker: sequential-relevance-feedback(Rm3KeyqueryReranker(query_length=6,candidate_terms=11,query_amount=1,originalQueryWeight=0.25);rel=5)-default
2022-03-14 00:31:07,908 INFO  [pool-2-thread-19] search.SearchCollection$SearcherThread (SearchCollection.java:268) - [End  ] ranker: bm25(k1=0.9,b=0.4), reranker: sequential-relevance-feedback(Rm3KeyqueryReranker(query_length=7,candidate_terms=9,query_amount=1,originalQueryWeight=0.25);rel=4)-default
2022-03-14 00:31:07,929 INFO  [pool-2-thread-19] search.SearchCollection$SearcherThread (SearchCollection.java:269) - 51 topics processed in 00:26:12
2022-03-14 00:31:07,930 INFO  [pool-2-thread-19] search.SearchCollection$SearcherThread (SearchCollection.java:191) - [Start] ranker: bm25(k1=0.9,b=0.4), reranker: sequential-relevance-feedback(Rm3KeyqueryReranker(query_length=7,candidate_terms=8,query_amount=1,originalQueryWeight=0.25);rel=5)-default
2022-03-14 00:33:49,014 INFO  [pool-2-thread-34] search.SearchCollection$SearcherThread (SearchCollection.java:268) - [End  ] ranker: bm25(k1=0.9,b=0.4), reranker: sequential-relevance-feedback(Rm3KeyqueryReranker(query_length=6,candidate_terms=9,query_amount=1,originalQueryWeight=0.25);rel=3)-default
2022-03-14 00:33:49,018 INFO  [pool-2-thread-34] search.SearchCollection$SearcherThread (SearchCollection.java:269) - 51 topics processed in 00:47:29
2022-03-14 00:33:49,018 INFO  [pool-2-thread-34] search.SearchCollection$SearcherThread (SearchCollection.java:191) - [Start] ranker: bm25(k1=0.9,b=0.4), reranker: sequential-relevance-feedback(Rm3KeyqueryReranker(query_length=7,candidate_terms=9,query_amount=1,originalQueryWeight=0.25);rel=5)-default
2022-03-14 00:34:59,815 INFO  [pool-2-thread-21] search.SearchCollection$SearcherThread (SearchCollection.java:268) - [End  ] ranker: bm25(k1=0.9,b=0.4), reranker: sequential-relevance-feedback(Rm3KeyqueryReranker(query_length=5,candidate_terms=8,query_amount=1,originalQueryWeight=0.25);rel=4)-default
2022-03-14 00:34:59,816 INFO  [pool-2-thread-21] search.SearchCollection$SearcherThread (SearchCollection.java:269) - 51 topics processed in 00:39:09
2022-03-14 00:34:59,829 INFO  [pool-2-thread-21] search.SearchCollection$SearcherThread (SearchCollection.java:191) - [Start] ranker: bm25(k1=0.9,b=0.4), reranker: sequential-relevance-feedback(Rm3KeyqueryReranker(query_length=7,candidate_terms=10,query_amount=1,originalQueryWeight=0.25);rel=5)-default
2022-03-14 00:35:25,392 INFO  [pool-2-thread-23] search.SearchCollection$SearcherThread (SearchCollection.java:268) - [End  ] ranker: bm25(k1=0.9,b=0.4), reranker: sequential-relevance-feedback(Rm3KeyqueryReranker(query_length=5,candidate_terms=9,query_amount=1,originalQueryWeight=0.25);rel=2)-default
2022-03-14 00:35:25,394 INFO  [pool-2-thread-23] search.SearchCollection$SearcherThread (SearchCollection.java:269) - 51 topics processed in 00:50:16
2022-03-14 00:35:25,394 INFO  [pool-2-thread-23] search.SearchCollection$SearcherThread (SearchCollection.java:191) - [Start] ranker: bm25(k1=0.9,b=0.4), reranker: sequential-relevance-feedback(Rm3KeyqueryReranker(query_length=7,candidate_terms=11,query_amount=1,originalQueryWeight=0.25);rel=5)-default
2022-03-14 00:36:31,820 INFO  [pool-2-thread-32] search.SearchCollection$SearcherThread (SearchCollection.java:268) - [End  ] ranker: bm25(k1=0.9,b=0.4), reranker: sequential-relevance-feedback(Rm3KeyqueryReranker(query_length=7,candidate_terms=10,query_amount=1,originalQueryWeight=0.25);rel=2)-default
2022-03-14 00:36:31,821 INFO  [pool-2-thread-32] search.SearchCollection$SearcherThread (SearchCollection.java:269) - 51 topics processed in 00:51:22
2022-03-14 00:36:31,821 INFO  [pool-2-thread-32] search.SearchCollection$SearcherThread (SearchCollection.java:191) - [Start] ranker: bm25(k1=0.9,b=0.4), reranker: sequential-relevance-feedback(Rm3KeyqueryReranker(query_length=8,candidate_terms=8,query_amount=1,originalQueryWeight=0.25);rel=5)-default
2022-03-14 00:38:32,909 INFO  [pool-2-thread-32] search.SearchCollection$SearcherThread (SearchCollection.java:268) - [End  ] ranker: bm25(k1=0.9,b=0.4), reranker: sequential-relevance-feedback(Rm3KeyqueryReranker(query_length=8,candidate_terms=8,query_amount=1,originalQueryWeight=0.25);rel=5)-default
2022-03-14 00:38:32,910 INFO  [pool-2-thread-32] search.SearchCollection$SearcherThread (SearchCollection.java:269) - 51 topics processed in 00:02:01
2022-03-14 00:38:32,910 INFO  [pool-2-thread-32] search.SearchCollection$SearcherThread (SearchCollection.java:191) - [Start] ranker: bm25(k1=0.9,b=0.4), reranker: sequential-relevance-feedback(Rm3KeyqueryReranker(query_length=8,candidate_terms=9,query_amount=1,originalQueryWeight=0.25);rel=5)-default
2022-03-14 00:38:50,707 INFO  [pool-2-thread-19] search.SearchCollection$SearcherThread (SearchCollection.java:268) - [End  ] ranker: bm25(k1=0.9,b=0.4), reranker: sequential-relevance-feedback(Rm3KeyqueryReranker(query_length=7,candidate_terms=8,query_amount=1,originalQueryWeight=0.25);rel=5)-default
2022-03-14 00:38:50,708 INFO  [pool-2-thread-19] search.SearchCollection$SearcherThread (SearchCollection.java:269) - 51 topics processed in 00:07:42
2022-03-14 00:38:50,708 INFO  [pool-2-thread-19] search.SearchCollection$SearcherThread (SearchCollection.java:191) - [Start] ranker: bm25(k1=0.9,b=0.4), reranker: sequential-relevance-feedback(Rm3KeyqueryReranker(query_length=8,candidate_terms=10,query_amount=1,originalQueryWeight=0.25);rel=5)-default
2022-03-14 00:40:56,085 INFO  [pool-2-thread-16] search.SearchCollection$SearcherThread (SearchCollection.java:268) - [End  ] ranker: bm25(k1=0.9,b=0.4), reranker: sequential-relevance-feedback(Rm3KeyqueryReranker(query_length=8,candidate_terms=11,query_amount=1,originalQueryWeight=0.25);rel=1)-default
2022-03-14 00:40:56,087 INFO  [pool-2-thread-16] search.SearchCollection$SearcherThread (SearchCollection.java:269) - 51 topics processed in 00:55:47
2022-03-14 00:40:56,137 INFO  [pool-2-thread-16] search.SearchCollection$SearcherThread (SearchCollection.java:191) - [Start] ranker: bm25(k1=0.9,b=0.4), reranker: sequential-relevance-feedback(Rm3KeyqueryReranker(query_length=8,candidate_terms=11,query_amount=1,originalQueryWeight=0.25);rel=5)-default
2022-03-14 00:43:51,528 INFO  [pool-2-thread-14] search.SearchCollection$SearcherThread (SearchCollection.java:268) - [End  ] ranker: bm25(k1=0.9,b=0.4), reranker: sequential-relevance-feedback(Rm3KeyqueryReranker(query_length=8,candidate_terms=10,query_amount=1,originalQueryWeight=0.25);rel=4)-default
2022-03-14 00:43:51,529 INFO  [pool-2-thread-14] search.SearchCollection$SearcherThread (SearchCollection.java:269) - 51 topics processed in 00:33:54
2022-03-14 00:43:51,529 INFO  [pool-2-thread-14] search.SearchCollection$SearcherThread (SearchCollection.java:191) - [Start] ranker: bm25(k1=0.9,b=0.4), reranker: sequential-relevance-feedback(Rm3KeyqueryReranker(query_length=9,candidate_terms=9,query_amount=1,originalQueryWeight=0.25);rel=5)-default
2022-03-14 00:44:28,097 INFO  [pool-2-thread-27] search.SearchCollection$SearcherThread (SearchCollection.java:268) - [End  ] ranker: bm25(k1=0.9,b=0.4), reranker: sequential-relevance-feedback(Rm3KeyqueryReranker(query_length=6,candidate_terms=8,query_amount=1,originalQueryWeight=0.25);rel=5)-default
2022-03-14 00:44:28,113 INFO  [pool-2-thread-27] search.SearchCollection$SearcherThread (SearchCollection.java:269) - 51 topics processed in 00:24:06
2022-03-14 00:44:28,113 INFO  [pool-2-thread-27] search.SearchCollection$SearcherThread (SearchCollection.java:191) - [Start] ranker: bm25(k1=0.9,b=0.4), reranker: sequential-relevance-feedback(Rm3KeyqueryReranker(query_length=9,candidate_terms=10,query_amount=1,originalQueryWeight=0.25);rel=5)-default
2022-03-14 00:45:47,329 INFO  [pool-2-thread-14] search.SearchCollection$SearcherThread (SearchCollection.java:268) - [End  ] ranker: bm25(k1=0.9,b=0.4), reranker: sequential-relevance-feedback(Rm3KeyqueryReranker(query_length=9,candidate_terms=9,query_amount=1,originalQueryWeight=0.25);rel=5)-default
2022-03-14 00:45:47,353 INFO  [pool-2-thread-14] search.SearchCollection$SearcherThread (SearchCollection.java:269) - 51 topics processed in 00:01:55
2022-03-14 00:45:47,353 INFO  [pool-2-thread-14] search.SearchCollection$SearcherThread (SearchCollection.java:191) - [Start] ranker: bm25(k1=0.9,b=0.4), reranker: sequential-relevance-feedback(Rm3KeyqueryReranker(query_length=9,candidate_terms=11,query_amount=1,originalQueryWeight=0.25);rel=5)-default
2022-03-14 00:46:58,152 INFO  [pool-2-thread-7] search.SearchCollection$SearcherThread (SearchCollection.java:268) - [End  ] ranker: bm25(k1=0.9,b=0.4), reranker: sequential-relevance-feedback(Rm3KeyqueryReranker(query_length=6,candidate_terms=10,query_amount=1,originalQueryWeight=0.25);rel=1)-default
2022-03-14 00:46:58,153 INFO  [pool-2-thread-7] search.SearchCollection$SearcherThread (SearchCollection.java:269) - 51 topics processed in 01:01:49
2022-03-14 00:46:58,153 INFO  [pool-2-thread-7] search.SearchCollection$SearcherThread (SearchCollection.java:191) - [Start] ranker: bm25(k1=0.9,b=0.4), reranker: sequential-relevance-feedback(Rm3KeyqueryReranker(query_length=10,candidate_terms=10,query_amount=1,originalQueryWeight=0.25);rel=5)-default
2022-03-14 00:47:29,621 INFO  [pool-2-thread-32] search.SearchCollection$SearcherThread (SearchCollection.java:268) - [End  ] ranker: bm25(k1=0.9,b=0.4), reranker: sequential-relevance-feedback(Rm3KeyqueryReranker(query_length=8,candidate_terms=9,query_amount=1,originalQueryWeight=0.25);rel=5)-default
2022-03-14 00:47:29,622 INFO  [pool-2-thread-32] search.SearchCollection$SearcherThread (SearchCollection.java:269) - 51 topics processed in 00:08:56
2022-03-14 00:47:29,622 INFO  [pool-2-thread-32] search.SearchCollection$SearcherThread (SearchCollection.java:191) - [Start] ranker: bm25(k1=0.9,b=0.4), reranker: sequential-relevance-feedback(Rm3KeyqueryReranker(query_length=10,candidate_terms=11,query_amount=1,originalQueryWeight=0.25);rel=5)-default
2022-03-14 00:49:03,371 INFO  [pool-2-thread-7] search.SearchCollection$SearcherThread (SearchCollection.java:268) - [End  ] ranker: bm25(k1=0.9,b=0.4), reranker: sequential-relevance-feedback(Rm3KeyqueryReranker(query_length=10,candidate_terms=10,query_amount=1,originalQueryWeight=0.25);rel=5)-default
2022-03-14 00:49:03,389 INFO  [pool-2-thread-7] search.SearchCollection$SearcherThread (SearchCollection.java:269) - 51 topics processed in 00:02:05
2022-03-14 00:53:52,967 INFO  [pool-2-thread-27] search.SearchCollection$SearcherThread (SearchCollection.java:268) - [End  ] ranker: bm25(k1=0.9,b=0.4), reranker: sequential-relevance-feedback(Rm3KeyqueryReranker(query_length=9,candidate_terms=10,query_amount=1,originalQueryWeight=0.25);rel=5)-default
2022-03-14 00:53:52,981 INFO  [pool-2-thread-27] search.SearchCollection$SearcherThread (SearchCollection.java:269) - 51 topics processed in 00:09:24
2022-03-14 00:54:43,903 INFO  [pool-2-thread-3] search.SearchCollection$SearcherThread (SearchCollection.java:268) - [End  ] ranker: bm25(k1=0.9,b=0.4), reranker: sequential-relevance-feedback(Rm3KeyqueryReranker(query_length=5,candidate_terms=10,query_amount=1,originalQueryWeight=0.25);rel=1)-default
2022-03-14 00:54:43,904 INFO  [pool-2-thread-3] search.SearchCollection$SearcherThread (SearchCollection.java:269) - 51 topics processed in 01:09:35
2022-03-14 00:56:43,914 INFO  [pool-2-thread-44] search.SearchCollection$SearcherThread (SearchCollection.java:268) - [End  ] ranker: bm25(k1=0.9,b=0.4), reranker: sequential-relevance-feedback(Rm3KeyqueryReranker(query_length=5,candidate_terms=9,query_amount=1,originalQueryWeight=0.25);rel=3)-default
2022-03-14 00:56:43,929 INFO  [pool-2-thread-44] search.SearchCollection$SearcherThread (SearchCollection.java:269) - 51 topics processed in 01:11:35
2022-03-14 00:57:09,669 INFO  [pool-2-thread-43] search.SearchCollection$SearcherThread (SearchCollection.java:268) - [End  ] ranker: bm25(k1=0.9,b=0.4), reranker: sequential-relevance-feedback(Rm3KeyqueryReranker(query_length=9,candidate_terms=11,query_amount=1,originalQueryWeight=0.25);rel=4)-default
2022-03-14 00:57:09,670 INFO  [pool-2-thread-43] search.SearchCollection$SearcherThread (SearchCollection.java:269) - 51 topics processed in 00:40:59
2022-03-14 00:57:57,964 INFO  [pool-2-thread-32] search.SearchCollection$SearcherThread (SearchCollection.java:268) - [End  ] ranker: bm25(k1=0.9,b=0.4), reranker: sequential-relevance-feedback(Rm3KeyqueryReranker(query_length=10,candidate_terms=11,query_amount=1,originalQueryWeight=0.25);rel=5)-default
2022-03-14 00:57:57,997 INFO  [pool-2-thread-32] search.SearchCollection$SearcherThread (SearchCollection.java:269) - 51 topics processed in 00:10:28
2022-03-14 00:58:13,699 INFO  [pool-2-thread-1] search.SearchCollection$SearcherThread (SearchCollection.java:268) - [End  ] ranker: bm25(k1=0.9,b=0.4), reranker: sequential-relevance-feedback(Rm3KeyqueryReranker(query_length=6,candidate_terms=9,query_amount=1,originalQueryWeight=0.25);rel=4)-default
2022-03-14 00:58:13,713 INFO  [pool-2-thread-1] search.SearchCollection$SearcherThread (SearchCollection.java:269) - 51 topics processed in 00:58:02
2022-03-14 00:59:34,762 INFO  [pool-2-thread-37] search.SearchCollection$SearcherThread (SearchCollection.java:268) - [End  ] ranker: bm25(k1=0.9,b=0.4), reranker: sequential-relevance-feedback(Rm3KeyqueryReranker(query_length=8,candidate_terms=11,query_amount=1,originalQueryWeight=0.25);rel=2)-default
2022-03-14 00:59:34,763 INFO  [pool-2-thread-37] search.SearchCollection$SearcherThread (SearchCollection.java:269) - 51 topics processed in 01:14:25
2022-03-14 01:00:49,868 INFO  [pool-2-thread-30] search.SearchCollection$SearcherThread (SearchCollection.java:268) - [End  ] ranker: bm25(k1=0.9,b=0.4), reranker: sequential-relevance-feedback(Rm3KeyqueryReranker(query_length=7,candidate_terms=10,query_amount=1,originalQueryWeight=0.25);rel=3)-default
2022-03-14 01:00:49,885 INFO  [pool-2-thread-30] search.SearchCollection$SearcherThread (SearchCollection.java:269) - 51 topics processed in 01:11:42
2022-03-14 01:02:29,490 INFO  [pool-2-thread-6] search.SearchCollection$SearcherThread (SearchCollection.java:268) - [End  ] ranker: bm25(k1=0.9,b=0.4), reranker: sequential-relevance-feedback(Rm3KeyqueryReranker(query_length=5,candidate_terms=8,query_amount=1,originalQueryWeight=0.25);rel=5)-default
2022-03-14 01:02:29,493 INFO  [pool-2-thread-6] search.SearchCollection$SearcherThread (SearchCollection.java:269) - 51 topics processed in 00:44:05
2022-03-14 01:03:35,749 INFO  [pool-2-thread-34] search.SearchCollection$SearcherThread (SearchCollection.java:268) - [End  ] ranker: bm25(k1=0.9,b=0.4), reranker: sequential-relevance-feedback(Rm3KeyqueryReranker(query_length=7,candidate_terms=9,query_amount=1,originalQueryWeight=0.25);rel=5)-default
2022-03-14 01:03:35,750 INFO  [pool-2-thread-34] search.SearchCollection$SearcherThread (SearchCollection.java:269) - 51 topics processed in 00:29:46
2022-03-14 01:10:05,665 INFO  [pool-2-thread-28] search.SearchCollection$SearcherThread (SearchCollection.java:268) - [End  ] ranker: bm25(k1=0.9,b=0.4), reranker: sequential-relevance-feedback(Rm3KeyqueryReranker(query_length=6,candidate_terms=10,query_amount=1,originalQueryWeight=0.25);rel=2)-default
2022-03-14 01:10:05,674 INFO  [pool-2-thread-28] search.SearchCollection$SearcherThread (SearchCollection.java:269) - 51 topics processed in 01:24:56
2022-03-14 01:13:37,845 INFO  [pool-2-thread-19] search.SearchCollection$SearcherThread (SearchCollection.java:268) - [End  ] ranker: bm25(k1=0.9,b=0.4), reranker: sequential-relevance-feedback(Rm3KeyqueryReranker(query_length=8,candidate_terms=10,query_amount=1,originalQueryWeight=0.25);rel=5)-default
2022-03-14 01:13:37,845 INFO  [pool-2-thread-19] search.SearchCollection$SearcherThread (SearchCollection.java:269) - 51 topics processed in 00:34:47
2022-03-14 01:16:39,589 INFO  [pool-2-thread-10] search.SearchCollection$SearcherThread (SearchCollection.java:268) - [End  ] ranker: bm25(k1=0.9,b=0.4), reranker: sequential-relevance-feedback(Rm3KeyqueryReranker(query_length=5,candidate_terms=9,query_amount=1,originalQueryWeight=0.25);rel=4)-default
2022-03-14 01:16:39,590 INFO  [pool-2-thread-10] search.SearchCollection$SearcherThread (SearchCollection.java:269) - 51 topics processed in 01:20:32
2022-03-14 01:19:45,322 INFO  [pool-2-thread-24] search.SearchCollection$SearcherThread (SearchCollection.java:268) - [End  ] ranker: bm25(k1=0.9,b=0.4), reranker: sequential-relevance-feedback(Rm3KeyqueryReranker(query_length=5,candidate_terms=10,query_amount=1,originalQueryWeight=0.25);rel=2)-default
2022-03-14 01:19:45,323 INFO  [pool-2-thread-24] search.SearchCollection$SearcherThread (SearchCollection.java:269) - 51 topics processed in 01:34:36
2022-03-14 01:20:53,885 INFO  [pool-2-thread-11] search.SearchCollection$SearcherThread (SearchCollection.java:268) - [End  ] ranker: bm25(k1=0.9,b=0.4), reranker: sequential-relevance-feedback(Rm3KeyqueryReranker(query_length=6,candidate_terms=9,query_amount=1,originalQueryWeight=0.25);rel=5)-default
2022-03-14 01:20:53,885 INFO  [pool-2-thread-11] search.SearchCollection$SearcherThread (SearchCollection.java:269) - 51 topics processed in 00:59:17
2022-03-14 01:21:35,381 INFO  [pool-2-thread-12] search.SearchCollection$SearcherThread (SearchCollection.java:268) - [End  ] ranker: bm25(k1=0.9,b=0.4), reranker: sequential-relevance-feedback(Rm3KeyqueryReranker(query_length=7,candidate_terms=11,query_amount=1,originalQueryWeight=0.25);rel=1)-default
2022-03-14 01:21:35,397 INFO  [pool-2-thread-12] search.SearchCollection$SearcherThread (SearchCollection.java:269) - 51 topics processed in 01:36:26
2022-03-14 01:22:49,921 INFO  [pool-2-thread-36] search.SearchCollection$SearcherThread (SearchCollection.java:268) - [End  ] ranker: bm25(k1=0.9,b=0.4), reranker: sequential-relevance-feedback(Rm3KeyqueryReranker(query_length=7,candidate_terms=10,query_amount=1,originalQueryWeight=0.25);rel=4)-default
2022-03-14 01:22:49,922 INFO  [pool-2-thread-36] search.SearchCollection$SearcherThread (SearchCollection.java:269) - 51 topics processed in 01:17:48
2022-03-14 01:22:59,716 INFO  [pool-2-thread-35] search.SearchCollection$SearcherThread (SearchCollection.java:268) - [End  ] ranker: bm25(k1=0.9,b=0.4), reranker: sequential-relevance-feedback(Rm3KeyqueryReranker(query_length=8,candidate_terms=11,query_amount=1,originalQueryWeight=0.25);rel=3)-default
2022-03-14 01:22:59,716 INFO  [pool-2-thread-35] search.SearchCollection$SearcherThread (SearchCollection.java:269) - 51 topics processed in 01:31:56
2022-03-14 01:23:46,460 INFO  [pool-2-thread-14] search.SearchCollection$SearcherThread (SearchCollection.java:268) - [End  ] ranker: bm25(k1=0.9,b=0.4), reranker: sequential-relevance-feedback(Rm3KeyqueryReranker(query_length=9,candidate_terms=11,query_amount=1,originalQueryWeight=0.25);rel=5)-default
2022-03-14 01:23:46,460 INFO  [pool-2-thread-14] search.SearchCollection$SearcherThread (SearchCollection.java:269) - 51 topics processed in 00:37:59
2022-03-14 01:32:11,924 INFO  [pool-2-thread-38] search.SearchCollection$SearcherThread (SearchCollection.java:268) - [End  ] ranker: bm25(k1=0.9,b=0.4), reranker: sequential-relevance-feedback(Rm3KeyqueryReranker(query_length=6,candidate_terms=10,query_amount=1,originalQueryWeight=0.25);rel=3)-default
2022-03-14 01:32:11,926 INFO  [pool-2-thread-38] search.SearchCollection$SearcherThread (SearchCollection.java:269) - 51 topics processed in 01:45:48
2022-03-14 01:35:02,305 INFO  [pool-2-thread-4] search.SearchCollection$SearcherThread (SearchCollection.java:268) - [End  ] ranker: bm25(k1=0.9,b=0.4), reranker: sequential-relevance-feedback(Rm3KeyqueryReranker(query_length=5,candidate_terms=11,query_amount=1,originalQueryWeight=0.25);rel=1)-default
2022-03-14 01:35:02,306 INFO  [pool-2-thread-4] search.SearchCollection$SearcherThread (SearchCollection.java:269) - 51 topics processed in 01:49:53
2022-03-14 01:37:12,102 INFO  [pool-2-thread-2] search.SearchCollection$SearcherThread (SearchCollection.java:268) - [End  ] ranker: bm25(k1=0.9,b=0.4), reranker: sequential-relevance-feedback(Rm3KeyqueryReranker(query_length=5,candidate_terms=9,query_amount=1,originalQueryWeight=0.25);rel=5)-default
2022-03-14 01:37:12,107 INFO  [pool-2-thread-2] search.SearchCollection$SearcherThread (SearchCollection.java:269) - 51 topics processed in 01:18:20
2022-03-14 01:38:47,376 INFO  [pool-2-thread-8] search.SearchCollection$SearcherThread (SearchCollection.java:268) - [End  ] ranker: bm25(k1=0.9,b=0.4), reranker: sequential-relevance-feedback(Rm3KeyqueryReranker(query_length=6,candidate_terms=11,query_amount=1,originalQueryWeight=0.25);rel=1)-default
2022-03-14 01:38:47,376 INFO  [pool-2-thread-8] search.SearchCollection$SearcherThread (SearchCollection.java:269) - 51 topics processed in 01:53:38
2022-03-14 01:42:17,617 INFO  [pool-2-thread-33] search.SearchCollection$SearcherThread (SearchCollection.java:268) - [End  ] ranker: bm25(k1=0.9,b=0.4), reranker: sequential-relevance-feedback(Rm3KeyqueryReranker(query_length=7,candidate_terms=11,query_amount=1,originalQueryWeight=0.25);rel=2)-default
2022-03-14 01:42:17,618 INFO  [pool-2-thread-33] search.SearchCollection$SearcherThread (SearchCollection.java:269) - 51 topics processed in 01:57:08
2022-03-14 01:42:30,985 INFO  [pool-2-thread-17] search.SearchCollection$SearcherThread (SearchCollection.java:268) - [End  ] ranker: bm25(k1=0.9,b=0.4), reranker: sequential-relevance-feedback(Rm3KeyqueryReranker(query_length=5,candidate_terms=10,query_amount=1,originalQueryWeight=0.25);rel=3)-default
2022-03-14 01:42:30,986 INFO  [pool-2-thread-17] search.SearchCollection$SearcherThread (SearchCollection.java:269) - 51 topics processed in 01:56:14
2022-03-14 01:44:03,275 INFO  [pool-2-thread-9] search.SearchCollection$SearcherThread (SearchCollection.java:268) - [End  ] ranker: bm25(k1=0.9,b=0.4), reranker: sequential-relevance-feedback(Rm3KeyqueryReranker(query_length=8,candidate_terms=11,query_amount=1,originalQueryWeight=0.25);rel=4)-default
2022-03-14 01:44:03,276 INFO  [pool-2-thread-9] search.SearchCollection$SearcherThread (SearchCollection.java:269) - 51 topics processed in 01:33:32
2022-03-14 01:44:17,932 INFO  [pool-2-thread-21] search.SearchCollection$SearcherThread (SearchCollection.java:268) - [End  ] ranker: bm25(k1=0.9,b=0.4), reranker: sequential-relevance-feedback(Rm3KeyqueryReranker(query_length=7,candidate_terms=10,query_amount=1,originalQueryWeight=0.25);rel=5)-default
2022-03-14 01:44:17,932 INFO  [pool-2-thread-21] search.SearchCollection$SearcherThread (SearchCollection.java:269) - 51 topics processed in 01:09:18
2022-03-14 01:51:05,618 INFO  [pool-2-thread-31] search.SearchCollection$SearcherThread (SearchCollection.java:268) - [End  ] ranker: bm25(k1=0.9,b=0.4), reranker: sequential-relevance-feedback(Rm3KeyqueryReranker(query_length=6,candidate_terms=10,query_amount=1,originalQueryWeight=0.25);rel=4)-default
2022-03-14 01:51:05,619 INFO  [pool-2-thread-31] search.SearchCollection$SearcherThread (SearchCollection.java:269) - 51 topics processed in 01:50:38
2022-03-14 02:00:21,950 INFO  [pool-2-thread-26] search.SearchCollection$SearcherThread (SearchCollection.java:268) - [End  ] ranker: bm25(k1=0.9,b=0.4), reranker: sequential-relevance-feedback(Rm3KeyqueryReranker(query_length=5,candidate_terms=10,query_amount=1,originalQueryWeight=0.25);rel=4)-default
2022-03-14 02:00:21,951 INFO  [pool-2-thread-26] search.SearchCollection$SearcherThread (SearchCollection.java:269) - 51 topics processed in 02:03:44
2022-03-14 02:01:08,856 INFO  [pool-2-thread-25] search.SearchCollection$SearcherThread (SearchCollection.java:268) - [End  ] ranker: bm25(k1=0.9,b=0.4), reranker: sequential-relevance-feedback(Rm3KeyqueryReranker(query_length=5,candidate_terms=11,query_amount=1,originalQueryWeight=0.25);rel=2)-default
2022-03-14 02:01:08,857 INFO  [pool-2-thread-25] search.SearchCollection$SearcherThread (SearchCollection.java:269) - 51 topics processed in 02:16:00
2022-03-14 02:03:42,469 INFO  [pool-2-thread-16] search.SearchCollection$SearcherThread (SearchCollection.java:268) - [End  ] ranker: bm25(k1=0.9,b=0.4), reranker: sequential-relevance-feedback(Rm3KeyqueryReranker(query_length=8,candidate_terms=11,query_amount=1,originalQueryWeight=0.25);rel=5)-default
2022-03-14 02:03:42,469 INFO  [pool-2-thread-16] search.SearchCollection$SearcherThread (SearchCollection.java:269) - 51 topics processed in 01:22:46
2022-03-14 02:05:09,039 INFO  [pool-2-thread-29] search.SearchCollection$SearcherThread (SearchCollection.java:268) - [End  ] ranker: bm25(k1=0.9,b=0.4), reranker: sequential-relevance-feedback(Rm3KeyqueryReranker(query_length=6,candidate_terms=11,query_amount=1,originalQueryWeight=0.25);rel=2)-default
2022-03-14 02:05:09,040 INFO  [pool-2-thread-29] search.SearchCollection$SearcherThread (SearchCollection.java:269) - 51 topics processed in 02:20:00
2022-03-14 02:08:53,212 INFO  [pool-2-thread-18] search.SearchCollection$SearcherThread (SearchCollection.java:268) - [End  ] ranker: bm25(k1=0.9,b=0.4), reranker: sequential-relevance-feedback(Rm3KeyqueryReranker(query_length=7,candidate_terms=11,query_amount=1,originalQueryWeight=0.25);rel=3)-default
2022-03-14 02:08:53,214 INFO  [pool-2-thread-18] search.SearchCollection$SearcherThread (SearchCollection.java:269) - 51 topics processed in 02:19:35
2022-03-14 02:11:46,843 INFO  [pool-2-thread-39] search.SearchCollection$SearcherThread (SearchCollection.java:268) - [End  ] ranker: bm25(k1=0.9,b=0.4), reranker: sequential-relevance-feedback(Rm3KeyqueryReranker(query_length=6,candidate_terms=10,query_amount=1,originalQueryWeight=0.25);rel=5)-default
2022-03-14 02:11:46,844 INFO  [pool-2-thread-39] search.SearchCollection$SearcherThread (SearchCollection.java:269) - 51 topics processed in 01:44:17
2022-03-14 02:19:51,755 INFO  [pool-2-thread-15] search.SearchCollection$SearcherThread (SearchCollection.java:268) - [End  ] ranker: bm25(k1=0.9,b=0.4), reranker: sequential-relevance-feedback(Rm3KeyqueryReranker(query_length=5,candidate_terms=10,query_amount=1,originalQueryWeight=0.25);rel=5)-default
2022-03-14 02:19:51,756 INFO  [pool-2-thread-15] search.SearchCollection$SearcherThread (SearchCollection.java:269) - 51 topics processed in 02:00:28
2022-03-14 02:29:13,813 INFO  [pool-2-thread-22] search.SearchCollection$SearcherThread (SearchCollection.java:268) - [End  ] ranker: bm25(k1=0.9,b=0.4), reranker: sequential-relevance-feedback(Rm3KeyqueryReranker(query_length=7,candidate_terms=11,query_amount=1,originalQueryWeight=0.25);rel=4)-default
2022-03-14 02:29:13,814 INFO  [pool-2-thread-22] search.SearchCollection$SearcherThread (SearchCollection.java:269) - 51 topics processed in 02:22:00
2022-03-14 02:31:07,785 INFO  [pool-2-thread-13] search.SearchCollection$SearcherThread (SearchCollection.java:268) - [End  ] ranker: bm25(k1=0.9,b=0.4), reranker: sequential-relevance-feedback(Rm3KeyqueryReranker(query_length=5,candidate_terms=11,query_amount=1,originalQueryWeight=0.25);rel=3)-default
2022-03-14 02:31:07,786 INFO  [pool-2-thread-13] search.SearchCollection$SearcherThread (SearchCollection.java:269) - 51 topics processed in 02:44:51
2022-03-14 02:34:34,401 INFO  [pool-2-thread-41] search.SearchCollection$SearcherThread (SearchCollection.java:268) - [End  ] ranker: bm25(k1=0.9,b=0.4), reranker: sequential-relevance-feedback(Rm3KeyqueryReranker(query_length=6,candidate_terms=11,query_amount=1,originalQueryWeight=0.25);rel=3)-default
2022-03-14 02:34:34,402 INFO  [pool-2-thread-41] search.SearchCollection$SearcherThread (SearchCollection.java:269) - 51 topics processed in 02:48:05
2022-03-14 02:51:46,262 INFO  [pool-2-thread-23] search.SearchCollection$SearcherThread (SearchCollection.java:268) - [End  ] ranker: bm25(k1=0.9,b=0.4), reranker: sequential-relevance-feedback(Rm3KeyqueryReranker(query_length=7,candidate_terms=11,query_amount=1,originalQueryWeight=0.25);rel=5)-default
2022-03-14 02:51:46,262 INFO  [pool-2-thread-23] search.SearchCollection$SearcherThread (SearchCollection.java:269) - 51 topics processed in 02:16:20
2022-03-14 02:55:55,703 INFO  [pool-2-thread-42] search.SearchCollection$SearcherThread (SearchCollection.java:268) - [End  ] ranker: bm25(k1=0.9,b=0.4), reranker: sequential-relevance-feedback(Rm3KeyqueryReranker(query_length=5,candidate_terms=11,query_amount=1,originalQueryWeight=0.25);rel=4)-default
2022-03-14 02:55:55,704 INFO  [pool-2-thread-42] search.SearchCollection$SearcherThread (SearchCollection.java:269) - 51 topics processed in 02:56:13
2022-03-14 02:58:50,166 INFO  [pool-2-thread-20] search.SearchCollection$SearcherThread (SearchCollection.java:268) - [End  ] ranker: bm25(k1=0.9,b=0.4), reranker: sequential-relevance-feedback(Rm3KeyqueryReranker(query_length=6,candidate_terms=11,query_amount=1,originalQueryWeight=0.25);rel=4)-default
2022-03-14 02:58:50,167 INFO  [pool-2-thread-20] search.SearchCollection$SearcherThread (SearchCollection.java:269) - 51 topics processed in 02:56:53
2022-03-14 03:19:08,323 INFO  [pool-2-thread-40] search.SearchCollection$SearcherThread (SearchCollection.java:268) - [End  ] ranker: bm25(k1=0.9,b=0.4), reranker: sequential-relevance-feedback(Rm3KeyqueryReranker(query_length=5,candidate_terms=11,query_amount=1,originalQueryWeight=0.25);rel=5)-default
2022-03-14 03:19:08,324 INFO  [pool-2-thread-40] search.SearchCollection$SearcherThread (SearchCollection.java:269) - 51 topics processed in 02:58:49
2022-03-14 03:24:04,641 INFO  [pool-2-thread-5] search.SearchCollection$SearcherThread (SearchCollection.java:268) - [End  ] ranker: bm25(k1=0.9,b=0.4), reranker: sequential-relevance-feedback(Rm3KeyqueryReranker(query_length=6,candidate_terms=11,query_amount=1,originalQueryWeight=0.25);rel=5)-default
2022-03-14 03:24:04,641 INFO  [pool-2-thread-5] search.SearchCollection$SearcherThread (SearchCollection.java:269) - 51 topics processed in 02:56:15
2022-03-14 03:24:04,802 INFO  [main] search.SearchCollection (SearchCollection.java:1235) - Total run time: 03:38:58
